{"/home/jerome/git_projects/ITU/genie-ai/.claude/worktrees/testing-framework/components/gov-chat-backend/controllers/adminController.js": {"path":"/home/jerome/git_projects/ITU/genie-ai/.claude/worktrees/testing-framework/components/gov-chat-backend/controllers/adminController.js","statementMap":{"0":{"start":{"line":1,"column":30},"end":{"line":1,"column":76}},"1":{"start":{"line":2,"column":20},"end":{"line":2,"column":55}},"2":{"start":{"line":3,"column":39},"end":{"line":3,"column":63}},"3":{"start":{"line":5,"column":24},"end":{"line":301,"column":1}},"4":{"start":{"line":7,"column":4},"end":{"line":26,"column":5}},"5":{"start":{"line":8,"column":36},"end":{"line":8,"column":63}},"6":{"start":{"line":9,"column":6},"end":{"line":9,"column":41}},"7":{"start":{"line":10,"column":6},"end":{"line":10,"column":64}},"8":{"start":{"line":11,"column":25},"end":{"line":11,"column":70}},"9":{"start":{"line":12,"column":6},"end":{"line":18,"column":9}},"10":{"start":{"line":20,"column":6},"end":{"line":20,"column":92}},"11":{"start":{"line":21,"column":6},"end":{"line":25,"column":9}},"12":{"start":{"line":30,"column":4},"end":{"line":49,"column":5}},"13":{"start":{"line":31,"column":36},"end":{"line":31,"column":63}},"14":{"start":{"line":32,"column":6},"end":{"line":32,"column":41}},"15":{"start":{"line":33,"column":6},"end":{"line":33,"column":62}},"16":{"start":{"line":34,"column":22},"end":{"line":34,"column":68}},"17":{"start":{"line":35,"column":6},"end":{"line":41,"column":9}},"18":{"start":{"line":43,"column":6},"end":{"line":43,"column":93}},"19":{"start":{"line":44,"column":6},"end":{"line":48,"column":9}},"20":{"start":{"line":53,"column":4},"end":{"line":66,"column":5}},"21":{"start":{"line":54,"column":40},"end":{"line":54,"column":71}},"22":{"start":{"line":55,"column":6},"end":{"line":55,"column":45}},"23":{"start":{"line":56,"column":6},"end":{"line":56,"column":53}},"24":{"start":{"line":57,"column":23},"end":{"line":57,"column":71}},"25":{"start":{"line":58,"column":6},"end":{"line":58,"column":25}},"26":{"start":{"line":60,"column":6},"end":{"line":60,"column":90}},"27":{"start":{"line":61,"column":6},"end":{"line":65,"column":9}},"28":{"start":{"line":70,"column":4},"end":{"line":83,"column":5}},"29":{"start":{"line":71,"column":40},"end":{"line":71,"column":71}},"30":{"start":{"line":72,"column":6},"end":{"line":72,"column":45}},"31":{"start":{"line":73,"column":6},"end":{"line":73,"column":53}},"32":{"start":{"line":74,"column":23},"end":{"line":74,"column":73}},"33":{"start":{"line":75,"column":6},"end":{"line":75,"column":25}},"34":{"start":{"line":77,"column":6},"end":{"line":77,"column":90}},"35":{"start":{"line":78,"column":6},"end":{"line":82,"column":9}},"36":{"start":{"line":87,"column":4},"end":{"line":108,"column":5}},"37":{"start":{"line":88,"column":36},"end":{"line":88,"column":63}},"38":{"start":{"line":89,"column":6},"end":{"line":89,"column":41}},"39":{"start":{"line":90,"column":6},"end":{"line":90,"column":54}},"40":{"start":{"line":91,"column":22},"end":{"line":95,"column":7}},"41":{"start":{"line":96,"column":23},"end":{"line":96,"column":67}},"42":{"start":{"line":97,"column":6},"end":{"line":100,"column":9}},"43":{"start":{"line":102,"column":6},"end":{"line":102,"column":84}},"44":{"start":{"line":103,"column":6},"end":{"line":107,"column":9}},"45":{"start":{"line":112,"column":4},"end":{"line":129,"column":5}},"46":{"start":{"line":113,"column":26},"end":{"line":113,"column":43}},"47":{"start":{"line":114,"column":6},"end":{"line":114,"column":31}},"48":{"start":{"line":115,"column":6},"end":{"line":115,"column":55}},"49":{"start":{"line":116,"column":22},"end":{"line":116,"column":31}},"50":{"start":{"line":117,"column":26},"end":{"line":117,"column":67}},"51":{"start":{"line":118,"column":6},"end":{"line":121,"column":9}},"52":{"start":{"line":123,"column":6},"end":{"line":123,"column":92}},"53":{"start":{"line":124,"column":6},"end":{"line":128,"column":9}},"54":{"start":{"line":133,"column":4},"end":{"line":146,"column":5}},"55":{"start":{"line":134,"column":26},"end":{"line":134,"column":43}},"56":{"start":{"line":135,"column":6},"end":{"line":135,"column":31}},"57":{"start":{"line":136,"column":6},"end":{"line":136,"column":48}},"58":{"start":{"line":137,"column":21},"end":{"line":137,"column":60}},"59":{"start":{"line":138,"column":6},"end":{"line":138,"column":30}},"60":{"start":{"line":140,"column":6},"end":{"line":140,"column":85}},"61":{"start":{"line":141,"column":6},"end":{"line":145,"column":9}},"62":{"start":{"line":150,"column":4},"end":{"line":166,"column":5}},"63":{"start":{"line":151,"column":26},"end":{"line":151,"column":43}},"64":{"start":{"line":152,"column":6},"end":{"line":152,"column":31}},"65":{"start":{"line":153,"column":6},"end":{"line":153,"column":58}},"66":{"start":{"line":154,"column":21},"end":{"line":154,"column":59}},"67":{"start":{"line":155,"column":6},"end":{"line":158,"column":9}},"68":{"start":{"line":160,"column":6},"end":{"line":160,"column":95}},"69":{"start":{"line":161,"column":6},"end":{"line":165,"column":9}},"70":{"start":{"line":170,"column":4},"end":{"line":185,"column":5}},"71":{"start":{"line":171,"column":6},"end":{"line":171,"column":57}},"72":{"start":{"line":172,"column":6},"end":{"line":172,"column":27}},"73":{"start":{"line":173,"column":6},"end":{"line":177,"column":9}},"74":{"start":{"line":179,"column":6},"end":{"line":179,"column":88}},"75":{"start":{"line":180,"column":6},"end":{"line":184,"column":9}},"76":{"start":{"line":189,"column":4},"end":{"line":205,"column":5}},"77":{"start":{"line":190,"column":36},"end":{"line":190,"column":63}},"78":{"start":{"line":191,"column":6},"end":{"line":191,"column":41}},"79":{"start":{"line":192,"column":6},"end":{"line":192,"column":58}},"80":{"start":{"line":193,"column":24},"end":{"line":193,"column":66}},"81":{"start":{"line":194,"column":6},"end":{"line":197,"column":9}},"82":{"start":{"line":199,"column":6},"end":{"line":199,"column":90}},"83":{"start":{"line":200,"column":6},"end":{"line":204,"column":9}},"84":{"start":{"line":209,"column":4},"end":{"line":225,"column":5}},"85":{"start":{"line":210,"column":36},"end":{"line":210,"column":63}},"86":{"start":{"line":211,"column":6},"end":{"line":211,"column":41}},"87":{"start":{"line":212,"column":6},"end":{"line":212,"column":59}},"88":{"start":{"line":213,"column":30},"end":{"line":213,"column":78}},"89":{"start":{"line":214,"column":6},"end":{"line":217,"column":9}},"90":{"start":{"line":219,"column":6},"end":{"line":219,"column":96}},"91":{"start":{"line":220,"column":6},"end":{"line":224,"column":9}},"92":{"start":{"line":229,"column":4},"end":{"line":246,"column":5}},"93":{"start":{"line":230,"column":36},"end":{"line":230,"column":63}},"94":{"start":{"line":231,"column":6},"end":{"line":231,"column":41}},"95":{"start":{"line":232,"column":6},"end":{"line":232,"column":55}},"96":{"start":{"line":233,"column":26},"end":{"line":233,"column":71}},"97":{"start":{"line":234,"column":6},"end":{"line":238,"column":9}},"98":{"start":{"line":240,"column":6},"end":{"line":240,"column":92}},"99":{"start":{"line":241,"column":6},"end":{"line":245,"column":9}},"100":{"start":{"line":250,"column":4},"end":{"line":270,"column":5}},"101":{"start":{"line":251,"column":36},"end":{"line":251,"column":63}},"102":{"start":{"line":252,"column":6},"end":{"line":252,"column":41}},"103":{"start":{"line":253,"column":6},"end":{"line":253,"column":60}},"104":{"start":{"line":254,"column":33},"end":{"line":254,"column":77}},"105":{"start":{"line":255,"column":6},"end":{"line":262,"column":9}},"106":{"start":{"line":264,"column":6},"end":{"line":264,"column":90}},"107":{"start":{"line":265,"column":6},"end":{"line":269,"column":9}},"108":{"start":{"line":274,"column":4},"end":{"line":299,"column":5}},"109":{"start":{"line":275,"column":36},"end":{"line":275,"column":63}},"110":{"start":{"line":276,"column":6},"end":{"line":276,"column":41}},"111":{"start":{"line":277,"column":6},"end":{"line":277,"column":49}},"112":{"start":{"line":278,"column":23},"end":{"line":278,"column":54}},"113":{"start":{"line":279,"column":24},"end":{"line":279,"column":55}},"114":{"start":{"line":280,"column":22},"end":{"line":285,"column":7}},"115":{"start":{"line":286,"column":6},"end":{"line":286,"column":70}},"116":{"start":{"line":287,"column":28},"end":{"line":287,"column":76}},"117":{"start":{"line":288,"column":6},"end":{"line":291,"column":9}},"118":{"start":{"line":293,"column":6},"end":{"line":293,"column":86}},"119":{"start":{"line":294,"column":6},"end":{"line":298,"column":9}},"120":{"start":{"line":305,"column":0},"end":{"line":312,"column":1}},"121":{"start":{"line":306,"column":2},"end":{"line":306,"column":81}},"122":{"start":{"line":308,"column":2},"end":{"line":308,"column":91}},"123":{"start":{"line":309,"column":2},"end":{"line":311,"column":4}},"124":{"start":{"line":310,"column":35},"end":{"line":310,"column":107}},"125":{"start":{"line":314,"column":0},"end":{"line":314,"column":33}}},"fnMap":{"0":{"name":"(anonymous_0)","decl":{"start":{"line":6,"column":2},"end":{"line":6,"column":3}},"loc":{"start":{"line":6,"column":34},"end":{"line":27,"column":3}},"line":6},"1":{"name":"(anonymous_1)","decl":{"start":{"line":29,"column":2},"end":{"line":29,"column":3}},"loc":{"start":{"line":29,"column":35},"end":{"line":50,"column":3}},"line":29},"2":{"name":"(anonymous_2)","decl":{"start":{"line":52,"column":2},"end":{"line":52,"column":3}},"loc":{"start":{"line":52,"column":33},"end":{"line":67,"column":3}},"line":52},"3":{"name":"(anonymous_3)","decl":{"start":{"line":69,"column":2},"end":{"line":69,"column":3}},"loc":{"start":{"line":69,"column":35},"end":{"line":84,"column":3}},"line":69},"4":{"name":"(anonymous_4)","decl":{"start":{"line":86,"column":2},"end":{"line":86,"column":3}},"loc":{"start":{"line":86,"column":26},"end":{"line":109,"column":3}},"line":86},"5":{"name":"(anonymous_5)","decl":{"start":{"line":111,"column":2},"end":{"line":111,"column":3}},"loc":{"start":{"line":111,"column":33},"end":{"line":130,"column":3}},"line":111},"6":{"name":"(anonymous_6)","decl":{"start":{"line":132,"column":2},"end":{"line":132,"column":3}},"loc":{"start":{"line":132,"column":29},"end":{"line":147,"column":3}},"line":132},"7":{"name":"(anonymous_7)","decl":{"start":{"line":149,"column":2},"end":{"line":149,"column":3}},"loc":{"start":{"line":149,"column":37},"end":{"line":167,"column":3}},"line":149},"8":{"name":"(anonymous_8)","decl":{"start":{"line":169,"column":2},"end":{"line":169,"column":3}},"loc":{"start":{"line":169,"column":31},"end":{"line":186,"column":3}},"line":169},"9":{"name":"(anonymous_9)","decl":{"start":{"line":188,"column":2},"end":{"line":188,"column":3}},"loc":{"start":{"line":188,"column":31},"end":{"line":206,"column":3}},"line":188},"10":{"name":"(anonymous_10)","decl":{"start":{"line":208,"column":2},"end":{"line":208,"column":3}},"loc":{"start":{"line":208,"column":37},"end":{"line":226,"column":3}},"line":208},"11":{"name":"(anonymous_11)","decl":{"start":{"line":228,"column":2},"end":{"line":228,"column":3}},"loc":{"start":{"line":228,"column":34},"end":{"line":247,"column":3}},"line":228},"12":{"name":"(anonymous_12)","decl":{"start":{"line":249,"column":2},"end":{"line":249,"column":3}},"loc":{"start":{"line":249,"column":33},"end":{"line":271,"column":3}},"line":249},"13":{"name":"(anonymous_13)","decl":{"start":{"line":273,"column":2},"end":{"line":273,"column":3}},"loc":{"start":{"line":273,"column":30},"end":{"line":300,"column":3}},"line":273},"14":{"name":"(anonymous_14)","decl":{"start":{"line":310,"column":22},"end":{"line":310,"column":23}},"loc":{"start":{"line":310,"column":35},"end":{"line":310,"column":107}},"line":310}},"branchMap":{"0":{"loc":{"start":{"line":92,"column":15},"end":{"line":92,"column":37}},"type":"binary-expr","locations":[{"start":{"line":92,"column":15},"end":{"line":92,"column":30}},{"start":{"line":92,"column":34},"end":{"line":92,"column":37}}],"line":92},"1":{"loc":{"start":{"line":278,"column":32},"end":{"line":278,"column":53}},"type":"binary-expr","locations":[{"start":{"line":278,"column":32},"end":{"line":278,"column":47}},{"start":{"line":278,"column":51},"end":{"line":278,"column":53}}],"line":278},"2":{"loc":{"start":{"line":279,"column":33},"end":{"line":279,"column":54}},"type":"binary-expr","locations":[{"start":{"line":279,"column":33},"end":{"line":279,"column":49}},{"start":{"line":279,"column":53},"end":{"line":279,"column":54}}],"line":279},"3":{"loc":{"start":{"line":281,"column":14},"end":{"line":281,"column":34}},"type":"binary-expr","locations":[{"start":{"line":281,"column":14},"end":{"line":281,"column":28}},{"start":{"line":281,"column":32},"end":{"line":281,"column":34}}],"line":281},"4":{"loc":{"start":{"line":282,"column":15},"end":{"line":282,"column":39}},"type":"binary-expr","locations":[{"start":{"line":282,"column":15},"end":{"line":282,"column":30}},{"start":{"line":282,"column":34},"end":{"line":282,"column":39}}],"line":282},"5":{"loc":{"start":{"line":283,"column":15},"end":{"line":283,"column":46}},"type":"cond-expr","locations":[{"start":{"line":283,"column":33},"end":{"line":283,"column":35}},{"start":{"line":283,"column":38},"end":{"line":283,"column":46}}],"line":283},"6":{"loc":{"start":{"line":284,"column":16},"end":{"line":284,"column":48}},"type":"cond-expr","locations":[{"start":{"line":284,"column":35},"end":{"line":284,"column":36}},{"start":{"line":284,"column":39},"end":{"line":284,"column":48}}],"line":284}},"s":{"0":0,"1":0,"2":0,"3":0,"4":0,"5":0,"6":0,"7":0,"8":0,"9":0,"10":0,"11":0,"12":0,"13":0,"14":0,"15":0,"16":0,"17":0,"18":0,"19":0,"20":0,"21":0,"22":0,"23":0,"24":0,"25":0,"26":0,"27":0,"28":0,"29":0,"30":0,"31":0,"32":0,"33":0,"34":0,"35":0,"36":0,"37":0,"38":0,"39":0,"40":0,"41":0,"42":0,"43":0,"44":0,"45":0,"46":0,"47":0,"48":0,"49":0,"50":0,"51":0,"52":0,"53":0,"54":0,"55":0,"56":0,"57":0,"58":0,"59":0,"60":0,"61":0,"62":0,"63":0,"64":0,"65":0,"66":0,"67":0,"68":0,"69":0,"70":0,"71":0,"72":0,"73":0,"74":0,"75":0,"76":0,"77":0,"78":0,"79":0,"80":0,"81":0,"82":0,"83":0,"84":0,"85":0,"86":0,"87":0,"88":0,"89":0,"90":0,"91":0,"92":0,"93":0,"94":0,"95":0,"96":0,"97":0,"98":0,"99":0,"100":0,"101":0,"102":0,"103":0,"104":0,"105":0,"106":0,"107":0,"108":0,"109":0,"110":0,"111":0,"112":0,"113":0,"114":0,"115":0,"116":0,"117":0,"118":0,"119":0,"120":0,"121":0,"122":0,"123":0,"124":0,"125":0},"f":{"0":0,"1":0,"2":0,"3":0,"4":0,"5":0,"6":0,"7":0,"8":0,"9":0,"10":0,"11":0,"12":0,"13":0,"14":0},"b":{"0":[0,0],"1":[0,0],"2":[0,0],"3":[0,0],"4":[0,0],"5":[0,0],"6":[0,0]}}
,"/home/jerome/git_projects/ITU/genie-ai/.claude/worktrees/testing-framework/components/gov-chat-backend/controllers/analyticsController.js": {"path":"/home/jerome/git_projects/ITU/genie-ai/.claude/worktrees/testing-framework/components/gov-chat-backend/controllers/analyticsController.js","statementMap":{"0":{"start":{"line":1,"column":19},"end":{"line":1,"column":43}},"1":{"start":{"line":11,"column":4},"end":{"line":13,"column":5}},"2":{"start":{"line":12,"column":6},"end":{"line":12,"column":82}},"3":{"start":{"line":14,"column":4},"end":{"line":14,"column":45}},"4":{"start":{"line":15,"column":4},"end":{"line":17,"column":7}},"5":{"start":{"line":16,"column":97},"end":{"line":16,"column":116}},"6":{"start":{"line":26,"column":4},"end":{"line":46,"column":5}},"7":{"start":{"line":27,"column":6},"end":{"line":27,"column":50}},"8":{"start":{"line":28,"column":45},"end":{"line":28,"column":54}},"9":{"start":{"line":31,"column":6},"end":{"line":36,"column":7}},"10":{"start":{"line":32,"column":8},"end":{"line":32,"column":87}},"11":{"start":{"line":33,"column":8},"end":{"line":35,"column":11}},"12":{"start":{"line":39,"column":28},"end":{"line":39,"column":105}},"13":{"start":{"line":41,"column":6},"end":{"line":41,"column":64}},"14":{"start":{"line":42,"column":6},"end":{"line":42,"column":30}},"15":{"start":{"line":44,"column":6},"end":{"line":44,"column":95}},"16":{"start":{"line":45,"column":6},"end":{"line":45,"column":80}},"17":{"start":{"line":55,"column":4},"end":{"line":142,"column":5}},"18":{"start":{"line":56,"column":6},"end":{"line":56,"column":59}},"19":{"start":{"line":57,"column":25},"end":{"line":57,"column":35}},"20":{"start":{"line":58,"column":37},"end":{"line":58,"column":46}},"21":{"start":{"line":61,"column":6},"end":{"line":66,"column":7}},"22":{"start":{"line":62,"column":8},"end":{"line":62,"column":87}},"23":{"start":{"line":63,"column":8},"end":{"line":65,"column":11}},"24":{"start":{"line":69,"column":18},"end":{"line":69,"column":22}},"25":{"start":{"line":72,"column":6},"end":{"line":113,"column":7}},"26":{"start":{"line":75,"column":32},"end":{"line":75,"column":101}},"27":{"start":{"line":76,"column":10},"end":{"line":76,"column":46}},"28":{"start":{"line":77,"column":10},"end":{"line":77,"column":66}},"29":{"start":{"line":78,"column":10},"end":{"line":78,"column":16}},"30":{"start":{"line":83,"column":10},"end":{"line":83,"column":86}},"31":{"start":{"line":84,"column":10},"end":{"line":84,"column":65}},"32":{"start":{"line":85,"column":10},"end":{"line":85,"column":16}},"33":{"start":{"line":89,"column":33},"end":{"line":89,"column":102}},"34":{"start":{"line":91,"column":10},"end":{"line":98,"column":11}},"35":{"start":{"line":92,"column":12},"end":{"line":92,"column":59}},"36":{"start":{"line":93,"column":12},"end":{"line":93,"column":77}},"37":{"start":{"line":96,"column":12},"end":{"line":96,"column":24}},"38":{"start":{"line":97,"column":12},"end":{"line":97,"column":89}},"39":{"start":{"line":99,"column":10},"end":{"line":99,"column":16}},"40":{"start":{"line":104,"column":28},"end":{"line":104,"column":100}},"41":{"start":{"line":105,"column":10},"end":{"line":105,"column":41}},"42":{"start":{"line":106,"column":10},"end":{"line":106,"column":64}},"43":{"start":{"line":107,"column":10},"end":{"line":107,"column":16}},"44":{"start":{"line":111,"column":10},"end":{"line":111,"column":55}},"45":{"start":{"line":112,"column":10},"end":{"line":112,"column":82}},"46":{"start":{"line":116,"column":6},"end":{"line":135,"column":7}},"47":{"start":{"line":117,"column":8},"end":{"line":134,"column":9}},"48":{"start":{"line":119,"column":12},"end":{"line":119,"column":25}},"49":{"start":{"line":120,"column":12},"end":{"line":120,"column":76}},"50":{"start":{"line":121,"column":12},"end":{"line":121,"column":18}},"51":{"start":{"line":123,"column":12},"end":{"line":123,"column":24}},"52":{"start":{"line":124,"column":12},"end":{"line":124,"column":74}},"53":{"start":{"line":125,"column":12},"end":{"line":125,"column":18}},"54":{"start":{"line":127,"column":12},"end":{"line":127,"column":24}},"55":{"start":{"line":128,"column":12},"end":{"line":128,"column":91}},"56":{"start":{"line":129,"column":12},"end":{"line":129,"column":18}},"57":{"start":{"line":131,"column":12},"end":{"line":131,"column":25}},"58":{"start":{"line":132,"column":12},"end":{"line":132,"column":81}},"59":{"start":{"line":133,"column":12},"end":{"line":133,"column":18}},"60":{"start":{"line":137,"column":6},"end":{"line":137,"column":82}},"61":{"start":{"line":138,"column":6},"end":{"line":138,"column":34}},"62":{"start":{"line":140,"column":6},"end":{"line":140,"column":108}},"63":{"start":{"line":141,"column":6},"end":{"line":141,"column":72}},"64":{"start":{"line":151,"column":4},"end":{"line":191,"column":5}},"65":{"start":{"line":152,"column":6},"end":{"line":152,"column":89}},"66":{"start":{"line":153,"column":29},"end":{"line":153,"column":39}},"67":{"start":{"line":154,"column":47},"end":{"line":154,"column":56}},"68":{"start":{"line":157,"column":6},"end":{"line":162,"column":7}},"69":{"start":{"line":158,"column":8},"end":{"line":158,"column":98}},"70":{"start":{"line":159,"column":8},"end":{"line":161,"column":11}},"71":{"start":{"line":165,"column":29},"end":{"line":165,"column":69}},"72":{"start":{"line":166,"column":6},"end":{"line":171,"column":7}},"73":{"start":{"line":167,"column":8},"end":{"line":167,"column":99}},"74":{"start":{"line":168,"column":8},"end":{"line":170,"column":11}},"75":{"start":{"line":174,"column":29},"end":{"line":174,"column":116}},"76":{"start":{"line":177,"column":28},"end":{"line":184,"column":9}},"77":{"start":{"line":177,"column":58},"end":{"line":184,"column":7}},"78":{"start":{"line":186,"column":6},"end":{"line":186,"column":102}},"79":{"start":{"line":187,"column":6},"end":{"line":187,"column":30}},"80":{"start":{"line":189,"column":6},"end":{"line":189,"column":120}},"81":{"start":{"line":190,"column":6},"end":{"line":190,"column":77}},"82":{"start":{"line":200,"column":4},"end":{"line":220,"column":5}},"83":{"start":{"line":201,"column":6},"end":{"line":201,"column":54}},"84":{"start":{"line":202,"column":45},"end":{"line":202,"column":54}},"85":{"start":{"line":205,"column":6},"end":{"line":210,"column":7}},"86":{"start":{"line":206,"column":8},"end":{"line":206,"column":87}},"87":{"start":{"line":207,"column":8},"end":{"line":209,"column":11}},"88":{"start":{"line":213,"column":24},"end":{"line":213,"column":104}},"89":{"start":{"line":215,"column":6},"end":{"line":215,"column":68}},"90":{"start":{"line":216,"column":6},"end":{"line":216,"column":26}},"91":{"start":{"line":218,"column":6},"end":{"line":218,"column":94}},"92":{"start":{"line":219,"column":6},"end":{"line":219,"column":84}},"93":{"start":{"line":229,"column":4},"end":{"line":249,"column":5}},"94":{"start":{"line":230,"column":6},"end":{"line":230,"column":56}},"95":{"start":{"line":231,"column":45},"end":{"line":231,"column":54}},"96":{"start":{"line":234,"column":6},"end":{"line":239,"column":7}},"97":{"start":{"line":235,"column":8},"end":{"line":235,"column":87}},"98":{"start":{"line":236,"column":8},"end":{"line":238,"column":11}},"99":{"start":{"line":242,"column":26},"end":{"line":242,"column":108}},"100":{"start":{"line":244,"column":6},"end":{"line":244,"column":70}},"101":{"start":{"line":245,"column":6},"end":{"line":245,"column":28}},"102":{"start":{"line":247,"column":6},"end":{"line":247,"column":96}},"103":{"start":{"line":248,"column":6},"end":{"line":248,"column":86}},"104":{"start":{"line":253,"column":0},"end":{"line":253,"column":37}}},"fnMap":{"0":{"name":"(anonymous_0)","decl":{"start":{"line":10,"column":2},"end":{"line":10,"column":3}},"loc":{"start":{"line":10,"column":32},"end":{"line":18,"column":3}},"line":10},"1":{"name":"(anonymous_1)","decl":{"start":{"line":16,"column":90},"end":{"line":16,"column":91}},"loc":{"start":{"line":16,"column":97},"end":{"line":16,"column":116}},"line":16},"2":{"name":"(anonymous_2)","decl":{"start":{"line":25,"column":2},"end":{"line":25,"column":3}},"loc":{"start":{"line":25,"column":40},"end":{"line":47,"column":3}},"line":25},"3":{"name":"(anonymous_3)","decl":{"start":{"line":54,"column":2},"end":{"line":54,"column":3}},"loc":{"start":{"line":54,"column":28},"end":{"line":143,"column":3}},"line":54},"4":{"name":"(anonymous_4)","decl":{"start":{"line":150,"column":2},"end":{"line":150,"column":3}},"loc":{"start":{"line":150,"column":36},"end":{"line":192,"column":3}},"line":150},"5":{"name":"(anonymous_5)","decl":{"start":{"line":177,"column":47},"end":{"line":177,"column":48}},"loc":{"start":{"line":177,"column":58},"end":{"line":184,"column":7}},"line":177},"6":{"name":"(anonymous_6)","decl":{"start":{"line":199,"column":2},"end":{"line":199,"column":3}},"loc":{"start":{"line":199,"column":39},"end":{"line":221,"column":3}},"line":199},"7":{"name":"(anonymous_7)","decl":{"start":{"line":228,"column":2},"end":{"line":228,"column":3}},"loc":{"start":{"line":228,"column":41},"end":{"line":250,"column":3}},"line":228}},"branchMap":{"0":{"loc":{"start":{"line":11,"column":4},"end":{"line":13,"column":5}},"type":"if","locations":[{"start":{"line":11,"column":4},"end":{"line":13,"column":5}},{"start":{},"end":{}}],"line":11},"1":{"loc":{"start":{"line":11,"column":8},"end":{"line":11,"column":89}},"type":"binary-expr","locations":[{"start":{"line":11,"column":8},"end":{"line":11,"column":25}},{"start":{"line":11,"column":29},"end":{"line":11,"column":89}}],"line":11},"2":{"loc":{"start":{"line":31,"column":6},"end":{"line":36,"column":7}},"type":"if","locations":[{"start":{"line":31,"column":6},"end":{"line":36,"column":7}},{"start":{},"end":{}}],"line":31},"3":{"loc":{"start":{"line":31,"column":10},"end":{"line":31,"column":32}},"type":"binary-expr","locations":[{"start":{"line":31,"column":10},"end":{"line":31,"column":20}},{"start":{"line":31,"column":24},"end":{"line":31,"column":32}}],"line":31},"4":{"loc":{"start":{"line":61,"column":6},"end":{"line":66,"column":7}},"type":"if","locations":[{"start":{"line":61,"column":6},"end":{"line":66,"column":7}},{"start":{},"end":{}}],"line":61},"5":{"loc":{"start":{"line":61,"column":10},"end":{"line":61,"column":32}},"type":"binary-expr","locations":[{"start":{"line":61,"column":10},"end":{"line":61,"column":20}},{"start":{"line":61,"column":24},"end":{"line":61,"column":32}}],"line":61},"6":{"loc":{"start":{"line":72,"column":6},"end":{"line":113,"column":7}},"type":"switch","locations":[{"start":{"line":73,"column":8},"end":{"line":79,"column":9}},{"start":{"line":81,"column":8},"end":{"line":85,"column":16}},{"start":{"line":87,"column":8},"end":{"line":100,"column":9}},{"start":{"line":102,"column":8},"end":{"line":108,"column":9}},{"start":{"line":110,"column":8},"end":{"line":112,"column":82}}],"line":72},"7":{"loc":{"start":{"line":91,"column":10},"end":{"line":98,"column":11}},"type":"if","locations":[{"start":{"line":91,"column":10},"end":{"line":98,"column":11}},{"start":{"line":94,"column":17},"end":{"line":98,"column":11}}],"line":91},"8":{"loc":{"start":{"line":91,"column":14},"end":{"line":91,"column":98}},"type":"binary-expr","locations":[{"start":{"line":91,"column":14},"end":{"line":91,"column":36}},{"start":{"line":91,"column":40},"end":{"line":91,"column":98}}],"line":91},"9":{"loc":{"start":{"line":116,"column":6},"end":{"line":135,"column":7}},"type":"if","locations":[{"start":{"line":116,"column":6},"end":{"line":135,"column":7}},{"start":{},"end":{}}],"line":116},"10":{"loc":{"start":{"line":117,"column":8},"end":{"line":134,"column":9}},"type":"switch","locations":[{"start":{"line":118,"column":10},"end":{"line":121,"column":18}},{"start":{"line":122,"column":10},"end":{"line":125,"column":18}},{"start":{"line":126,"column":10},"end":{"line":129,"column":18}},{"start":{"line":130,"column":10},"end":{"line":133,"column":18}}],"line":117},"11":{"loc":{"start":{"line":157,"column":6},"end":{"line":162,"column":7}},"type":"if","locations":[{"start":{"line":157,"column":6},"end":{"line":162,"column":7}},{"start":{},"end":{}}],"line":157},"12":{"loc":{"start":{"line":157,"column":10},"end":{"line":157,"column":45}},"type":"binary-expr","locations":[{"start":{"line":157,"column":10},"end":{"line":157,"column":19}},{"start":{"line":157,"column":23},"end":{"line":157,"column":33}},{"start":{"line":157,"column":37},"end":{"line":157,"column":45}}],"line":157},"13":{"loc":{"start":{"line":166,"column":6},"end":{"line":171,"column":7}},"type":"if","locations":[{"start":{"line":166,"column":6},"end":{"line":171,"column":7}},{"start":{},"end":{}}],"line":166},"14":{"loc":{"start":{"line":178,"column":19},"end":{"line":178,"column":39}},"type":"binary-expr","locations":[{"start":{"line":178,"column":19},"end":{"line":178,"column":33}},{"start":{"line":178,"column":37},"end":{"line":178,"column":39}}],"line":178},"15":{"loc":{"start":{"line":179,"column":19},"end":{"line":181,"column":26}},"type":"cond-expr","locations":[{"start":{"line":180,"column":12},"end":{"line":180,"column":75}},{"start":{"line":181,"column":12},"end":{"line":181,"column":26}}],"line":179},"16":{"loc":{"start":{"line":182,"column":15},"end":{"line":182,"column":30}},"type":"binary-expr","locations":[{"start":{"line":182,"column":15},"end":{"line":182,"column":25}},{"start":{"line":182,"column":29},"end":{"line":182,"column":30}}],"line":182},"17":{"loc":{"start":{"line":183,"column":19},"end":{"line":183,"column":38}},"type":"binary-expr","locations":[{"start":{"line":183,"column":19},"end":{"line":183,"column":33}},{"start":{"line":183,"column":37},"end":{"line":183,"column":38}}],"line":183},"18":{"loc":{"start":{"line":205,"column":6},"end":{"line":210,"column":7}},"type":"if","locations":[{"start":{"line":205,"column":6},"end":{"line":210,"column":7}},{"start":{},"end":{}}],"line":205},"19":{"loc":{"start":{"line":205,"column":10},"end":{"line":205,"column":32}},"type":"binary-expr","locations":[{"start":{"line":205,"column":10},"end":{"line":205,"column":20}},{"start":{"line":205,"column":24},"end":{"line":205,"column":32}}],"line":205},"20":{"loc":{"start":{"line":234,"column":6},"end":{"line":239,"column":7}},"type":"if","locations":[{"start":{"line":234,"column":6},"end":{"line":239,"column":7}},{"start":{},"end":{}}],"line":234},"21":{"loc":{"start":{"line":234,"column":10},"end":{"line":234,"column":32}},"type":"binary-expr","locations":[{"start":{"line":234,"column":10},"end":{"line":234,"column":20}},{"start":{"line":234,"column":24},"end":{"line":234,"column":32}}],"line":234}},"s":{"0":7,"1":2,"2":0,"3":2,"4":2,"5":24,"6":0,"7":0,"8":0,"9":0,"10":0,"11":0,"12":0,"13":0,"14":0,"15":0,"16":0,"17":6,"18":6,"19":6,"20":6,"21":6,"22":1,"23":1,"24":5,"25":5,"26":1,"27":1,"28":1,"29":1,"30":1,"31":1,"32":1,"33":1,"34":1,"35":1,"36":1,"37":0,"38":0,"39":1,"40":1,"41":1,"42":1,"43":1,"44":1,"45":1,"46":4,"47":0,"48":0,"49":0,"50":0,"51":0,"52":0,"53":0,"54":0,"55":0,"56":0,"57":0,"58":0,"59":0,"60":4,"61":4,"62":0,"63":0,"64":4,"65":4,"66":4,"67":4,"68":4,"69":1,"70":1,"71":3,"72":3,"73":1,"74":1,"75":2,"76":2,"77":3,"78":2,"79":2,"80":0,"81":0,"82":2,"83":2,"84":2,"85":2,"86":1,"87":1,"88":1,"89":1,"90":1,"91":0,"92":0,"93":2,"94":2,"95":2,"96":2,"97":1,"98":1,"99":1,"100":1,"101":1,"102":0,"103":0,"104":7},"f":{"0":2,"1":24,"2":0,"3":6,"4":4,"5":3,"6":2,"7":2},"b":{"0":[0,2],"1":[2,2],"2":[0,0],"3":[0,0],"4":[1,5],"5":[6,5],"6":[1,1,1,1,1],"7":[1,0],"8":[1,1],"9":[0,4],"10":[0,0,0,0],"11":[1,3],"12":[4,3,3],"13":[1,2],"14":[3,0],"15":[3,0],"16":[3,0],"17":[3,0],"18":[1,1],"19":[2,1],"20":[1,1],"21":[2,1]},"_coverageSchema":"1a1c01bbd47fc00a2c39e90264f33305004495a9","hash":"ed3977fe547258dd0bf915b76d2f6cfd29e914c6"}
,"/home/jerome/git_projects/ITU/genie-ai/.claude/worktrees/testing-framework/components/gov-chat-backend/controllers/authController.js": {"path":"/home/jerome/git_projects/ITU/genie-ai/.claude/worktrees/testing-framework/components/gov-chat-backend/controllers/authController.js","statementMap":{"0":{"start":{"line":1,"column":19},"end":{"line":1,"column":43}},"1":{"start":{"line":2,"column":23},"end":{"line":2,"column":61}},"2":{"start":{"line":4,"column":23},"end":{"line":46,"column":1}},"3":{"start":{"line":10,"column":4},"end":{"line":44,"column":5}},"4":{"start":{"line":11,"column":21},"end":{"line":11,"column":46}},"5":{"start":{"line":12,"column":22},"end":{"line":12,"column":44}},"6":{"start":{"line":13,"column":21},"end":{"line":13,"column":47}},"7":{"start":{"line":16,"column":6},"end":{"line":28,"column":7}},"8":{"start":{"line":17,"column":8},"end":{"line":27,"column":9}},"9":{"start":{"line":18,"column":33},"end":{"line":18,"column":119}},"10":{"start":{"line":19,"column":10},"end":{"line":21,"column":11}},"11":{"start":{"line":20,"column":12},"end":{"line":20,"column":58}},"12":{"start":{"line":22,"column":10},"end":{"line":24,"column":11}},"13":{"start":{"line":23,"column":12},"end":{"line":23,"column":95}},"14":{"start":{"line":26,"column":10},"end":{"line":26,"column":81}},"15":{"start":{"line":31,"column":6},"end":{"line":38,"column":8}},"16":{"start":{"line":40,"column":6},"end":{"line":40,"column":70}},"17":{"start":{"line":42,"column":6},"end":{"line":42,"column":77}},"18":{"start":{"line":43,"column":6},"end":{"line":43,"column":73}},"19":{"start":{"line":48,"column":0},"end":{"line":48,"column":32}}},"fnMap":{"0":{"name":"(anonymous_0)","decl":{"start":{"line":9,"column":2},"end":{"line":9,"column":3}},"loc":{"start":{"line":9,"column":25},"end":{"line":45,"column":3}},"line":9}},"branchMap":{"0":{"loc":{"start":{"line":11,"column":21},"end":{"line":11,"column":46}},"type":"binary-expr","locations":[{"start":{"line":11,"column":21},"end":{"line":11,"column":38}},{"start":{"line":11,"column":42},"end":{"line":11,"column":46}}],"line":11},"1":{"loc":{"start":{"line":12,"column":22},"end":{"line":12,"column":44}},"type":"binary-expr","locations":[{"start":{"line":12,"column":22},"end":{"line":12,"column":36}},{"start":{"line":12,"column":40},"end":{"line":12,"column":44}}],"line":12},"2":{"loc":{"start":{"line":13,"column":21},"end":{"line":13,"column":47}},"type":"binary-expr","locations":[{"start":{"line":13,"column":21},"end":{"line":13,"column":34}},{"start":{"line":13,"column":38},"end":{"line":13,"column":47}}],"line":13},"3":{"loc":{"start":{"line":16,"column":6},"end":{"line":28,"column":7}},"type":"if","locations":[{"start":{"line":16,"column":6},"end":{"line":28,"column":7}},{"start":{},"end":{}}],"line":16},"4":{"loc":{"start":{"line":22,"column":10},"end":{"line":24,"column":11}},"type":"if","locations":[{"start":{"line":22,"column":10},"end":{"line":24,"column":11}},{"start":{},"end":{}}],"line":22},"5":{"loc":{"start":{"line":35,"column":18},"end":{"line":35,"column":37}},"type":"binary-expr","locations":[{"start":{"line":35,"column":18},"end":{"line":35,"column":24}},{"start":{"line":35,"column":28},"end":{"line":35,"column":37}}],"line":35}},"s":{"0":15,"1":15,"2":15,"3":11,"4":11,"5":11,"6":11,"7":11,"8":9,"9":9,"10":7,"11":5,"12":6,"13":2,"14":3,"15":11,"16":11,"17":0,"18":0,"19":15},"f":{"0":11},"b":{"0":[11,2],"1":[11,1],"2":[11,1],"3":[9,2],"4":[2,4],"5":[11,2]},"_coverageSchema":"1a1c01bbd47fc00a2c39e90264f33305004495a9","hash":"d147230da5e9abfc850bda0dc917d58905810496"}
,"/home/jerome/git_projects/ITU/genie-ai/.claude/worktrees/testing-framework/components/gov-chat-backend/middleware/errors.js": {"path":"/home/jerome/git_projects/ITU/genie-ai/.claude/worktrees/testing-framework/components/gov-chat-backend/middleware/errors.js","statementMap":{"0":{"start":{"line":9,"column":4},"end":{"line":9,"column":19}},"1":{"start":{"line":10,"column":4},"end":{"line":10,"column":33}},"2":{"start":{"line":11,"column":4},"end":{"line":11,"column":38}},"3":{"start":{"line":17,"column":4},"end":{"line":17,"column":24}},"4":{"start":{"line":23,"column":4},"end":{"line":23,"column":24}},"5":{"start":{"line":29,"column":4},"end":{"line":29,"column":24}},"6":{"start":{"line":33,"column":0},"end":{"line":33,"column":78}}},"fnMap":{"0":{"name":"(anonymous_0)","decl":{"start":{"line":8,"column":2},"end":{"line":8,"column":3}},"loc":{"start":{"line":8,"column":35},"end":{"line":12,"column":3}},"line":8},"1":{"name":"(anonymous_1)","decl":{"start":{"line":16,"column":2},"end":{"line":16,"column":3}},"loc":{"start":{"line":16,"column":46},"end":{"line":18,"column":3}},"line":16},"2":{"name":"(anonymous_2)","decl":{"start":{"line":22,"column":2},"end":{"line":22,"column":3}},"loc":{"start":{"line":22,"column":41},"end":{"line":24,"column":3}},"line":22},"3":{"name":"(anonymous_3)","decl":{"start":{"line":28,"column":2},"end":{"line":28,"column":3}},"loc":{"start":{"line":28,"column":41},"end":{"line":30,"column":3}},"line":28}},"branchMap":{"0":{"loc":{"start":{"line":16,"column":14},"end":{"line":16,"column":44}},"type":"default-arg","locations":[{"start":{"line":16,"column":24},"end":{"line":16,"column":44}}],"line":16},"1":{"loc":{"start":{"line":22,"column":14},"end":{"line":22,"column":39}},"type":"default-arg","locations":[{"start":{"line":22,"column":24},"end":{"line":22,"column":39}}],"line":22},"2":{"loc":{"start":{"line":28,"column":14},"end":{"line":28,"column":39}},"type":"default-arg","locations":[{"start":{"line":28,"column":24},"end":{"line":28,"column":39}}],"line":28}},"s":{"0":26,"1":26,"2":26,"3":9,"4":6,"5":6,"6":85},"f":{"0":26,"1":9,"2":6,"3":6},"b":{"0":[4],"1":[4],"2":[4]},"_coverageSchema":"1a1c01bbd47fc00a2c39e90264f33305004495a9","hash":"41b2a4895848a3db9890ce38bd6c896571f8c1c3"}
,"/home/jerome/git_projects/ITU/genie-ai/.claude/worktrees/testing-framework/components/gov-chat-backend/middleware/keycloak-auth-middleware.js": {"path":"/home/jerome/git_projects/ITU/genie-ai/.claude/worktrees/testing-framework/components/gov-chat-backend/middleware/keycloak-auth-middleware.js","statementMap":{"0":{"start":{"line":3,"column":28},"end":{"line":3,"column":72}},"1":{"start":{"line":4,"column":32},"end":{"line":4,"column":80}},"2":{"start":{"line":5,"column":19},"end":{"line":5,"column":43}},"3":{"start":{"line":10,"column":21},"end":{"line":18,"column":1}},"4":{"start":{"line":27,"column":25},"end":{"line":32,"column":4}},"5":{"start":{"line":28,"column":4},"end":{"line":30,"column":5}},"6":{"start":{"line":29,"column":6},"end":{"line":29,"column":64}},"7":{"start":{"line":31,"column":4},"end":{"line":31,"column":68}},"8":{"start":{"line":33,"column":2},"end":{"line":33,"column":34}},"9":{"start":{"line":33,"column":22},"end":{"line":33,"column":34}},"10":{"start":{"line":35,"column":2},"end":{"line":35,"column":15}},"11":{"start":{"line":44,"column":21},"end":{"line":44,"column":46}},"12":{"start":{"line":45,"column":2},"end":{"line":47,"column":3}},"13":{"start":{"line":46,"column":4},"end":{"line":46,"column":16}},"14":{"start":{"line":48,"column":16},"end":{"line":48,"column":39}},"15":{"start":{"line":49,"column":2},"end":{"line":51,"column":3}},"16":{"start":{"line":50,"column":4},"end":{"line":50,"column":16}},"17":{"start":{"line":52,"column":2},"end":{"line":52,"column":15}},"18":{"start":{"line":58,"column":31},"end":{"line":192,"column":1}},"19":{"start":{"line":69,"column":17},"end":{"line":69,"column":62}},"20":{"start":{"line":70,"column":4},"end":{"line":72,"column":5}},"21":{"start":{"line":71,"column":6},"end":{"line":71,"column":20}},"22":{"start":{"line":74,"column":4},"end":{"line":169,"column":5}},"23":{"start":{"line":75,"column":20},"end":{"line":75,"column":43}},"24":{"start":{"line":77,"column":6},"end":{"line":83,"column":7}},"25":{"start":{"line":78,"column":8},"end":{"line":82,"column":11}},"26":{"start":{"line":89,"column":6},"end":{"line":94,"column":7}},"27":{"start":{"line":90,"column":8},"end":{"line":90,"column":98}},"28":{"start":{"line":91,"column":8},"end":{"line":91,"column":39}},"29":{"start":{"line":96,"column":6},"end":{"line":161,"column":7}},"30":{"start":{"line":97,"column":24},"end":{"line":97,"column":68}},"31":{"start":{"line":101,"column":8},"end":{"line":110,"column":9}},"32":{"start":{"line":102,"column":10},"end":{"line":102,"column":70}},"33":{"start":{"line":104,"column":10},"end":{"line":104,"column":100}},"34":{"start":{"line":105,"column":10},"end":{"line":109,"column":13}},"35":{"start":{"line":113,"column":8},"end":{"line":119,"column":9}},"36":{"start":{"line":114,"column":10},"end":{"line":118,"column":13}},"37":{"start":{"line":122,"column":8},"end":{"line":122,"column":24}},"38":{"start":{"line":125,"column":8},"end":{"line":125,"column":29}},"39":{"start":{"line":127,"column":8},"end":{"line":127,"column":15}},"40":{"start":{"line":129,"column":8},"end":{"line":154,"column":9}},"41":{"start":{"line":131,"column":10},"end":{"line":147,"column":11}},"42":{"start":{"line":132,"column":33},"end":{"line":132,"column":104}},"43":{"start":{"line":133,"column":12},"end":{"line":146,"column":13}},"44":{"start":{"line":135,"column":14},"end":{"line":145,"column":15}},"45":{"start":{"line":137,"column":31},"end":{"line":137,"column":67}},"46":{"start":{"line":140,"column":48},"end":{"line":140,"column":96}},"47":{"start":{"line":141,"column":16},"end":{"line":141,"column":72}},"48":{"start":{"line":142,"column":16},"end":{"line":142,"column":103}},"49":{"start":{"line":144,"column":16},"end":{"line":144,"column":110}},"50":{"start":{"line":149,"column":10},"end":{"line":153,"column":13}},"51":{"start":{"line":156,"column":8},"end":{"line":160,"column":11}},"52":{"start":{"line":163,"column":6},"end":{"line":163,"column":83}},"53":{"start":{"line":164,"column":6},"end":{"line":168,"column":9}},"54":{"start":{"line":179,"column":18},"end":{"line":179,"column":44}},"55":{"start":{"line":180,"column":4},"end":{"line":189,"column":5}},"56":{"start":{"line":181,"column":6},"end":{"line":183,"column":8}},"57":{"start":{"line":184,"column":6},"end":{"line":188,"column":9}},"58":{"start":{"line":190,"column":4},"end":{"line":190,"column":11}},"59":{"start":{"line":194,"column":0},"end":{"line":198,"column":2}}},"fnMap":{"0":{"name":"isPublicRoute","decl":{"start":{"line":25,"column":9},"end":{"line":25,"column":22}},"loc":{"start":{"line":25,"column":29},"end":{"line":36,"column":1}},"line":25},"1":{"name":"(anonymous_1)","decl":{"start":{"line":27,"column":43},"end":{"line":27,"column":44}},"loc":{"start":{"line":27,"column":59},"end":{"line":32,"column":3}},"line":27},"2":{"name":"extractBearerToken","decl":{"start":{"line":43,"column":9},"end":{"line":43,"column":27}},"loc":{"start":{"line":43,"column":33},"end":{"line":53,"column":1}},"line":43},"3":{"name":"(anonymous_3)","decl":{"start":{"line":65,"column":2},"end":{"line":65,"column":3}},"loc":{"start":{"line":65,"column":37},"end":{"line":170,"column":3}},"line":65},"4":{"name":"(anonymous_4)","decl":{"start":{"line":178,"column":2},"end":{"line":178,"column":3}},"loc":{"start":{"line":178,"column":31},"end":{"line":191,"column":3}},"line":178}},"branchMap":{"0":{"loc":{"start":{"line":28,"column":4},"end":{"line":30,"column":5}},"type":"if","locations":[{"start":{"line":28,"column":4},"end":{"line":30,"column":5}},{"start":{},"end":{}}],"line":28},"1":{"loc":{"start":{"line":29,"column":13},"end":{"line":29,"column":63}},"type":"binary-expr","locations":[{"start":{"line":29,"column":13},"end":{"line":29,"column":32}},{"start":{"line":29,"column":36},"end":{"line":29,"column":63}}],"line":29},"2":{"loc":{"start":{"line":31,"column":11},"end":{"line":31,"column":67}},"type":"binary-expr","locations":[{"start":{"line":31,"column":11},"end":{"line":31,"column":30}},{"start":{"line":31,"column":34},"end":{"line":31,"column":67}}],"line":31},"3":{"loc":{"start":{"line":33,"column":2},"end":{"line":33,"column":34}},"type":"if","locations":[{"start":{"line":33,"column":2},"end":{"line":33,"column":34}},{"start":{},"end":{}}],"line":33},"4":{"loc":{"start":{"line":45,"column":2},"end":{"line":47,"column":3}},"type":"if","locations":[{"start":{"line":45,"column":2},"end":{"line":47,"column":3}},{"start":{},"end":{}}],"line":45},"5":{"loc":{"start":{"line":45,"column":6},"end":{"line":45,"column":54}},"type":"binary-expr","locations":[{"start":{"line":45,"column":6},"end":{"line":45,"column":17}},{"start":{"line":45,"column":21},"end":{"line":45,"column":54}}],"line":45},"6":{"loc":{"start":{"line":49,"column":2},"end":{"line":51,"column":3}},"type":"if","locations":[{"start":{"line":49,"column":2},"end":{"line":51,"column":3}},{"start":{},"end":{}}],"line":49},"7":{"loc":{"start":{"line":69,"column":17},"end":{"line":69,"column":62}},"type":"binary-expr","locations":[{"start":{"line":69,"column":17},"end":{"line":69,"column":32}},{"start":{"line":69,"column":36},"end":{"line":69,"column":44}},{"start":{"line":69,"column":48},"end":{"line":69,"column":55}},{"start":{"line":69,"column":59},"end":{"line":69,"column":62}}],"line":69},"8":{"loc":{"start":{"line":70,"column":4},"end":{"line":72,"column":5}},"type":"if","locations":[{"start":{"line":70,"column":4},"end":{"line":72,"column":5}},{"start":{},"end":{}}],"line":70},"9":{"loc":{"start":{"line":77,"column":6},"end":{"line":83,"column":7}},"type":"if","locations":[{"start":{"line":77,"column":6},"end":{"line":83,"column":7}},{"start":{},"end":{}}],"line":77},"10":{"loc":{"start":{"line":113,"column":8},"end":{"line":119,"column":9}},"type":"if","locations":[{"start":{"line":113,"column":8},"end":{"line":119,"column":9}},{"start":{},"end":{}}],"line":113},"11":{"loc":{"start":{"line":129,"column":8},"end":{"line":154,"column":9}},"type":"if","locations":[{"start":{"line":129,"column":8},"end":{"line":154,"column":9}},{"start":{},"end":{}}],"line":129},"12":{"loc":{"start":{"line":131,"column":10},"end":{"line":147,"column":11}},"type":"if","locations":[{"start":{"line":131,"column":10},"end":{"line":147,"column":11}},{"start":{},"end":{}}],"line":131},"13":{"loc":{"start":{"line":131,"column":14},"end":{"line":131,"column":50}},"type":"binary-expr","locations":[{"start":{"line":131,"column":14},"end":{"line":131,"column":19}},{"start":{"line":131,"column":23},"end":{"line":131,"column":34}},{"start":{"line":131,"column":38},"end":{"line":131,"column":50}}],"line":131},"14":{"loc":{"start":{"line":133,"column":12},"end":{"line":146,"column":13}},"type":"if","locations":[{"start":{"line":133,"column":12},"end":{"line":146,"column":13}},{"start":{},"end":{}}],"line":133},"15":{"loc":{"start":{"line":133,"column":16},"end":{"line":133,"column":53}},"type":"binary-expr","locations":[{"start":{"line":133,"column":16},"end":{"line":133,"column":28}},{"start":{"line":133,"column":32},"end":{"line":133,"column":53}}],"line":133},"16":{"loc":{"start":{"line":179,"column":18},"end":{"line":179,"column":44}},"type":"binary-expr","locations":[{"start":{"line":179,"column":18},"end":{"line":179,"column":26}},{"start":{"line":179,"column":30},"end":{"line":179,"column":44}}],"line":179},"17":{"loc":{"start":{"line":180,"column":4},"end":{"line":189,"column":5}},"type":"if","locations":[{"start":{"line":180,"column":4},"end":{"line":189,"column":5}},{"start":{},"end":{}}],"line":180},"18":{"loc":{"start":{"line":180,"column":8},"end":{"line":180,"column":67}},"type":"binary-expr","locations":[{"start":{"line":180,"column":8},"end":{"line":180,"column":14}},{"start":{"line":180,"column":18},"end":{"line":180,"column":39}},{"start":{"line":180,"column":43},"end":{"line":180,"column":67}}],"line":180},"19":{"loc":{"start":{"line":182,"column":44},"end":{"line":182,"column":74}},"type":"binary-expr","locations":[{"start":{"line":182,"column":44},"end":{"line":182,"column":61}},{"start":{"line":182,"column":65},"end":{"line":182,"column":74}}],"line":182}},"s":{"0":7,"1":7,"2":7,"3":7,"4":284,"5":1972,"6":281,"7":1691,"8":284,"9":5,"10":279,"11":269,"12":269,"13":14,"14":255,"15":255,"16":1,"17":254,"18":7,"19":269,"20":269,"21":0,"22":269,"23":269,"24":269,"25":15,"26":254,"27":254,"28":238,"29":254,"30":254,"31":242,"32":242,"33":1,"34":1,"35":241,"36":1,"37":240,"38":240,"39":240,"40":12,"41":8,"42":4,"43":4,"44":1,"45":1,"46":1,"47":1,"48":1,"49":0,"50":8,"51":4,"52":0,"53":0,"54":6,"55":6,"56":5,"57":5,"58":1,"59":7},"f":{"0":284,"1":1972,"2":269,"3":269,"4":6},"b":{"0":[281,1691],"1":[281,281],"2":[1691,1686],"3":[5,279],"4":[14,255],"5":[269,257],"6":[1,254],"7":[269,0,0,0],"8":[0,269],"9":[15,254],"10":[1,240],"11":[8,4],"12":[4,4],"13":[8,8,4],"14":[1,3],"15":[4,2],"16":[6,5],"17":[5,1],"18":[6,4,3],"19":[5,1]},"_coverageSchema":"1a1c01bbd47fc00a2c39e90264f33305004495a9","hash":"3a373110987ee0c32900dc87ba9af2daef8c4e5c"}
,"/home/jerome/git_projects/ITU/genie-ai/.claude/worktrees/testing-framework/components/gov-chat-backend/routes/admin-routes.js": {"path":"/home/jerome/git_projects/ITU/genie-ai/.claude/worktrees/testing-framework/components/gov-chat-backend/routes/admin-routes.js","statementMap":{"0":{"start":{"line":2,"column":16},"end":{"line":2,"column":34}},"1":{"start":{"line":3,"column":15},"end":{"line":3,"column":31}},"2":{"start":{"line":4,"column":35},"end":{"line":4,"column":84}},"3":{"start":{"line":5,"column":28},"end":{"line":5,"column":72}},"4":{"start":{"line":6,"column":19},"end":{"line":6,"column":43}},"5":{"start":{"line":14,"column":0},"end":{"line":582,"column":2}},"6":{"start":{"line":16,"column":2},"end":{"line":16,"column":58}},"7":{"start":{"line":17,"column":2},"end":{"line":20,"column":3}},"8":{"start":{"line":18,"column":4},"end":{"line":18,"column":81}},"9":{"start":{"line":19,"column":4},"end":{"line":19,"column":69}},"10":{"start":{"line":21,"column":2},"end":{"line":23,"column":5}},"11":{"start":{"line":22,"column":91},"end":{"line":22,"column":110}},"12":{"start":{"line":26,"column":2},"end":{"line":31,"column":5}},"13":{"start":{"line":29,"column":93},"end":{"line":29,"column":112}},"14":{"start":{"line":34,"column":2},"end":{"line":41,"column":5}},"15":{"start":{"line":35,"column":4},"end":{"line":39,"column":7}},"16":{"start":{"line":40,"column":4},"end":{"line":40,"column":11}},"17":{"start":{"line":43,"column":2},"end":{"line":43,"column":50}},"18":{"start":{"line":44,"column":2},"end":{"line":44,"column":50}},"19":{"start":{"line":64,"column":2},"end":{"line":76,"column":5}},"20":{"start":{"line":65,"column":4},"end":{"line":67,"column":7}},"21":{"start":{"line":68,"column":4},"end":{"line":75,"column":5}},"22":{"start":{"line":69,"column":21},"end":{"line":69,"column":57}},"23":{"start":{"line":70,"column":6},"end":{"line":70,"column":73}},"24":{"start":{"line":71,"column":6},"end":{"line":71,"column":23}},"25":{"start":{"line":73,"column":6},"end":{"line":73,"column":107}},"26":{"start":{"line":74,"column":6},"end":{"line":74,"column":18}},"27":{"start":{"line":96,"column":2},"end":{"line":104,"column":5}},"28":{"start":{"line":97,"column":4},"end":{"line":103,"column":5}},"29":{"start":{"line":98,"column":21},"end":{"line":98,"column":58}},"30":{"start":{"line":99,"column":6},"end":{"line":99,"column":23}},"31":{"start":{"line":101,"column":6},"end":{"line":101,"column":108}},"32":{"start":{"line":102,"column":6},"end":{"line":102,"column":18}},"33":{"start":{"line":140,"column":2},"end":{"line":149,"column":5}},"34":{"start":{"line":141,"column":4},"end":{"line":148,"column":5}},"35":{"start":{"line":142,"column":40},"end":{"line":142,"column":49}},"36":{"start":{"line":143,"column":21},"end":{"line":143,"column":74}},"37":{"start":{"line":144,"column":6},"end":{"line":144,"column":23}},"38":{"start":{"line":146,"column":6},"end":{"line":146,"column":98}},"39":{"start":{"line":147,"column":6},"end":{"line":147,"column":18}},"40":{"start":{"line":169,"column":2},"end":{"line":177,"column":5}},"41":{"start":{"line":170,"column":4},"end":{"line":176,"column":5}},"42":{"start":{"line":171,"column":21},"end":{"line":171,"column":54}},"43":{"start":{"line":172,"column":6},"end":{"line":172,"column":23}},"44":{"start":{"line":174,"column":6},"end":{"line":174,"column":103}},"45":{"start":{"line":175,"column":6},"end":{"line":175,"column":18}},"46":{"start":{"line":197,"column":2},"end":{"line":206,"column":5}},"47":{"start":{"line":198,"column":4},"end":{"line":205,"column":5}},"48":{"start":{"line":199,"column":21},"end":{"line":199,"column":54}},"49":{"start":{"line":200,"column":6},"end":{"line":200,"column":23}},"50":{"start":{"line":201,"column":6},"end":{"line":201,"column":84}},"51":{"start":{"line":203,"column":6},"end":{"line":203,"column":104}},"52":{"start":{"line":204,"column":6},"end":{"line":204,"column":18}},"53":{"start":{"line":226,"column":2},"end":{"line":247,"column":5}},"54":{"start":{"line":227,"column":4},"end":{"line":246,"column":5}},"55":{"start":{"line":228,"column":6},"end":{"line":228,"column":104}},"56":{"start":{"line":229,"column":23},"end":{"line":229,"column":69}},"57":{"start":{"line":231,"column":22},"end":{"line":236,"column":7}},"58":{"start":{"line":238,"column":6},"end":{"line":241,"column":9}},"59":{"start":{"line":242,"column":6},"end":{"line":242,"column":118}},"60":{"start":{"line":244,"column":6},"end":{"line":244,"column":111}},"61":{"start":{"line":245,"column":6},"end":{"line":245,"column":76}},"62":{"start":{"line":267,"column":2},"end":{"line":281,"column":5}},"63":{"start":{"line":268,"column":4},"end":{"line":270,"column":7}},"64":{"start":{"line":271,"column":4},"end":{"line":280,"column":5}},"65":{"start":{"line":272,"column":6},"end":{"line":272,"column":102}},"66":{"start":{"line":273,"column":21},"end":{"line":273,"column":75}},"67":{"start":{"line":274,"column":6},"end":{"line":274,"column":96}},"68":{"start":{"line":275,"column":6},"end":{"line":275,"column":60}},"69":{"start":{"line":276,"column":6},"end":{"line":276,"column":114}},"70":{"start":{"line":278,"column":6},"end":{"line":278,"column":107}},"71":{"start":{"line":279,"column":6},"end":{"line":279,"column":87}},"72":{"start":{"line":301,"column":2},"end":{"line":314,"column":5}},"73":{"start":{"line":302,"column":4},"end":{"line":304,"column":7}},"74":{"start":{"line":305,"column":4},"end":{"line":313,"column":5}},"75":{"start":{"line":306,"column":6},"end":{"line":306,"column":114}},"76":{"start":{"line":307,"column":26},"end":{"line":307,"column":72}},"77":{"start":{"line":308,"column":6},"end":{"line":308,"column":77}},"78":{"start":{"line":309,"column":6},"end":{"line":309,"column":40}},"79":{"start":{"line":311,"column":6},"end":{"line":311,"column":112}},"80":{"start":{"line":312,"column":6},"end":{"line":312,"column":99}},"81":{"start":{"line":334,"column":2},"end":{"line":342,"column":5}},"82":{"start":{"line":335,"column":4},"end":{"line":341,"column":5}},"83":{"start":{"line":336,"column":21},"end":{"line":336,"column":56}},"84":{"start":{"line":337,"column":6},"end":{"line":337,"column":23}},"85":{"start":{"line":339,"column":6},"end":{"line":339,"column":105}},"86":{"start":{"line":340,"column":6},"end":{"line":340,"column":18}},"87":{"start":{"line":373,"column":2},"end":{"line":382,"column":5}},"88":{"start":{"line":374,"column":4},"end":{"line":381,"column":5}},"89":{"start":{"line":375,"column":30},"end":{"line":375,"column":39}},"90":{"start":{"line":376,"column":21},"end":{"line":376,"column":70}},"91":{"start":{"line":377,"column":6},"end":{"line":377,"column":33}},"92":{"start":{"line":379,"column":6},"end":{"line":379,"column":106}},"93":{"start":{"line":380,"column":6},"end":{"line":380,"column":18}},"94":{"start":{"line":434,"column":2},"end":{"line":443,"column":5}},"95":{"start":{"line":435,"column":4},"end":{"line":442,"column":5}},"96":{"start":{"line":436,"column":70},"end":{"line":436,"column":79}},"97":{"start":{"line":437,"column":21},"end":{"line":437,"column":107}},"98":{"start":{"line":438,"column":6},"end":{"line":438,"column":23}},"99":{"start":{"line":440,"column":6},"end":{"line":440,"column":100}},"100":{"start":{"line":441,"column":6},"end":{"line":441,"column":18}},"101":{"start":{"line":463,"column":2},"end":{"line":471,"column":5}},"102":{"start":{"line":464,"column":4},"end":{"line":470,"column":5}},"103":{"start":{"line":465,"column":21},"end":{"line":465,"column":60}},"104":{"start":{"line":466,"column":6},"end":{"line":466,"column":23}},"105":{"start":{"line":468,"column":6},"end":{"line":468,"column":104}},"106":{"start":{"line":469,"column":6},"end":{"line":469,"column":18}},"107":{"start":{"line":491,"column":2},"end":{"line":499,"column":5}},"108":{"start":{"line":492,"column":4},"end":{"line":498,"column":5}},"109":{"start":{"line":493,"column":21},"end":{"line":493,"column":56}},"110":{"start":{"line":494,"column":6},"end":{"line":494,"column":23}},"111":{"start":{"line":496,"column":6},"end":{"line":496,"column":105}},"112":{"start":{"line":497,"column":6},"end":{"line":497,"column":18}},"113":{"start":{"line":519,"column":2},"end":{"line":527,"column":5}},"114":{"start":{"line":520,"column":4},"end":{"line":526,"column":5}},"115":{"start":{"line":521,"column":21},"end":{"line":521,"column":58}},"116":{"start":{"line":522,"column":6},"end":{"line":522,"column":23}},"117":{"start":{"line":524,"column":6},"end":{"line":524,"column":105}},"118":{"start":{"line":525,"column":6},"end":{"line":525,"column":18}},"119":{"start":{"line":569,"column":2},"end":{"line":579,"column":5}},"120":{"start":{"line":570,"column":4},"end":{"line":578,"column":5}},"121":{"start":{"line":571,"column":6},"end":{"line":571,"column":70}},"122":{"start":{"line":572,"column":45},"end":{"line":572,"column":54}},"123":{"start":{"line":573,"column":21},"end":{"line":573,"column":83}},"124":{"start":{"line":574,"column":6},"end":{"line":574,"column":23}},"125":{"start":{"line":576,"column":6},"end":{"line":576,"column":101}},"126":{"start":{"line":577,"column":6},"end":{"line":577,"column":18}},"127":{"start":{"line":581,"column":2},"end":{"line":581,"column":16}}},"fnMap":{"0":{"name":"(anonymous_0)","decl":{"start":{"line":14,"column":17},"end":{"line":14,"column":18}},"loc":{"start":{"line":14,"column":48},"end":{"line":582,"column":1}},"line":14},"1":{"name":"(anonymous_1)","decl":{"start":{"line":22,"column":84},"end":{"line":22,"column":85}},"loc":{"start":{"line":22,"column":91},"end":{"line":22,"column":110}},"line":22},"2":{"name":"(anonymous_2)","decl":{"start":{"line":29,"column":86},"end":{"line":29,"column":87}},"loc":{"start":{"line":29,"column":93},"end":{"line":29,"column":112}},"line":29},"3":{"name":"(anonymous_3)","decl":{"start":{"line":34,"column":13},"end":{"line":34,"column":14}},"loc":{"start":{"line":34,"column":33},"end":{"line":41,"column":3}},"line":34},"4":{"name":"(anonymous_4)","decl":{"start":{"line":64,"column":31},"end":{"line":64,"column":32}},"loc":{"start":{"line":64,"column":57},"end":{"line":76,"column":3}},"line":64},"5":{"name":"(anonymous_5)","decl":{"start":{"line":96,"column":32},"end":{"line":96,"column":33}},"loc":{"start":{"line":96,"column":58},"end":{"line":104,"column":3}},"line":96},"6":{"name":"(anonymous_6)","decl":{"start":{"line":140,"column":22},"end":{"line":140,"column":23}},"loc":{"start":{"line":140,"column":48},"end":{"line":149,"column":3}},"line":140},"7":{"name":"(anonymous_7)","decl":{"start":{"line":169,"column":32},"end":{"line":169,"column":33}},"loc":{"start":{"line":169,"column":58},"end":{"line":177,"column":3}},"line":169},"8":{"name":"(anonymous_8)","decl":{"start":{"line":197,"column":28},"end":{"line":197,"column":29}},"loc":{"start":{"line":197,"column":54},"end":{"line":206,"column":3}},"line":197},"9":{"name":"(anonymous_9)","decl":{"start":{"line":226,"column":34},"end":{"line":226,"column":35}},"loc":{"start":{"line":226,"column":54},"end":{"line":247,"column":3}},"line":226},"10":{"name":"(anonymous_10)","decl":{"start":{"line":267,"column":32},"end":{"line":267,"column":33}},"loc":{"start":{"line":267,"column":52},"end":{"line":281,"column":3}},"line":267},"11":{"name":"(anonymous_11)","decl":{"start":{"line":301,"column":36},"end":{"line":301,"column":37}},"loc":{"start":{"line":301,"column":56},"end":{"line":314,"column":3}},"line":301},"12":{"name":"(anonymous_12)","decl":{"start":{"line":334,"column":30},"end":{"line":334,"column":31}},"loc":{"start":{"line":334,"column":56},"end":{"line":342,"column":3}},"line":334},"13":{"name":"(anonymous_13)","decl":{"start":{"line":373,"column":30},"end":{"line":373,"column":31}},"loc":{"start":{"line":373,"column":56},"end":{"line":382,"column":3}},"line":373},"14":{"name":"(anonymous_14)","decl":{"start":{"line":434,"column":29},"end":{"line":434,"column":30}},"loc":{"start":{"line":434,"column":55},"end":{"line":443,"column":3}},"line":434},"15":{"name":"(anonymous_15)","decl":{"start":{"line":463,"column":38},"end":{"line":463,"column":39}},"loc":{"start":{"line":463,"column":64},"end":{"line":471,"column":3}},"line":463},"16":{"name":"(anonymous_16)","decl":{"start":{"line":491,"column":45},"end":{"line":491,"column":46}},"loc":{"start":{"line":491,"column":71},"end":{"line":499,"column":3}},"line":491},"17":{"name":"(anonymous_17)","decl":{"start":{"line":519,"column":47},"end":{"line":519,"column":48}},"loc":{"start":{"line":519,"column":73},"end":{"line":527,"column":3}},"line":519},"18":{"name":"(anonymous_18)","decl":{"start":{"line":569,"column":30},"end":{"line":569,"column":31}},"loc":{"start":{"line":569,"column":56},"end":{"line":579,"column":3}},"line":569}},"branchMap":{"0":{"loc":{"start":{"line":17,"column":2},"end":{"line":20,"column":3}},"type":"if","locations":[{"start":{"line":17,"column":2},"end":{"line":20,"column":3}},{"start":{},"end":{}}],"line":17},"1":{"loc":{"start":{"line":17,"column":6},"end":{"line":17,"column":73}},"type":"binary-expr","locations":[{"start":{"line":17,"column":6},"end":{"line":17,"column":19}},{"start":{"line":17,"column":23},"end":{"line":17,"column":73}}],"line":17},"2":{"loc":{"start":{"line":28,"column":13},"end":{"line":30,"column":19}},"type":"cond-expr","locations":[{"start":{"line":29,"column":8},"end":{"line":29,"column":113}},{"start":{"line":30,"column":8},"end":{"line":30,"column":19}}],"line":28},"3":{"loc":{"start":{"line":66,"column":12},"end":{"line":66,"column":42}},"type":"binary-expr","locations":[{"start":{"line":66,"column":12},"end":{"line":66,"column":29}},{"start":{"line":66,"column":33},"end":{"line":66,"column":42}}],"line":66},"4":{"loc":{"start":{"line":228,"column":72},"end":{"line":228,"column":100}},"type":"binary-expr","locations":[{"start":{"line":228,"column":72},"end":{"line":228,"column":87}},{"start":{"line":228,"column":91},"end":{"line":228,"column":100}}],"line":228},"5":{"loc":{"start":{"line":232,"column":29},"end":{"line":232,"column":69}},"type":"binary-expr","locations":[{"start":{"line":232,"column":29},"end":{"line":232,"column":64}},{"start":{"line":232,"column":68},"end":{"line":232,"column":69}}],"line":232},"6":{"loc":{"start":{"line":233,"column":30},"end":{"line":233,"column":69}},"type":"binary-expr","locations":[{"start":{"line":233,"column":30},"end":{"line":233,"column":64}},{"start":{"line":233,"column":68},"end":{"line":233,"column":69}}],"line":233},"7":{"loc":{"start":{"line":234,"column":26},"end":{"line":234,"column":54}},"type":"binary-expr","locations":[{"start":{"line":234,"column":26},"end":{"line":234,"column":43}},{"start":{"line":234,"column":47},"end":{"line":234,"column":54}}],"line":234},"8":{"loc":{"start":{"line":235,"column":25},"end":{"line":235,"column":87}},"type":"binary-expr","locations":[{"start":{"line":235,"column":25},"end":{"line":235,"column":49}},{"start":{"line":235,"column":53},"end":{"line":235,"column":87}}],"line":235},"9":{"loc":{"start":{"line":242,"column":86},"end":{"line":242,"column":114}},"type":"binary-expr","locations":[{"start":{"line":242,"column":86},"end":{"line":242,"column":101}},{"start":{"line":242,"column":105},"end":{"line":242,"column":114}}],"line":242},"10":{"loc":{"start":{"line":269,"column":12},"end":{"line":269,"column":42}},"type":"binary-expr","locations":[{"start":{"line":269,"column":12},"end":{"line":269,"column":29}},{"start":{"line":269,"column":33},"end":{"line":269,"column":42}}],"line":269},"11":{"loc":{"start":{"line":272,"column":70},"end":{"line":272,"column":98}},"type":"binary-expr","locations":[{"start":{"line":272,"column":70},"end":{"line":272,"column":85}},{"start":{"line":272,"column":89},"end":{"line":272,"column":98}}],"line":272},"12":{"loc":{"start":{"line":276,"column":82},"end":{"line":276,"column":110}},"type":"binary-expr","locations":[{"start":{"line":276,"column":82},"end":{"line":276,"column":97}},{"start":{"line":276,"column":101},"end":{"line":276,"column":110}}],"line":276},"13":{"loc":{"start":{"line":303,"column":12},"end":{"line":303,"column":42}},"type":"binary-expr","locations":[{"start":{"line":303,"column":12},"end":{"line":303,"column":29}},{"start":{"line":303,"column":33},"end":{"line":303,"column":42}}],"line":303},"14":{"loc":{"start":{"line":306,"column":82},"end":{"line":306,"column":110}},"type":"binary-expr","locations":[{"start":{"line":306,"column":82},"end":{"line":306,"column":97}},{"start":{"line":306,"column":101},"end":{"line":306,"column":110}}],"line":306}},"s":{"0":14,"1":14,"2":14,"3":14,"4":14,"5":14,"6":2,"7":2,"8":1,"9":1,"10":1,"11":12,"12":1,"13":12,"14":1,"15":43,"16":43,"17":1,"18":1,"19":1,"20":3,"21":3,"22":3,"23":1,"24":1,"25":2,"26":2,"27":1,"28":3,"29":3,"30":1,"31":2,"32":2,"33":1,"34":3,"35":3,"36":3,"37":2,"38":1,"39":1,"40":1,"41":2,"42":2,"43":1,"44":1,"45":1,"46":1,"47":2,"48":2,"49":1,"50":1,"51":1,"52":1,"53":1,"54":4,"55":4,"56":4,"57":2,"58":2,"59":2,"60":2,"61":2,"62":1,"63":3,"64":3,"65":3,"66":3,"67":1,"68":1,"69":1,"70":2,"71":2,"72":1,"73":3,"74":3,"75":3,"76":3,"77":1,"78":1,"79":2,"80":2,"81":1,"82":3,"83":3,"84":1,"85":2,"86":2,"87":1,"88":2,"89":2,"90":2,"91":1,"92":1,"93":1,"94":1,"95":2,"96":2,"97":2,"98":1,"99":1,"100":1,"101":1,"102":2,"103":2,"104":1,"105":1,"106":1,"107":1,"108":3,"109":3,"110":1,"111":2,"112":2,"113":1,"114":2,"115":2,"116":1,"117":1,"118":1,"119":1,"120":4,"121":4,"122":4,"123":4,"124":2,"125":2,"126":2,"127":1},"f":{"0":2,"1":12,"2":12,"3":43,"4":3,"5":3,"6":3,"7":2,"8":2,"9":4,"10":3,"11":3,"12":3,"13":2,"14":2,"15":2,"16":3,"17":2,"18":4},"b":{"0":[1,1],"1":[2,2],"2":[1,0],"3":[3,3],"4":[4,4],"5":[2,1],"6":[2,1],"7":[2,1],"8":[2,1],"9":[2,2],"10":[3,3],"11":[3,3],"12":[1,1],"13":[3,3],"14":[3,3]},"_coverageSchema":"1a1c01bbd47fc00a2c39e90264f33305004495a9","hash":"47988bd02a32857cd8c540f7b6bb20b95549197b"}
,"/home/jerome/git_projects/ITU/genie-ai/.claude/worktrees/testing-framework/components/gov-chat-backend/routes/analytics-routes.js": {"path":"/home/jerome/git_projects/ITU/genie-ai/.claude/worktrees/testing-framework/components/gov-chat-backend/routes/analytics-routes.js","statementMap":{"0":{"start":{"line":1,"column":16},"end":{"line":1,"column":34}},"1":{"start":{"line":2,"column":15},"end":{"line":2,"column":31}},"2":{"start":{"line":3,"column":28},"end":{"line":3,"column":73}},"3":{"start":{"line":4,"column":19},"end":{"line":4,"column":43}},"4":{"start":{"line":5,"column":35},"end":{"line":5,"column":84}},"5":{"start":{"line":7,"column":0},"end":{"line":660,"column":2}},"6":{"start":{"line":8,"column":2},"end":{"line":659,"column":3}},"7":{"start":{"line":9,"column":4},"end":{"line":11,"column":5}},"8":{"start":{"line":10,"column":6},"end":{"line":10,"column":86}},"9":{"start":{"line":12,"column":4},"end":{"line":14,"column":7}},"10":{"start":{"line":13,"column":97},"end":{"line":13,"column":116}},"11":{"start":{"line":17,"column":32},"end":{"line":17,"column":73}},"12":{"start":{"line":19,"column":4},"end":{"line":19,"column":52}},"13":{"start":{"line":150,"column":4},"end":{"line":164,"column":7}},"14":{"start":{"line":151,"column":6},"end":{"line":163,"column":7}},"15":{"start":{"line":152,"column":26},"end":{"line":152,"column":87}},"16":{"start":{"line":153,"column":24},"end":{"line":153,"column":69}},"17":{"start":{"line":154,"column":23},"end":{"line":154,"column":47}},"18":{"start":{"line":156,"column":8},"end":{"line":156,"column":105}},"19":{"start":{"line":157,"column":26},"end":{"line":157,"column":98}},"20":{"start":{"line":159,"column":8},"end":{"line":159,"column":28}},"21":{"start":{"line":161,"column":8},"end":{"line":161,"column":100}},"22":{"start":{"line":162,"column":8},"end":{"line":162,"column":57}},"23":{"start":{"line":214,"column":4},"end":{"line":217,"column":7}},"24":{"start":{"line":215,"column":6},"end":{"line":215,"column":111}},"25":{"start":{"line":216,"column":6},"end":{"line":216,"column":46}},"26":{"start":{"line":277,"column":4},"end":{"line":294,"column":7}},"27":{"start":{"line":278,"column":6},"end":{"line":293,"column":7}},"28":{"start":{"line":279,"column":26},"end":{"line":279,"column":45}},"29":{"start":{"line":280,"column":24},"end":{"line":280,"column":41}},"30":{"start":{"line":281,"column":24},"end":{"line":281,"column":78}},"31":{"start":{"line":282,"column":23},"end":{"line":282,"column":47}},"32":{"start":{"line":284,"column":8},"end":{"line":286,"column":10}},"33":{"start":{"line":287,"column":26},"end":{"line":287,"column":90}},"34":{"start":{"line":289,"column":8},"end":{"line":289,"column":28}},"35":{"start":{"line":291,"column":8},"end":{"line":291,"column":90}},"36":{"start":{"line":292,"column":8},"end":{"line":292,"column":57}},"37":{"start":{"line":352,"column":4},"end":{"line":357,"column":7}},"38":{"start":{"line":353,"column":6},"end":{"line":355,"column":8}},"39":{"start":{"line":356,"column":6},"end":{"line":356,"column":54}},"40":{"start":{"line":395,"column":4},"end":{"line":416,"column":7}},"41":{"start":{"line":396,"column":6},"end":{"line":415,"column":7}},"42":{"start":{"line":397,"column":41},"end":{"line":397,"column":49}},"43":{"start":{"line":399,"column":8},"end":{"line":402,"column":9}},"44":{"start":{"line":400,"column":10},"end":{"line":400,"column":59}},"45":{"start":{"line":401,"column":10},"end":{"line":401,"column":76}},"46":{"start":{"line":404,"column":23},"end":{"line":404,"column":40}},"47":{"start":{"line":405,"column":8},"end":{"line":407,"column":9}},"48":{"start":{"line":406,"column":10},"end":{"line":406,"column":103}},"49":{"start":{"line":409,"column":8},"end":{"line":409,"column":79}},"50":{"start":{"line":410,"column":23},"end":{"line":410,"column":92}},"51":{"start":{"line":411,"column":8},"end":{"line":411,"column":37}},"52":{"start":{"line":413,"column":8},"end":{"line":413,"column":88}},"53":{"start":{"line":414,"column":8},"end":{"line":414,"column":57}},"54":{"start":{"line":452,"column":4},"end":{"line":472,"column":7}},"55":{"start":{"line":453,"column":6},"end":{"line":471,"column":7}},"56":{"start":{"line":454,"column":22},"end":{"line":454,"column":53}},"57":{"start":{"line":455,"column":23},"end":{"line":455,"column":54}},"58":{"start":{"line":457,"column":8},"end":{"line":457,"column":90}},"59":{"start":{"line":459,"column":23},"end":{"line":464,"column":10}},"60":{"start":{"line":466,"column":24},"end":{"line":466,"column":42}},"61":{"start":{"line":467,"column":8},"end":{"line":467,"column":26}},"62":{"start":{"line":469,"column":8},"end":{"line":469,"column":101}},"63":{"start":{"line":470,"column":8},"end":{"line":470,"column":57}},"64":{"start":{"line":508,"column":4},"end":{"line":528,"column":7}},"65":{"start":{"line":509,"column":6},"end":{"line":527,"column":7}},"66":{"start":{"line":510,"column":22},"end":{"line":510,"column":53}},"67":{"start":{"line":511,"column":23},"end":{"line":511,"column":54}},"68":{"start":{"line":513,"column":8},"end":{"line":513,"column":86}},"69":{"start":{"line":515,"column":23},"end":{"line":520,"column":10}},"70":{"start":{"line":522,"column":23},"end":{"line":522,"column":41}},"71":{"start":{"line":523,"column":8},"end":{"line":523,"column":25}},"72":{"start":{"line":525,"column":8},"end":{"line":525,"column":98}},"73":{"start":{"line":526,"column":8},"end":{"line":526,"column":57}},"74":{"start":{"line":586,"column":4},"end":{"line":591,"column":7}},"75":{"start":{"line":587,"column":6},"end":{"line":589,"column":8}},"76":{"start":{"line":590,"column":6},"end":{"line":590,"column":57}},"77":{"start":{"line":645,"column":4},"end":{"line":650,"column":7}},"78":{"start":{"line":646,"column":6},"end":{"line":648,"column":8}},"79":{"start":{"line":649,"column":6},"end":{"line":649,"column":59}},"80":{"start":{"line":652,"column":4},"end":{"line":652,"column":18}},"81":{"start":{"line":654,"column":4},"end":{"line":657,"column":7}},"82":{"start":{"line":658,"column":4},"end":{"line":658,"column":16}}},"fnMap":{"0":{"name":"(anonymous_0)","decl":{"start":{"line":7,"column":17},"end":{"line":7,"column":18}},"loc":{"start":{"line":7,"column":39},"end":{"line":660,"column":1}},"line":7},"1":{"name":"(anonymous_1)","decl":{"start":{"line":13,"column":90},"end":{"line":13,"column":91}},"loc":{"start":{"line":13,"column":97},"end":{"line":13,"column":116}},"line":13},"2":{"name":"(anonymous_2)","decl":{"start":{"line":150,"column":29},"end":{"line":150,"column":30}},"loc":{"start":{"line":150,"column":49},"end":{"line":164,"column":5}},"line":150},"3":{"name":"(anonymous_3)","decl":{"start":{"line":214,"column":34},"end":{"line":214,"column":35}},"loc":{"start":{"line":214,"column":48},"end":{"line":217,"column":5}},"line":214},"4":{"name":"(anonymous_4)","decl":{"start":{"line":277,"column":20},"end":{"line":277,"column":21}},"loc":{"start":{"line":277,"column":40},"end":{"line":294,"column":5}},"line":277},"5":{"name":"(anonymous_5)","decl":{"start":{"line":352,"column":42},"end":{"line":352,"column":43}},"loc":{"start":{"line":352,"column":56},"end":{"line":357,"column":5}},"line":352},"6":{"name":"(anonymous_6)","decl":{"start":{"line":395,"column":27},"end":{"line":395,"column":28}},"loc":{"start":{"line":395,"column":47},"end":{"line":416,"column":5}},"line":395},"7":{"name":"(anonymous_7)","decl":{"start":{"line":452,"column":27},"end":{"line":452,"column":28}},"loc":{"start":{"line":452,"column":47},"end":{"line":472,"column":5}},"line":452},"8":{"name":"(anonymous_8)","decl":{"start":{"line":508,"column":26},"end":{"line":508,"column":27}},"loc":{"start":{"line":508,"column":46},"end":{"line":528,"column":5}},"line":508},"9":{"name":"(anonymous_9)","decl":{"start":{"line":586,"column":38},"end":{"line":586,"column":39}},"loc":{"start":{"line":586,"column":52},"end":{"line":591,"column":5}},"line":586},"10":{"name":"(anonymous_10)","decl":{"start":{"line":645,"column":40},"end":{"line":645,"column":41}},"loc":{"start":{"line":645,"column":54},"end":{"line":650,"column":5}},"line":645}},"branchMap":{"0":{"loc":{"start":{"line":9,"column":4},"end":{"line":11,"column":5}},"type":"if","locations":[{"start":{"line":9,"column":4},"end":{"line":11,"column":5}},{"start":{},"end":{}}],"line":9},"1":{"loc":{"start":{"line":9,"column":8},"end":{"line":9,"column":89}},"type":"binary-expr","locations":[{"start":{"line":9,"column":8},"end":{"line":9,"column":25}},{"start":{"line":9,"column":29},"end":{"line":9,"column":89}}],"line":9},"2":{"loc":{"start":{"line":152,"column":26},"end":{"line":152,"column":87}},"type":"binary-expr","locations":[{"start":{"line":152,"column":26},"end":{"line":152,"column":45}},{"start":{"line":152,"column":49},"end":{"line":152,"column":87}}],"line":152},"3":{"loc":{"start":{"line":153,"column":24},"end":{"line":153,"column":69}},"type":"binary-expr","locations":[{"start":{"line":153,"column":24},"end":{"line":153,"column":41}},{"start":{"line":153,"column":45},"end":{"line":153,"column":69}}],"line":153},"4":{"loc":{"start":{"line":154,"column":23},"end":{"line":154,"column":47}},"type":"binary-expr","locations":[{"start":{"line":154,"column":23},"end":{"line":154,"column":39}},{"start":{"line":154,"column":43},"end":{"line":154,"column":47}}],"line":154},"5":{"loc":{"start":{"line":281,"column":24},"end":{"line":281,"column":78}},"type":"cond-expr","locations":[{"start":{"line":281,"column":44},"end":{"line":281,"column":73}},{"start":{"line":281,"column":76},"end":{"line":281,"column":78}}],"line":281},"6":{"loc":{"start":{"line":282,"column":23},"end":{"line":282,"column":47}},"type":"binary-expr","locations":[{"start":{"line":282,"column":23},"end":{"line":282,"column":39}},{"start":{"line":282,"column":43},"end":{"line":282,"column":47}}],"line":282},"7":{"loc":{"start":{"line":285,"column":36},"end":{"line":285,"column":62}},"type":"binary-expr","locations":[{"start":{"line":285,"column":36},"end":{"line":285,"column":45}},{"start":{"line":285,"column":49},"end":{"line":285,"column":62}}],"line":285},"8":{"loc":{"start":{"line":285,"column":69},"end":{"line":285,"column":93}},"type":"binary-expr","locations":[{"start":{"line":285,"column":69},"end":{"line":285,"column":76}},{"start":{"line":285,"column":80},"end":{"line":285,"column":93}}],"line":285},"9":{"loc":{"start":{"line":354,"column":89},"end":{"line":354,"column":118}},"type":"binary-expr","locations":[{"start":{"line":354,"column":89},"end":{"line":354,"column":107}},{"start":{"line":354,"column":111},"end":{"line":354,"column":118}}],"line":354},"10":{"loc":{"start":{"line":399,"column":8},"end":{"line":402,"column":9}},"type":"if","locations":[{"start":{"line":399,"column":8},"end":{"line":402,"column":9}},{"start":{},"end":{}}],"line":399},"11":{"loc":{"start":{"line":405,"column":8},"end":{"line":407,"column":9}},"type":"if","locations":[{"start":{"line":405,"column":8},"end":{"line":407,"column":9}},{"start":{},"end":{}}],"line":405},"12":{"loc":{"start":{"line":410,"column":76},"end":{"line":410,"column":91}},"type":"binary-expr","locations":[{"start":{"line":410,"column":76},"end":{"line":410,"column":85}},{"start":{"line":410,"column":89},"end":{"line":410,"column":91}}],"line":410},"13":{"loc":{"start":{"line":454,"column":22},"end":{"line":454,"column":53}},"type":"binary-expr","locations":[{"start":{"line":454,"column":22},"end":{"line":454,"column":47}},{"start":{"line":454,"column":51},"end":{"line":454,"column":53}}],"line":454},"14":{"loc":{"start":{"line":455,"column":23},"end":{"line":455,"column":54}},"type":"binary-expr","locations":[{"start":{"line":455,"column":23},"end":{"line":455,"column":49}},{"start":{"line":455,"column":53},"end":{"line":455,"column":54}}],"line":455},"15":{"loc":{"start":{"line":510,"column":22},"end":{"line":510,"column":53}},"type":"binary-expr","locations":[{"start":{"line":510,"column":22},"end":{"line":510,"column":47}},{"start":{"line":510,"column":51},"end":{"line":510,"column":53}}],"line":510},"16":{"loc":{"start":{"line":511,"column":23},"end":{"line":511,"column":54}},"type":"binary-expr","locations":[{"start":{"line":511,"column":23},"end":{"line":511,"column":49}},{"start":{"line":511,"column":53},"end":{"line":511,"column":54}}],"line":511},"17":{"loc":{"start":{"line":588,"column":108},"end":{"line":588,"column":132}},"type":"binary-expr","locations":[{"start":{"line":588,"column":108},"end":{"line":588,"column":124}},{"start":{"line":588,"column":128},"end":{"line":588,"column":132}}],"line":588},"18":{"loc":{"start":{"line":647,"column":110},"end":{"line":647,"column":134}},"type":"binary-expr","locations":[{"start":{"line":647,"column":110},"end":{"line":647,"column":126}},{"start":{"line":647,"column":130},"end":{"line":647,"column":134}}],"line":647}},"s":{"0":14,"1":14,"2":14,"3":14,"4":14,"5":14,"6":2,"7":2,"8":1,"9":1,"10":12,"11":1,"12":1,"13":1,"14":2,"15":2,"16":2,"17":2,"18":2,"19":2,"20":2,"21":0,"22":0,"23":1,"24":6,"25":6,"26":1,"27":3,"28":3,"29":3,"30":3,"31":3,"32":3,"33":3,"34":2,"35":1,"36":1,"37":1,"38":4,"39":4,"40":1,"41":3,"42":3,"43":3,"44":1,"45":1,"46":2,"47":2,"48":1,"49":1,"50":1,"51":1,"52":0,"53":0,"54":1,"55":2,"56":2,"57":2,"58":2,"59":2,"60":2,"61":2,"62":0,"63":0,"64":1,"65":1,"66":1,"67":1,"68":1,"69":1,"70":1,"71":1,"72":0,"73":0,"74":1,"75":2,"76":2,"77":1,"78":2,"79":2,"80":1,"81":1,"82":1},"f":{"0":2,"1":12,"2":2,"3":6,"4":3,"5":4,"6":3,"7":2,"8":1,"9":2,"10":2},"b":{"0":[1,1],"1":[2,2],"2":[2,1],"3":[2,1],"4":[2,1],"5":[1,2],"6":[3,2],"7":[3,1],"8":[3,1],"9":[4,1],"10":[1,2],"11":[1,1],"12":[1,1],"13":[2,1],"14":[2,1],"15":[1,0],"16":[1,1],"17":[2,2],"18":[2,2]},"_coverageSchema":"1a1c01bbd47fc00a2c39e90264f33305004495a9","hash":"11d09b0acd93132c35a29bdf8e07e4b032a06fa3"}
[...]
tart":{"line":458,"column":6},"end":{"line":458,"column":105}},"174":{"start":{"line":467,"column":4},"end":{"line":477,"column":6}},"175":{"start":{"line":481,"column":0},"end":{"line":481,"column":37}}},"fnMap":{"0":{"name":"(anonymous_0)","decl":{"start":{"line":17,"column":2},"end":{"line":17,"column":3}},"loc":{"start":{"line":17,"column":16},"end":{"line":35,"column":3}},"line":17},"1":{"name":"(anonymous_1)","decl":{"start":{"line":41,"column":2},"end":{"line":41,"column":3}},"loc":{"start":{"line":41,"column":27},"end":{"line":66,"column":3}},"line":41},"2":{"name":"(anonymous_2)","decl":{"start":{"line":71,"column":2},"end":{"line":71,"column":3}},"loc":{"start":{"line":71,"column":15},"end":{"line":93,"column":3}},"line":71},"3":{"name":"(anonymous_3)","decl":{"start":{"line":102,"column":2},"end":{"line":102,"column":3}},"loc":{"start":{"line":102,"column":35},"end":{"line":108,"column":3}},"line":102},"4":{"name":"(anonymous_4)","decl":{"start":{"line":110,"column":2},"end":{"line":110,"column":3}},"loc":{"start":{"line":110,"column":22},"end":{"line":153,"column":3}},"line":110},"5":{"name":"(anonymous_5)","decl":{"start":{"line":117,"column":25},"end":{"line":117,"column":26}},"loc":{"start":{"line":117,"column":46},"end":{"line":148,"column":7}},"line":117},"6":{"name":"(anonymous_6)","decl":{"start":{"line":127,"column":44},"end":{"line":127,"column":45}},"loc":{"start":{"line":127,"column":53},"end":{"line":135,"column":9}},"line":127},"7":{"name":"(anonymous_7)","decl":{"start":{"line":137,"column":24},"end":{"line":137,"column":25}},"loc":{"start":{"line":137,"column":35},"end":{"line":140,"column":9}},"line":137},"8":{"name":"(anonymous_8)","decl":{"start":{"line":142,"column":26},"end":{"line":142,"column":27}},"loc":{"start":{"line":142,"column":32},"end":{"line":145,"column":9}},"line":142},"9":{"name":"(anonymous_9)","decl":{"start":{"line":158,"column":2},"end":{"line":158,"column":3}},"loc":{"start":{"line":158,"column":25},"end":{"line":213,"column":3}},"line":158},"10":{"name":"(anonymous_10)","decl":{"start":{"line":165,"column":24},"end":{"line":165,"column":25}},"loc":{"start":{"line":165,"column":37},"end":{"line":209,"column":7}},"line":165},"11":{"name":"(anonymous_11)","decl":{"start":{"line":175,"column":44},"end":{"line":175,"column":45}},"loc":{"start":{"line":175,"column":53},"end":{"line":198,"column":9}},"line":175},"12":{"name":"(anonymous_12)","decl":{"start":{"line":177,"column":25},"end":{"line":177,"column":26}},"loc":{"start":{"line":177,"column":36},"end":{"line":179,"column":11}},"line":177},"13":{"name":"(anonymous_13)","decl":{"start":{"line":180,"column":24},"end":{"line":180,"column":25}},"loc":{"start":{"line":180,"column":30},"end":{"line":197,"column":11}},"line":180},"14":{"name":"(anonymous_14)","decl":{"start":{"line":183,"column":46},"end":{"line":183,"column":47}},"loc":{"start":{"line":183,"column":53},"end":{"line":183,"column":74}},"line":183},"15":{"name":"(anonymous_15)","decl":{"start":{"line":200,"column":24},"end":{"line":200,"column":25}},"loc":{"start":{"line":200,"column":35},"end":{"line":203,"column":9}},"line":200},"16":{"name":"(anonymous_16)","decl":{"start":{"line":204,"column":26},"end":{"line":204,"column":27}},"loc":{"start":{"line":204,"column":32},"end":{"line":207,"column":9}},"line":204},"17":{"name":"(anonymous_17)","decl":{"start":{"line":220,"column":2},"end":{"line":220,"column":3}},"loc":{"start":{"line":220,"column":27},"end":{"line":232,"column":3}},"line":220},"18":{"name":"(anonymous_18)","decl":{"start":{"line":239,"column":2},"end":{"line":239,"column":3}},"loc":{"start":{"line":239,"column":31},"end":{"line":245,"column":3}},"line":239},"19":{"name":"(anonymous_19)","decl":{"start":{"line":252,"column":2},"end":{"line":252,"column":3}},"loc":{"start":{"line":252,"column":31},"end":{"line":254,"column":3}},"line":252},"20":{"name":"(anonymous_20)","decl":{"start":{"line":260,"column":2},"end":{"line":260,"column":3}},"loc":{"start":{"line":260,"column":26},"end":{"line":262,"column":3}},"line":260},"21":{"name":"(anonymous_21)","decl":{"start":{"line":272,"column":2},"end":{"line":272,"column":3}},"loc":{"start":{"line":272,"column":55},"end":{"line":331,"column":3}},"line":272},"22":{"name":"(anonymous_22)","decl":{"start":{"line":338,"column":2},"end":{"line":338,"column":3}},"loc":{"start":{"line":338,"column":37},"end":{"line":402,"column":3}},"line":338},"23":{"name":"(anonymous_23)","decl":{"start":{"line":344,"column":23},"end":{"line":344,"column":24}},"loc":{"start":{"line":344,"column":44},"end":{"line":401,"column":5}},"line":344},"24":{"name":"(anonymous_24)","decl":{"start":{"line":359,"column":42},"end":{"line":359,"column":43}},"loc":{"start":{"line":359,"column":51},"end":{"line":387,"column":7}},"line":359},"25":{"name":"(anonymous_25)","decl":{"start":{"line":362,"column":23},"end":{"line":362,"column":24}},"loc":{"start":{"line":362,"column":34},"end":{"line":364,"column":9}},"line":362},"26":{"name":"(anonymous_26)","decl":{"start":{"line":366,"column":22},"end":{"line":366,"column":23}},"loc":{"start":{"line":366,"column":28},"end":{"line":386,"column":9}},"line":366},"27":{"name":"(anonymous_27)","decl":{"start":{"line":389,"column":22},"end":{"line":389,"column":23}},"loc":{"start":{"line":389,"column":33},"end":{"line":392,"column":7}},"line":389},"28":{"name":"(anonymous_28)","decl":{"start":{"line":394,"column":24},"end":{"line":394,"column":25}},"loc":{"start":{"line":394,"column":30},"end":{"line":397,"column":7}},"line":394},"29":{"name":"(anonymous_29)","decl":{"start":{"line":411,"column":2},"end":{"line":411,"column":3}},"loc":{"start":{"line":411,"column":49},"end":{"line":460,"column":3}},"line":411},"30":{"name":"(anonymous_30)","decl":{"start":{"line":466,"column":2},"end":{"line":466,"column":3}},"loc":{"start":{"line":466,"column":19},"end":{"line":478,"column":3}},"line":466}},"branchMap":{"0":{"loc":{"start":{"line":6,"column":21},"end":{"line":6,"column":51}},"type":"binary-expr","locations":[{"start":{"line":6,"column":21},"end":{"line":6,"column":45}},{"start":{"line":6,"column":49},"end":{"line":6,"column":51}}],"line":6},"1":{"loc":{"start":{"line":19,"column":19},"end":{"line":19,"column":82}},"type":"binary-expr","locations":[{"start":{"line":19,"column":19},"end":{"line":19,"column":56}},{"start":{"line":19,"column":60},"end":{"line":19,"column":82}}],"line":19},"2":{"loc":{"start":{"line":20,"column":20},"end":{"line":20,"column":101}},"type":"binary-expr","locations":[{"start":{"line":20,"column":20},"end":{"line":20,"column":57}},{"start":{"line":20,"column":61},"end":{"line":20,"column":101}}],"line":20},"3":{"loc":{"start":{"line":21,"column":16},"end":{"line":21,"column":79}},"type":"binary-expr","locations":[{"start":{"line":21,"column":16},"end":{"line":21,"column":71}},{"start":{"line":21,"column":75},"end":{"line":21,"column":79}}],"line":21},"4":{"loc":{"start":{"line":52,"column":6},"end":{"line":55,"column":7}},"type":"if","locations":[{"start":{"line":52,"column":6},"end":{"line":55,"column":7}},{"start":{},"end":{}}],"line":52},"5":{"loc":{"start":{"line":58,"column":25},"end":{"line":58,"column":59}},"type":"binary-expr","locations":[{"start":{"line":58,"column":25},"end":{"line":58,"column":53}},{"start":{"line":58,"column":57},"end":{"line":58,"column":59}}],"line":58},"6":{"loc":{"start":{"line":72,"column":4},"end":{"line":75,"column":5}},"type":"if","locations":[{"start":{"line":72,"column":4},"end":{"line":75,"column":5}},{"start":{},"end":{}}],"line":72},"7":{"loc":{"start":{"line":102,"column":16},"end":{"line":102,"column":33}},"type":"default-arg","locations":[{"start":{"line":102,"column":31},"end":{"line":102,"column":33}}],"line":102},"8":{"loc":{"start":{"line":104,"column":4},"end":{"line":106,"column":5}},"type":"if","locations":[{"start":{"line":104,"column":4},"end":{"line":106,"column":5}},{"start":{},"end":{}}],"line":104},"9":{"loc":{"start":{"line":114,"column":21},"end":{"line":114,"column":43}},"type":"cond-expr","locations":[{"start":{"line":114,"column":31},"end":{"line":114,"column":36}},{"start":{"line":114,"column":39},"end":{"line":114,"column":43}}],"line":114},"10":{"loc":{"start":{"line":120,"column":16},"end":{"line":120,"column":66}},"type":"binary-expr","locations":[{"start":{"line":120,"column":16},"end":{"line":120,"column":24}},{"start":{"line":120,"column":29},"end":{"line":120,"column":65}}],"line":120},"11":{"loc":{"start":{"line":120,"column":29},"end":{"line":120,"column":65}},"type":"cond-expr","locations":[{"start":{"line":120,"column":57},"end":{"line":120,"column":60}},{"start":{"line":120,"column":63},"end":{"line":120,"column":65}}],"line":120},"12":{"loc":{"start":{"line":128,"column":10},"end":{"line":134,"column":11}},"type":"if","locations":[{"start":{"line":128,"column":10},"end":{"line":134,"column":11}},{"start":{"line":131,"column":17},"end":{"line":134,"column":11}}],"line":128},"13":{"loc":{"start":{"line":128,"column":14},"end":{"line":128,"column":59}},"type":"binary-expr","locations":[{"start":{"line":128,"column":14},"end":{"line":128,"column":35}},{"start":{"line":128,"column":39},"end":{"line":128,"column":59}}],"line":128},"14":{"loc":{"start":{"line":162,"column":21},"end":{"line":162,"column":43}},"type":"cond-expr","locations":[{"start":{"line":162,"column":31},"end":{"line":162,"column":36}},{"start":{"line":162,"column":39},"end":{"line":162,"column":43}}],"line":162},"15":{"loc":{"start":{"line":168,"column":16},"end":{"line":168,"column":66}},"type":"binary-expr","locations":[{"start":{"line":168,"column":16},"end":{"line":168,"column":24}},{"start":{"line":168,"column":29},"end":{"line":168,"column":65}}],"line":168},"16":{"loc":{"start":{"line":168,"column":29},"end":{"line":168,"column":65}},"type":"cond-expr","locations":[{"start":{"line":168,"column":57},"end":{"line":168,"column":60}},{"start":{"line":168,"column":63},"end":{"line":168,"column":65}}],"line":168},"17":{"loc":{"start":{"line":184,"column":14},"end":{"line":191,"column":15}},"type":"if","locations":[{"start":{"line":184,"column":14},"end":{"line":191,"column":15}},{"start":{"line":187,"column":21},"end":{"line":191,"column":15}}],"line":184},"18":{"loc":{"start":{"line":221,"column":4},"end":{"line":223,"column":5}},"type":"if","locations":[{"start":{"line":221,"column":4},"end":{"line":223,"column":5}},{"start":{},"end":{}}],"line":221},"19":{"loc":{"start":{"line":226,"column":4},"end":{"line":229,"column":5}},"type":"if","locations":[{"start":{"line":226,"column":4},"end":{"line":229,"column":5}},{"start":{},"end":{}}],"line":226},"20":{"loc":{"start":{"line":240,"column":4},"end":{"line":242,"column":5}},"type":"if","locations":[{"start":{"line":240,"column":4},"end":{"line":242,"column":5}},{"start":{},"end":{}}],"line":240},"21":{"loc":{"start":{"line":244,"column":11},"end":{"line":244,"column":44}},"type":"binary-expr","locations":[{"start":{"line":244,"column":11},"end":{"line":244,"column":36}},{"start":{"line":244,"column":40},"end":{"line":244,"column":44}}],"line":244},"22":{"loc":{"start":{"line":253,"column":11},"end":{"line":253,"column":106}},"type":"binary-expr","locations":[{"start":{"line":253,"column":11},"end":{"line":253,"column":27}},{"start":{"line":253,"column":31},"end":{"line":253,"column":106}}],"line":253},"23":{"loc":{"start":{"line":261,"column":11},"end":{"line":261,"column":63}},"type":"cond-expr","locations":[{"start":{"line":261,"column":30},"end":{"line":261,"column":58}},{"start":{"line":261,"column":61},"end":{"line":261,"column":63}}],"line":261},"24":{"loc":{"start":{"line":277,"column":4},"end":{"line":296,"column":5}},"type":"if","locations":[{"start":{"line":277,"column":4},"end":{"line":296,"column":5}},{"start":{},"end":{}}],"line":277},"25":{"loc":{"start":{"line":299,"column":4},"end":{"line":317,"column":5}},"type":"if","locations":[{"start":{"line":299,"column":4},"end":{"line":317,"column":5}},{"start":{},"end":{}}],"line":299},"26":{"loc":{"start":{"line":300,"column":29},"end":{"line":300,"column":87}},"type":"binary-expr","locations":[{"start":{"line":300,"column":29},"end":{"line":300,"column":73}},{"start":{"line":300,"column":77},"end":{"line":300,"column":87}}],"line":300},"27":{"loc":{"start":{"line":301,"column":29},"end":{"line":301,"column":87}},"type":"binary-expr","locations":[{"start":{"line":301,"column":29},"end":{"line":301,"column":73}},{"start":{"line":301,"column":77},"end":{"line":301,"column":87}}],"line":301},"28":{"loc":{"start":{"line":302,"column":21},"end":{"line":304,"column":147}},"type":"cond-expr","locations":[{"start":{"line":303,"column":10},"end":{"line":303,"column":103}},{"start":{"line":304,"column":10},"end":{"line":304,"column":147}}],"line":302},"29":{"loc":{"start":{"line":341,"column":19},"end":{"line":341,"column":41}},"type":"cond-expr","locations":[{"start":{"line":341,"column":29},"end":{"line":341,"column":34}},{"start":{"line":341,"column":37},"end":{"line":341,"column":41}}],"line":341},"30":{"loc":{"start":{"line":349,"column":14},"end":{"line":349,"column":64}},"type":"binary-expr","locations":[{"start":{"line":349,"column":14},"end":{"line":349,"column":22}},{"start":{"line":349,"column":27},"end":{"line":349,"column":63}}],"line":349},"31":{"loc":{"start":{"line":349,"column":27},"end":{"line":349,"column":63}},"type":"cond-expr","locations":[{"start":{"line":349,"column":55},"end":{"line":349,"column":58}},{"start":{"line":349,"column":61},"end":{"line":349,"column":63}}],"line":349},"32":{"loc":{"start":{"line":368,"column":12},"end":{"line":381,"column":13}},"type":"if","locations":[{"start":{"line":368,"column":12},"end":{"line":381,"column":13}},{"start":{"line":378,"column":19},"end":{"line":381,"column":13}}],"line":368},"33":{"loc":{"start":{"line":368,"column":16},"end":{"line":368,"column":61}},"type":"binary-expr","locations":[{"start":{"line":368,"column":16},"end":{"line":368,"column":37}},{"start":{"line":368,"column":41},"end":{"line":368,"column":61}}],"line":368},"34":{"loc":{"start":{"line":373,"column":14},"end":{"line":375,"column":15}},"type":"if","locations":[{"start":{"line":373,"column":14},"end":{"line":375,"column":15}},{"start":{},"end":{}}],"line":373},"35":{"loc":{"start":{"line":373,"column":18},"end":{"line":373,"column":65}},"type":"binary-expr","locations":[{"start":{"line":373,"column":18},"end":{"line":373,"column":34}},{"start":{"line":373,"column":38},"end":{"line":373,"column":65}}],"line":373},"36":{"loc":{"start":{"line":412,"column":4},"end":{"line":415,"column":5}},"type":"if","locations":[{"start":{"line":412,"column":4},"end":{"line":415,"column":5}},{"start":{},"end":{}}],"line":412},"37":{"loc":{"start":{"line":417,"column":4},"end":{"line":420,"column":5}},"type":"if","locations":[{"start":{"line":417,"column":4},"end":{"line":420,"column":5}},{"start":{},"end":{}}],"line":417},"38":{"loc":{"start":{"line":417,"column":8},"end":{"line":417,"column":36}},"type":"binary-expr","locations":[{"start":{"line":417,"column":8},"end":{"line":417,"column":14}},{"start":{"line":417,"column":18},"end":{"line":417,"column":36}}],"line":417},"39":{"loc":{"start":{"line":433,"column":8},"end":{"line":436,"column":9}},"type":"if","locations":[{"start":{"line":433,"column":8},"end":{"line":436,"column":9}},{"start":{},"end":{}}],"line":433},"40":{"loc":{"start":{"line":433,"column":12},"end":{"line":433,"column":39}},"type":"binary-expr","locations":[{"start":{"line":433,"column":12},"end":{"line":433,"column":17}},{"start":{"line":433,"column":21},"end":{"line":433,"column":39}}],"line":433},"41":{"loc":{"start":{"line":470,"column":15},"end":{"line":470,"column":58}},"type":"binary-expr","locations":[{"start":{"line":470,"column":15},"end":{"line":470,"column":42}},{"start":{"line":470,"column":46},"end":{"line":470,"column":58}}],"line":470},"42":{"loc":{"start":{"line":471,"column":18},"end":{"line":471,"column":59}},"type":"binary-expr","locations":[{"start":{"line":471,"column":18},"end":{"line":471,"column":46}},{"start":{"line":471,"column":50},"end":{"line":471,"column":59}}],"line":471}},"s":{"0":1,"1":1,"2":1,"3":1,"4":9,"5":9,"6":9,"7":9,"8":9,"9":9,"10":9,"11":9,"12":9,"13":9,"14":9,"15":9,"16":9,"17":9,"18":9,"19":0,"20":0,"21":9,"22":9,"23":9,"24":9,"25":0,"26":0,"27":0,"28":0,"29":0,"30":0,"31":0,"32":0,"33":0,"34":0,"35":0,"36":0,"37":0,"38":0,"39":0,"40":9,"41":9,"42":9,"43":9,"44":3,"45":3,"46":3,"47":3,"48":3,"49":3,"50":3,"51":3,"52":3,"53":3,"54":3,"55":0,"56":0,"57":3,"58":0,"59":0,"60":3,"61":0,"62":0,"63":3,"64":0,"65":0,"66":1,"67":1,"68":1,"69":1,"70":1,"71":1,"72":1,"73":1,"74":1,"75":1,"76":1,"77":1,"78":1,"79":1,"80":1,"81":1,"82":1,"83":1,"84":1,"85":0,"86":1,"87":0,"88":0,"89":1,"90":0,"91":0,"92":1,"93":0,"94":0,"95":1,"96":0,"97":0,"98":0,"99":0,"100":0,"101":0,"102":0,"103":0,"104":0,"105":0,"106":0,"107":0,"108":0,"109":0,"110":0,"111":0,"112":0,"113":0,"114":0,"115":0,"116":0,"117":0,"118":2,"119":2,"120":2,"121":2,"122":2,"123":2,"124":2,"125":2,"126":2,"127":2,"128":2,"129":2,"130":2,"131":2,"132":2,"133":2,"134":2,"135":2,"136":2,"137":0,"138":0,"139":0,"140":0,"141":2,"142":0,"143":0,"144":2,"145":0,"146":0,"147":2,"148":2,"149":0,"150":0,"151":0,"152":0,"153":0,"154":0,"155":0,"156":0,"157":0,"158":0,"159":0,"160":0,"161":0,"162":0,"163":0,"164":0,"165":0,"166":0,"167":0,"168":0,"169":0,"170":0,"171":0,"172":0,"173":0,"174":0,"175":1},"f":{"0":9,"1":9,"2":0,"3":9,"4":3,"5":3,"6":3,"7":0,"8":0,"9":1,"10":1,"11":1,"12":1,"13":1,"14":1,"15":0,"16":0,"17":0,"18":0,"19":0,"20":0,"21":0,"22":2,"23":2,"24":2,"25":2,"26":2,"27":0,"28":0,"29":0,"30":0},"b":{"0":[1,0],"1":[9,0],"2":[9,0],"3":[9,9],"4":[0,9],"5":[9,0],"6":[0,0],"7":[5],"8":[9,0],"9":[2,1],"10":[3,2],"11":[2,0],"12":[3,0],"13":[3,3],"14":[1,0],"15":[1,1],"16":[1,0],"17":[1,0],"18":[0,0],"19":[0,0],"20":[0,0],"21":[0,0],"22":[0,0],"23":[0,0],"24":[0,0],"25":[0,0],"26":[0,0],"27":[0,0],"28":[0,0],"29":[1,1],"30":[2,1],"31":[1,0],"32":[2,0],"33":[2,2],"34":[2,0],"35":[2,2],"36":[0,0],"37":[0,0],"38":[0,0],"39":[0,0],"40":[0,0],"41":[0,0],"42":[0,0]},"_coverageSchema":"1a1c01bbd47fc00a2c39e90264f33305004495a9","hash":"e57bf3257792def7cfbba026078de5a76869dc04"}
,"/home/jerome/git_projects/ITU/genie-ai/.claude/worktrees/testing-framework/components/gov-chat-backend/services/translation/language-maps/gemma-3-map.js": {"path":"/home/jerome/git_projects/ITU/genie-ai/.claude/worktrees/testing-framework/components/gov-chat-backend/services/translation/language-maps/gemma-3-map.js","statementMap":{"0":{"start":{"line":24,"column":0},"end":{"line":160,"column":2}},"1":{"start":{"line":115,"column":4},"end":{"line":115,"column":149}}},"fnMap":{"0":{"name":"(anonymous_0)","decl":{"start":{"line":114,"column":18},"end":{"line":114,"column":19}},"loc":{"start":{"line":114,"column":84},"end":{"line":116,"column":3}},"line":114}},"branchMap":{},"s":{"0":1,"1":0},"f":{"0":0},"b":{},"_coverageSchema":"1a1c01bbd47fc00a2c39e90264f33305004495a9","hash":"f6c97353b92ec495b5628efd7a9db6dd311211cb"}
,"/home/jerome/git_projects/ITU/genie-ai/.claude/worktrees/testing-framework/components/gov-chat-backend/services/translation/language-maps/nllb-200-map.js": {"path":"/home/jerome/git_projects/ITU/genie-ai/.claude/worktrees/testing-framework/components/gov-chat-backend/services/translation/language-maps/nllb-200-map.js","statementMap":{"0":{"start":{"line":12,"column":0},"end":{"line":102,"column":2}}},"fnMap":{},"branchMap":{},"s":{"0":0},"f":{},"b":{}}
,"/home/jerome/git_projects/ITU/genie-ai/.claude/worktrees/testing-framework/components/gov-chat-backend/services/translation/language-maps/translategemma-map.js": {"path":"/home/jerome/git_projects/ITU/genie-ai/.claude/worktrees/testing-framework/components/gov-chat-backend/services/translation/language-maps/translategemma-map.js","statementMap":{"0":{"start":{"line":23,"column":0},"end":{"line":114,"column":2}}},"fnMap":{},"branchMap":{},"s":{"0":0},"f":{},"b":{}}
}
