{"/home/jerome/git_projects/ITU/genie-ai/.claude/worktrees/testing-framework/components/document-repository/src/controllers/fileController.js": {"path":"/home/jerome/git_projects/ITU/genie-ai/.claude/worktrees/testing-framework/components/document-repository/src/controllers/fileController.js","statementMap":{"0":{"start":{"line":1,"column":20},"end":{"line":1,"column":54}},"1":{"start":{"line":2,"column":24},"end":{"line":2,"column":62}},"2":{"start":{"line":3,"column":15},"end":{"line":3,"column":45}},"3":{"start":{"line":4,"column":12},"end":{"line":4,"column":26}},"4":{"start":{"line":5,"column":13},"end":{"line":5,"column":28}},"5":{"start":{"line":6,"column":11},"end":{"line":6,"column":33}},"6":{"start":{"line":7,"column":19},"end":{"line":7,"column":46}},"7":{"start":{"line":8,"column":17},"end":{"line":8,"column":36}},"8":{"start":{"line":9,"column":14},"end":{"line":9,"column":30}},"9":{"start":{"line":12,"column":25},"end":{"line":12,"column":53}},"10":{"start":{"line":23,"column":20},"end":{"line":23,"column":51}},"11":{"start":{"line":26,"column":22},"end":{"line":26,"column":82}},"12":{"start":{"line":26,"column":57},"end":{"line":26,"column":81}},"13":{"start":{"line":27,"column":2},"end":{"line":30,"column":3}},"14":{"start":{"line":28,"column":20},"end":{"line":28,"column":75}},"15":{"start":{"line":29,"column":4},"end":{"line":29,"column":82}},"16":{"start":{"line":31,"column":2},"end":{"line":31,"column":51}},"17":{"start":{"line":35,"column":23},"end":{"line":35,"column":25}},"18":{"start":{"line":38,"column":27},"end":{"line":40,"column":2}},"19":{"start":{"line":43,"column":21},"end":{"line":49,"column":2}},"20":{"start":{"line":51,"column":21},"end":{"line":55,"column":2}},"21":{"start":{"line":58,"column":23},"end":{"line":67,"column":2}},"22":{"start":{"line":69,"column":25},"end":{"line":80,"column":2}},"23":{"start":{"line":85,"column":27},"end":{"line":89,"column":2}},"24":{"start":{"line":93,"column":27},"end":{"line":102,"column":2}},"25":{"start":{"line":105,"column":28},"end":{"line":114,"column":2}},"26":{"start":{"line":119,"column":4},"end":{"line":119,"column":53}},"27":{"start":{"line":120,"column":4},"end":{"line":120,"column":71}},"28":{"start":{"line":121,"column":4},"end":{"line":121,"column":45}},"29":{"start":{"line":122,"column":4},"end":{"line":122,"column":63}},"30":{"start":{"line":123,"column":4},"end":{"line":123,"column":49}},"31":{"start":{"line":124,"column":4},"end":{"line":124,"column":67}},"32":{"start":{"line":125,"column":4},"end":{"line":125,"column":49}},"33":{"start":{"line":126,"column":4},"end":{"line":126,"column":45}},"34":{"start":{"line":127,"column":4},"end":{"line":127,"column":49}},"35":{"start":{"line":128,"column":4},"end":{"line":128,"column":51}},"36":{"start":{"line":129,"column":4},"end":{"line":129,"column":49}},"37":{"start":{"line":130,"column":4},"end":{"line":130,"column":57}},"38":{"start":{"line":131,"column":4},"end":{"line":131,"column":51}},"39":{"start":{"line":132,"column":4},"end":{"line":132,"column":49}},"40":{"start":{"line":133,"column":4},"end":{"line":133,"column":51}},"41":{"start":{"line":134,"column":4},"end":{"line":134,"column":67}},"42":{"start":{"line":135,"column":4},"end":{"line":135,"column":69}},"43":{"start":{"line":138,"column":4},"end":{"line":138,"column":59}},"44":{"start":{"line":139,"column":4},"end":{"line":139,"column":61}},"45":{"start":{"line":140,"column":4},"end":{"line":140,"column":61}},"46":{"start":{"line":141,"column":4},"end":{"line":141,"column":55}},"47":{"start":{"line":144,"column":4},"end":{"line":144,"column":63}},"48":{"start":{"line":145,"column":4},"end":{"line":145,"column":51}},"49":{"start":{"line":146,"column":4},"end":{"line":146,"column":59}},"50":{"start":{"line":147,"column":4},"end":{"line":147,"column":53}},"51":{"start":{"line":148,"column":4},"end":{"line":148,"column":55}},"52":{"start":{"line":158,"column":4},"end":{"line":158,"column":32}},"53":{"start":{"line":158,"column":22},"end":{"line":158,"column":32}},"54":{"start":{"line":160,"column":4},"end":{"line":181,"column":5}},"55":{"start":{"line":161,"column":19},"end":{"line":161,"column":30}},"56":{"start":{"line":163,"column":6},"end":{"line":169,"column":7}},"57":{"start":{"line":164,"column":8},"end":{"line":168,"column":9}},"58":{"start":{"line":165,"column":10},"end":{"line":165,"column":38}},"59":{"start":{"line":167,"column":10},"end":{"line":167,"column":66}},"60":{"start":{"line":167,"column":52},"end":{"line":167,"column":64}},"61":{"start":{"line":172,"column":6},"end":{"line":174,"column":7}},"62":{"start":{"line":173,"column":8},"end":{"line":173,"column":26}},"63":{"start":{"line":177,"column":6},"end":{"line":177,"column":93}},"64":{"start":{"line":177,"column":35},"end":{"line":177,"column":55}},"65":{"start":{"line":177,"column":75},"end":{"line":177,"column":91}},"66":{"start":{"line":179,"column":6},"end":{"line":179,"column":72}},"67":{"start":{"line":180,"column":6},"end":{"line":180,"column":16}},"68":{"start":{"line":191,"column":29},"end":{"line":191,"column":56}},"69":{"start":{"line":192,"column":4},"end":{"line":198,"column":5}},"70":{"start":{"line":193,"column":6},"end":{"line":197,"column":8}},"71":{"start":{"line":199,"column":4},"end":{"line":199,"column":17}},"72":{"start":{"line":209,"column":4},"end":{"line":209,"column":41}},"73":{"start":{"line":211,"column":4},"end":{"line":220,"column":5}},"74":{"start":{"line":212,"column":6},"end":{"line":219,"column":8}},"75":{"start":{"line":223,"column":4},"end":{"line":235,"column":5}},"76":{"start":{"line":227,"column":6},"end":{"line":234,"column":8}},"77":{"start":{"line":237,"column":4},"end":{"line":246,"column":5}},"78":{"start":{"line":238,"column":6},"end":{"line":245,"column":8}},"79":{"start":{"line":248,"column":4},"end":{"line":257,"column":5}},"80":{"start":{"line":249,"column":6},"end":{"line":256,"column":8}},"81":{"start":{"line":259,"column":4},"end":{"line":268,"column":5}},"82":{"start":{"line":260,"column":6},"end":{"line":267,"column":8}},"83":{"start":{"line":270,"column":4},"end":{"line":277,"column":6}},"84":{"start":{"line":287,"column":4},"end":{"line":307,"column":6}},"85":{"start":{"line":318,"column":4},"end":{"line":324,"column":5}},"86":{"start":{"line":319,"column":6},"end":{"line":323,"column":8}},"87":{"start":{"line":327,"column":17},"end":{"line":327,"column":62}},"88":{"start":{"line":328,"column":4},"end":{"line":328,"column":87}},"89":{"start":{"line":330,"column":4},"end":{"line":336,"column":5}},"90":{"start":{"line":331,"column":6},"end":{"line":335,"column":8}},"91":{"start":{"line":338,"column":26},"end":{"line":338,"column":63}},"92":{"start":{"line":339,"column":4},"end":{"line":339,"column":71}},"93":{"start":{"line":340,"column":27},"end":{"line":340,"column":61}},"94":{"start":{"line":341,"column":21},"end":{"line":341,"column":92}},"95":{"start":{"line":342,"column":25},"end":{"line":342,"column":47}},"96":{"start":{"line":343,"column":23},"end":{"line":343,"column":60}},"97":{"start":{"line":344,"column":4},"end":{"line":350,"column":5}},"98":{"start":{"line":345,"column":6},"end":{"line":349,"column":8}},"99":{"start":{"line":351,"column":4},"end":{"line":351,"column":64}},"100":{"start":{"line":354,"column":4},"end":{"line":362,"column":5}},"101":{"start":{"line":355,"column":6},"end":{"line":355,"column":36}},"102":{"start":{"line":357,"column":6},"end":{"line":361,"column":8}},"103":{"start":{"line":363,"column":4},"end":{"line":363,"column":44}},"104":{"start":{"line":371,"column":15},"end":{"line":397,"column":3}},"105":{"start":{"line":372,"column":4},"end":{"line":396,"column":5}},"106":{"start":{"line":373,"column":6},"end":{"line":379,"column":7}},"107":{"start":{"line":374,"column":8},"end":{"line":378,"column":11}},"108":{"start":{"line":381,"column":6},"end":{"line":381,"column":54}},"109":{"start":{"line":382,"column":28},"end":{"line":382,"column":65}},"110":{"start":{"line":383,"column":25},"end":{"line":383,"column":78}},"111":{"start":{"line":385,"column":6},"end":{"line":385,"column":66}},"112":{"start":{"line":387,"column":6},"end":{"line":391,"column":9}},"113":{"start":{"line":393,"column":6},"end":{"line":393,"column":69}},"114":{"start":{"line":394,"column":35},"end":{"line":394,"column":65}},"115":{"start":{"line":395,"column":6},"end":{"line":395,"column":40}},"116":{"start":{"line":404,"column":24},"end":{"line":436,"column":3}},"117":{"start":{"line":405,"column":4},"end":{"line":435,"column":5}},"118":{"start":{"line":406,"column":6},"end":{"line":412,"column":7}},"119":{"start":{"line":407,"column":8},"end":{"line":411,"column":11}},"120":{"start":{"line":414,"column":6},"end":{"line":420,"column":7}},"121":{"start":{"line":415,"column":8},"end":{"line":419,"column":11}},"122":{"start":{"line":422,"column":6},"end":{"line":422,"column":54}},"123":{"start":{"line":423,"column":28},"end":{"line":423,"column":65}},"124":{"start":{"line":424,"column":29},"end":{"line":424,"column":97}},"125":{"start":{"line":424,"column":53},"end":{"line":424,"column":96}},"126":{"start":{"line":425,"column":26},"end":{"line":425,"column":59}},"127":{"start":{"line":427,"column":6},"end":{"line":431,"column":9}},"128":{"start":{"line":430,"column":42},"end":{"line":430,"column":72}},"129":{"start":{"line":433,"column":35},"end":{"line":433,"column":65}},"130":{"start":{"line":434,"column":6},"end":{"line":434,"column":40}},"131":{"start":{"line":438,"column":15},"end":{"line":459,"column":3}},"132":{"start":{"line":439,"column":4},"end":{"line":458,"column":5}},"133":{"start":{"line":440,"column":39},"end":{"line":440,"column":47}},"134":{"start":{"line":441,"column":6},"end":{"line":443,"column":7}},"135":{"start":{"line":442,"column":8},"end":{"line":442,"column":82}},"136":{"start":{"line":446,"column":25},"end":{"line":446,"column":68}},"137":{"start":{"line":448,"column":6},"end":{"line":448,"column":66}},"138":{"start":{"line":450,"column":6},"end":{"line":454,"column":9}},"139":{"start":{"line":456,"column":35},"end":{"line":456,"column":65}},"140":{"start":{"line":457,"column":6},"end":{"line":457,"column":40}},"141":{"start":{"line":467,"column":4},"end":{"line":493,"column":5}},"142":{"start":{"line":469,"column":31},"end":{"line":469,"column":65}},"143":{"start":{"line":470,"column":6},"end":{"line":476,"column":7}},"144":{"start":{"line":471,"column":8},"end":{"line":475,"column":11}},"145":{"start":{"line":478,"column":21},"end":{"line":478,"column":54}},"146":{"start":{"line":480,"column":6},"end":{"line":485,"column":9}},"147":{"start":{"line":487,"column":6},"end":{"line":487,"column":46}},"148":{"start":{"line":488,"column":6},"end":{"line":492,"column":9}},"149":{"start":{"line":502,"column":4},"end":{"line":528,"column":5}},"150":{"start":{"line":503,"column":25},"end":{"line":503,"column":35}},"151":{"start":{"line":504,"column":33},"end":{"line":504,"column":67}},"152":{"start":{"line":507,"column":6},"end":{"line":507,"column":98}},"153":{"start":{"line":508,"column":6},"end":{"line":508,"column":52}},"154":{"start":{"line":511,"column":6},"end":{"line":511,"column":43}},"155":{"start":{"line":513,"column":6},"end":{"line":513,"column":50}},"156":{"start":{"line":515,"column":6},"end":{"line":521,"column":7}},"157":{"start":{"line":516,"column":8},"end":{"line":520,"column":11}},"158":{"start":{"line":523,"column":6},"end":{"line":527,"column":9}},"159":{"start":{"line":532,"column":4},"end":{"line":568,"column":5}},"160":{"start":{"line":533,"column":31},"end":{"line":533,"column":68}},"161":{"start":{"line":534,"column":6},"end":{"line":540,"column":7}},"162":{"start":{"line":535,"column":8},"end":{"line":539,"column":11}},"163":{"start":{"line":541,"column":26},"end":{"line":541,"column":31}},"164":{"start":{"line":544,"column":6},"end":{"line":544,"column":55}},"165":{"start":{"line":545,"column":6},"end":{"line":545,"column":79}},"166":{"start":{"line":547,"column":22},"end":{"line":547,"column":61}},"167":{"start":{"line":548,"column":6},"end":{"line":548,"column":24}},"168":{"start":{"line":550,"column":6},"end":{"line":558,"column":7}},"169":{"start":{"line":551,"column":8},"end":{"line":557,"column":9}},"170":{"start":{"line":552,"column":37},"end":{"line":552,"column":71}},"171":{"start":{"line":553,"column":10},"end":{"line":553,"column":59}},"172":{"start":{"line":556,"column":10},"end":{"line":556,"column":108}},"173":{"start":{"line":560,"column":6},"end":{"line":560,"column":25}},"174":{"start":{"line":562,"column":6},"end":{"line":562,"column":60}},"175":{"start":{"line":563,"column":6},"end":{"line":567,"column":9}},"176":{"start":{"line":572,"column":31},"end":{"line":572,"column":65}},"177":{"start":{"line":573,"column":23},"end":{"line":573,"column":50}},"178":{"start":{"line":574,"column":25},"end":{"line":574,"column":54}},"179":{"start":{"line":575,"column":4},"end":{"line":575,"column":34}},"180":{"start":{"line":584,"column":4},"end":{"line":616,"column":5}},"181":{"start":{"line":585,"column":25},"end":{"line":585,"column":35}},"182":{"start":{"line":586,"column":37},"end":{"line":586,"column":70}},"183":{"start":{"line":589,"column":6},"end":{"line":599,"column":9}},"184":{"start":{"line":601,"column":6},"end":{"line":601,"column":55}},"185":{"start":{"line":603,"column":6},"end":{"line":609,"column":7}},"186":{"start":{"line":604,"column":8},"end":{"line":608,"column":11}},"187":{"start":{"line":611,"column":6},"end":{"line":615,"column":9}},"188":{"start":{"line":620,"column":4},"end":{"line":646,"column":5}},"189":{"start":{"line":621,"column":25},"end":{"line":621,"column":35}},"190":{"start":{"line":622,"column":33},"end":{"line":622,"column":67}},"191":{"start":{"line":625,"column":6},"end":{"line":625,"column":94}},"192":{"start":{"line":626,"column":6},"end":{"line":626,"column":52}},"193":{"start":{"line":629,"column":6},"end":{"line":629,"column":43}},"194":{"start":{"line":631,"column":6},"end":{"line":631,"column":57}},"195":{"start":{"line":633,"column":6},"end":{"line":639,"column":7}},"196":{"start":{"line":634,"column":8},"end":{"line":638,"column":11}},"197":{"start":{"line":641,"column":6},"end":{"line":645,"column":9}},"198":{"start":{"line":655,"column":4},"end":{"line":694,"column":5}},"199":{"start":{"line":656,"column":25},"end":{"line":656,"column":35}},"200":{"start":{"line":658,"column":6},"end":{"line":664,"column":7}},"201":{"start":{"line":659,"column":8},"end":{"line":663,"column":11}},"202":{"start":{"line":666,"column":22},"end":{"line":666,"column":58}},"203":{"start":{"line":667,"column":6},"end":{"line":677,"column":7}},"204":{"start":{"line":668,"column":8},"end":{"line":671,"column":11}},"205":{"start":{"line":673,"column":8},"end":{"line":676,"column":11}},"206":{"start":{"line":679,"column":6},"end":{"line":679,"column":48}},"207":{"start":{"line":681,"column":6},"end":{"line":687,"column":7}},"208":{"start":{"line":682,"column":8},"end":{"line":686,"column":11}},"209":{"start":{"line":689,"column":6},"end":{"line":693,"column":9}},"210":{"start":{"line":701,"column":4},"end":{"line":733,"column":5}},"211":{"start":{"line":702,"column":31},"end":{"line":702,"column":68}},"212":{"start":{"line":703,"column":6},"end":{"line":709,"column":7}},"213":{"start":{"line":704,"column":8},"end":{"line":708,"column":11}},"214":{"start":{"line":710,"column":26},"end":{"line":710,"column":31}},"215":{"start":{"line":712,"column":22},"end":{"line":712,"column":24}},"216":{"start":{"line":713,"column":6},"end":{"line":720,"column":7}},"217":{"start":{"line":714,"column":8},"end":{"line":719,"column":9}},"218":{"start":{"line":715,"column":26},"end":{"line":715,"column":62}},"219":{"start":{"line":716,"column":10},"end":{"line":716,"column":55}},"220":{"start":{"line":718,"column":10},"end":{"line":718,"column":73}},"221":{"start":{"line":722,"column":6},"end":{"line":725,"column":9}},"222":{"start":{"line":727,"column":6},"end":{"line":727,"column":58}},"223":{"start":{"line":728,"column":6},"end":{"line":732,"column":9}},"224":{"start":{"line":742,"column":4},"end":{"line":823,"column":5}},"225":{"start":{"line":743,"column":25},"end":{"line":743,"column":35}},"226":{"start":{"line":745,"column":6},"end":{"line":745,"column":98}},"227":{"start":{"line":747,"column":6},"end":{"line":753,"column":7}},"228":{"start":{"line":748,"column":8},"end":{"line":752,"column":11}},"229":{"start":{"line":756,"column":31},"end":{"line":756,"column":66}},"230":{"start":{"line":757,"column":6},"end":{"line":763,"column":7}},"231":{"start":{"line":758,"column":8},"end":{"line":762,"column":11}},"232":{"start":{"line":764,"column":6},"end":{"line":764,"column":95}},"233":{"start":{"line":767,"column":6},"end":{"line":769,"column":7}},"234":{"start":{"line":768,"column":8},"end":{"line":768,"column":69}},"235":{"start":{"line":772,"column":26},"end":{"line":772,"column":71}},"236":{"start":{"line":773,"column":6},"end":{"line":779,"column":7}},"237":{"start":{"line":774,"column":8},"end":{"line":778,"column":11}},"238":{"start":{"line":782,"column":17},"end":{"line":782,"column":42}},"239":{"start":{"line":783,"column":26},"end":{"line":796,"column":40}},"240":{"start":{"line":796,"column":26},"end":{"line":796,"column":39}},"241":{"start":{"line":798,"column":6},"end":{"line":800,"column":7}},"242":{"start":{"line":799,"column":8},"end":{"line":799,"column":56}},"243":{"start":{"line":802,"column":6},"end":{"line":806,"column":9}},"244":{"start":{"line":808,"column":6},"end":{"line":808,"column":48}},"245":{"start":{"line":810,"column":6},"end":{"line":816,"column":7}},"246":{"start":{"line":811,"column":8},"end":{"line":815,"column":11}},"247":{"start":{"line":818,"column":6},"end":{"line":822,"column":9}},"248":{"start":{"line":832,"column":4},"end":{"line":860,"column":5}},"249":{"start":{"line":834,"column":31},"end":{"line":834,"column":63}},"250":{"start":{"line":835,"column":6},"end":{"line":841,"column":7}},"251":{"start":{"line":836,"column":8},"end":{"line":840,"column":11}},"252":{"start":{"line":843,"column":32},"end":{"line":843,"column":37}},"253":{"start":{"line":844,"column":22},"end":{"line":844,"column":63}},"254":{"start":{"line":846,"column":6},"end":{"line":852,"column":9}},"255":{"start":{"line":854,"column":6},"end":{"line":854,"column":49}},"256":{"start":{"line":855,"column":6},"end":{"line":859,"column":9}},"257":{"start":{"line":867,"column":4},"end":{"line":932,"column":5}},"258":{"start":{"line":879,"column":10},"end":{"line":879,"column":19}},"259":{"start":{"line":881,"column":28},"end":{"line":892,"column":7}},"260":{"start":{"line":894,"column":28},"end":{"line":894,"column":96}},"261":{"start":{"line":894,"column":67},"end":{"line":894,"column":95}},"262":{"start":{"line":895,"column":6},"end":{"line":901,"column":7}},"263":{"start":{"line":896,"column":8},"end":{"line":900,"column":11}},"264":{"start":{"line":904,"column":26},"end":{"line":904,"column":113}},"265":{"start":{"line":904,"column":98},"end":{"line":904,"column":106}},"266":{"start":{"line":906,"column":22},"end":{"line":917,"column":7}},"267":{"start":{"line":919,"column":6},"end":{"line":925,"column":9}},"268":{"start":{"line":927,"column":6},"end":{"line":927,"column":52}},"269":{"start":{"line":928,"column":6},"end":{"line":931,"column":9}},"270":{"start":{"line":939,"column":4},"end":{"line":970,"column":5}},"271":{"start":{"line":940,"column":25},"end":{"line":940,"column":35}},"272":{"start":{"line":942,"column":6},"end":{"line":948,"column":7}},"273":{"start":{"line":943,"column":8},"end":{"line":947,"column":11}},"274":{"start":{"line":950,"column":23},"end":{"line":950,"column":68}},"275":{"start":{"line":951,"column":6},"end":{"line":957,"column":7}},"276":{"start":{"line":952,"column":8},"end":{"line":956,"column":11}},"277":{"start":{"line":959,"column":6},"end":{"line":963,"column":9}},"278":{"start":{"line":965,"column":6},"end":{"line":965,"column":55}},"279":{"start":{"line":966,"column":6},"end":{"line":969,"column":9}},"280":{"start":{"line":976,"column":35},"end":{"line":976,"column":68}},"281":{"start":{"line":977,"column":4},"end":{"line":979,"column":5}},"282":{"start":{"line":978,"column":6},"end":{"line":978,"column":73}},"283":{"start":{"line":980,"column":24},"end":{"line":980,"column":102}},"284":{"start":{"line":981,"column":4},"end":{"line":981,"column":89}},"285":{"start":{"line":982,"column":21},"end":{"line":990,"column":6}},"286":{"start":{"line":991,"column":4},"end":{"line":1003,"column":5}},"287":{"start":{"line":992,"column":6},"end":{"line":999,"column":9}},"288":{"start":{"line":1000,"column":6},"end":{"line":1000,"column":31}},"289":{"start":{"line":1002,"column":6},"end":{"line":1002,"column":54}},"290":{"start":{"line":1008,"column":4},"end":{"line":1030,"column":5}},"291":{"start":{"line":1009,"column":25},"end":{"line":1009,"column":35}},"292":{"start":{"line":1010,"column":21},"end":{"line":1010,"column":55}},"293":{"start":{"line":1011,"column":6},"end":{"line":1015,"column":7}},"294":{"start":{"line":1012,"column":8},"end":{"line":1012,"column":82}},"295":{"start":{"line":1014,"column":8},"end":{"line":1014,"column":107}},"296":{"start":{"line":1017,"column":6},"end":{"line":1017,"column":48}},"297":{"start":{"line":1020,"column":6},"end":{"line":1027,"column":7}},"298":{"start":{"line":1021,"column":8},"end":{"line":1026,"column":11}},"299":{"start":{"line":1029,"column":6},"end":{"line":1029,"column":69}},"300":{"start":{"line":1035,"column":4},"end":{"line":1054,"column":5}},"301":{"start":{"line":1036,"column":31},"end":{"line":1036,"column":68}},"302":{"start":{"line":1037,"column":6},"end":{"line":1039,"column":7}},"303":{"start":{"line":1038,"column":8},"end":{"line":1038,"column":118}},"304":{"start":{"line":1040,"column":26},"end":{"line":1040,"column":31}},"305":{"start":{"line":1041,"column":22},"end":{"line":1041,"column":24}},"306":{"start":{"line":1042,"column":6},"end":{"line":1049,"column":7}},"307":{"start":{"line":1043,"column":8},"end":{"line":1048,"column":9}},"308":{"start":{"line":1044,"column":25},"end":{"line":1044,"column":59}},"309":{"start":{"line":1045,"column":10},"end":{"line":1045,"column":46}},"310":{"start":{"line":1047,"column":10},"end":{"line":1047,"column":73}},"311":{"start":{"line":1050,"column":6},"end":{"line":1050,"column":43}},"312":{"start":{"line":1052,"column":6},"end":{"line":1052,"column":58}},"313":{"start":{"line":1053,"column":6},"end":{"line":1053,"column":69}},"314":{"start":{"line":1059,"column":17},"end":{"line":1059,"column":62}},"315":{"start":{"line":1060,"column":4},"end":{"line":1060,"column":66}},"316":{"start":{"line":1060,"column":15},"end":{"line":1060,"column":66}},"317":{"start":{"line":1061,"column":4},"end":{"line":1063,"column":5}},"318":{"start":{"line":1062,"column":6},"end":{"line":1062,"column":74}},"319":{"start":{"line":1064,"column":24},"end":{"line":1064,"column":103}},"320":{"start":{"line":1065,"column":21},"end":{"line":1065,"column":76}},"321":{"start":{"line":1066,"column":4},"end":{"line":1078,"column":5}},"322":{"start":{"line":1067,"column":6},"end":{"line":1074,"column":9}},"323":{"start":{"line":1075,"column":6},"end":{"line":1075,"column":31}},"324":{"start":{"line":1077,"column":6},"end":{"line":1077,"column":54}},"325":{"start":{"line":1083,"column":4},"end":{"line":1096,"column":5}},"326":{"start":{"line":1084,"column":25},"end":{"line":1084,"column":35}},"327":{"start":{"line":1085,"column":21},"end":{"line":1085,"column":56}},"328":{"start":{"line":1086,"column":6},"end":{"line":1092,"column":7}},"329":{"start":{"line":1087,"column":8},"end":{"line":1087,"column":83}},"330":{"start":{"line":1088,"column":13},"end":{"line":1092,"column":7}},"331":{"start":{"line":1089,"column":8},"end":{"line":1089,"column":81}},"332":{"start":{"line":1091,"column":8},"end":{"line":1091,"column":113}},"333":{"start":{"line":1094,"column":6},"end":{"line":1094,"column":49}},"334":{"start":{"line":1095,"column":6},"end":{"line":1095,"column":69}},"335":{"start":{"line":1101,"column":4},"end":{"line":1120,"column":5}},"336":{"start":{"line":1102,"column":31},"end":{"line":1102,"column":68}},"337":{"start":{"line":1103,"column":6},"end":{"line":1105,"column":7}},"338":{"start":{"line":1104,"column":8},"end":{"line":1104,"column":118}},"339":{"start":{"line":1106,"column":26},"end":{"line":1106,"column":31}},"340":{"start":{"line":1107,"column":22},"end":{"line":1107,"column":24}},"341":{"start":{"line":1108,"column":6},"end":{"line":1115,"column":7}},"342":{"start":{"line":1109,"column":8},"end":{"line":1114,"column":9}},"343":{"start":{"line":1110,"column":25},"end":{"line":1110,"column":60}},"344":{"start":{"line":1111,"column":10},"end":{"line":1111,"column":46}},"345":{"start":{"line":1113,"column":10},"end":{"line":1113,"column":73}},"346":{"start":{"line":1116,"column":6},"end":{"line":1116,"column":43}},"347":{"start":{"line":1118,"column":6},"end":{"line":1118,"column":59}},"348":{"start":{"line":1119,"column":6},"end":{"line":1119,"column":69}},"349":{"start":{"line":1129,"column":4},"end":{"line":1154,"column":5}},"350":{"start":{"line":1130,"column":25},"end":{"line":1130,"column":35}},"351":{"start":{"line":1131,"column":31},"end":{"line":1131,"column":68}},"352":{"start":{"line":1133,"column":6},"end":{"line":1139,"column":7}},"353":{"start":{"line":1134,"column":8},"end":{"line":1138,"column":11}},"354":{"start":{"line":1141,"column":23},"end":{"line":1141,"column":71}},"355":{"start":{"line":1142,"column":6},"end":{"line":1146,"column":9}},"356":{"start":{"line":1148,"column":6},"end":{"line":1148,"column":54}},"357":{"start":{"line":1149,"column":6},"end":{"line":1153,"column":9}},"358":{"start":{"line":1161,"column":4},"end":{"line":1177,"column":5}},"359":{"start":{"line":1162,"column":25},"end":{"line":1162,"column":35}},"360":{"start":{"line":1163,"column":19},"end":{"line":1163,"column":61}},"361":{"start":{"line":1164,"column":6},"end":{"line":1169,"column":9}},"362":{"start":{"line":1171,"column":6},"end":{"line":1171,"column":55}},"363":{"start":{"line":1172,"column":6},"end":{"line":1176,"column":9}},"364":{"start":{"line":1184,"column":4},"end":{"line":1214,"column":5}},"365":{"start":{"line":1185,"column":25},"end":{"line":1185,"column":35}},"366":{"start":{"line":1186,"column":31},"end":{"line":1186,"column":68}},"367":{"start":{"line":1188,"column":6},"end":{"line":1194,"column":7}},"368":{"start":{"line":1189,"column":8},"end":{"line":1193,"column":11}},"369":{"start":{"line":1197,"column":26},"end":{"line":1197,"column":77}},"370":{"start":{"line":1199,"column":6},"end":{"line":1203,"column":9}},"371":{"start":{"line":1205,"column":6},"end":{"line":1205,"column":55}},"372":{"start":{"line":1206,"column":6},"end":{"line":1208,"column":7}},"373":{"start":{"line":1207,"column":8},"end":{"line":1207,"column":81}},"374":{"start":{"line":1209,"column":6},"end":{"line":1213,"column":9}},"375":{"start":{"line":1221,"column":4},"end":{"line":1231,"column":5}},"376":{"start":{"line":1222,"column":25},"end":{"line":1222,"column":35}},"377":{"start":{"line":1224,"column":26},"end":{"line":1224,"column":99}},"378":{"start":{"line":1226,"column":23},"end":{"line":1226,"column":64}},"379":{"start":{"line":1227,"column":6},"end":{"line":1227,"column":30}},"380":{"start":{"line":1229,"column":6},"end":{"line":1229,"column":51}},"381":{"start":{"line":1230,"column":6},"end":{"line":1230,"column":71}},"382":{"start":{"line":1240,"column":4},"end":{"line":1268,"column":5}},"383":{"start":{"line":1241,"column":31},"end":{"line":1241,"column":69}},"384":{"start":{"line":1243,"column":6},"end":{"line":1249,"column":7}},"385":{"start":{"line":1244,"column":8},"end":{"line":1248,"column":11}},"386":{"start":{"line":1251,"column":37},"end":{"line":1251,"column":42}},"387":{"start":{"line":1254,"column":25},"end":{"line":1254,"column":80}},"388":{"start":{"line":1256,"column":6},"end":{"line":1260,"column":9}},"389":{"start":{"line":1262,"column":6},"end":{"line":1262,"column":69}},"390":{"start":{"line":1263,"column":6},"end":{"line":1267,"column":9}},"391":{"start":{"line":1275,"column":4},"end":{"line":1295,"column":5}},"392":{"start":{"line":1276,"column":25},"end":{"line":1276,"column":35}},"393":{"start":{"line":1277,"column":6},"end":{"line":1279,"column":7}},"394":{"start":{"line":1278,"column":8},"end":{"line":1278,"column":83}},"395":{"start":{"line":1281,"column":18},"end":{"line":1281,"column":63}},"396":{"start":{"line":1283,"column":6},"end":{"line":1285,"column":7}},"397":{"start":{"line":1284,"column":8},"end":{"line":1284,"column":86}},"398":{"start":{"line":1287,"column":6},"end":{"line":1291,"column":9}},"399":{"start":{"line":1293,"column":6},"end":{"line":1293,"column":68}},"400":{"start":{"line":1294,"column":6},"end":{"line":1294,"column":69}},"401":{"start":{"line":1302,"column":4},"end":{"line":1324,"column":5}},"402":{"start":{"line":1303,"column":25},"end":{"line":1303,"column":35}},"403":{"start":{"line":1304,"column":6},"end":{"line":1306,"column":7}},"404":{"start":{"line":1305,"column":8},"end":{"line":1305,"column":83}},"405":{"start":{"line":1309,"column":22},"end":{"line":1309,"column":63}},"406":{"start":{"line":1311,"column":6},"end":{"line":1314,"column":7}},"407":{"start":{"line":1313,"column":8},"end":{"line":1313,"column":81}},"408":{"start":{"line":1316,"column":6},"end":{"line":1320,"column":9}},"409":{"start":{"line":1322,"column":6},"end":{"line":1322,"column":72}},"410":{"start":{"line":1323,"column":6},"end":{"line":1323,"column":69}},"411":{"start":{"line":1331,"column":4},"end":{"line":1348,"column":5}},"412":{"start":{"line":1332,"column":25},"end":{"line":1332,"column":35}},"413":{"start":{"line":1333,"column":6},"end":{"line":1335,"column":7}},"414":{"start":{"line":1334,"column":8},"end":{"line":1334,"column":83}},"415":{"start":{"line":1337,"column":19},"end":{"line":1337,"column":57}},"416":{"start":{"line":1339,"column":6},"end":{"line":1344,"column":9}},"417":{"start":{"line":1346,"column":6},"end":{"line":1346,"column":69}},"418":{"start":{"line":1347,"column":6},"end":{"line":1347,"column":69}},"419":{"start":{"line":1355,"column":4},"end":{"line":1370,"column":5}},"420":{"start":{"line":1356,"column":25},"end":{"line":1356,"column":35}},"421":{"start":{"line":1357,"column":6},"end":{"line":1359,"column":7}},"422":{"start":{"line":1358,"column":8},"end":{"line":1358,"column":83}},"423":{"start":{"line":1361,"column":6},"end":{"line":1361,"column":46}},"424":{"start":{"line":1363,"column":6},"end":{"line":1366,"column":9}},"425":{"start":{"line":1368,"column":6},"end":{"line":1368,"column":65}},"426":{"start":{"line":1369,"column":6},"end":{"line":1369,"column":69}},"427":{"start":{"line":1374,"column":0},"end":{"line":1374,"column":38}}},"fnMap":{"0":{"name":"buildContentDisposition","decl":{"start":{"line":21,"column":9},"end":{"line":21,"column":32}},"loc":{"start":{"line":21,"column":56},"end":{"line":32,"column":1}},"line":21},"1":{"name":"(anonymous_1)","decl":{"start":{"line":26,"column":47},"end":{"line":26,"column":48}},"loc":{"start":{"line":26,"column":57},"end":{"line":26,"column":81}},"line":26},"2":{"name":"(anonymous_2)","decl":{"start":{"line":117,"column":2},"end":{"line":117,"column":3}},"loc":{"start":{"line":117,"column":16},"end":{"line":149,"column":3}},"line":117},"3":{"name":"(anonymous_3)","decl":{"start":{"line":157,"column":2},"end":{"line":157,"column":3}},"loc":{"start":{"line":157,"column":23},"end":{"line":182,"column":3}},"line":157},"4":{"name":"(anonymous_4)","decl":{"start":{"line":167,"column":41},"end":{"line":167,"column":42}},"loc":{"start":{"line":167,"column":52},"end":{"line":167,"column":64}},"line":167},"5":{"name":"(anonymous_5)","decl":{"start":{"line":177,"column":24},"end":{"line":177,"column":25}},"loc":{"start":{"line":177,"column":35},"end":{"line":177,"column":55}},"line":177},"6":{"name":"(anonymous_6)","decl":{"start":{"line":177,"column":64},"end":{"line":177,"column":65}},"loc":{"start":{"line":177,"column":75},"end":{"line":177,"column":91}},"line":177},"7":{"name":"(anonymous_7)","decl":{"start":{"line":190,"column":2},"end":{"line":190,"column":3}},"loc":{"start":{"line":190,"column":31},"end":{"line":200,"column":3}},"line":190},"8":{"name":"(anonymous_8)","decl":{"start":{"line":208,"column":2},"end":{"line":208,"column":3}},"loc":{"start":{"line":208,"column":28},"end":{"line":278,"column":3}},"line":208},"9":{"name":"(anonymous_9)","decl":{"start":{"line":286,"column":2},"end":{"line":286,"column":3}},"loc":{"start":{"line":286,"column":32},"end":{"line":308,"column":3}},"line":286},"10":{"name":"(anonymous_10)","decl":{"start":{"line":317,"column":2},"end":{"line":317,"column":3}},"loc":{"start":{"line":317,"column":32},"end":{"line":364,"column":3}},"line":317},"11":{"name":"(anonymous_11)","decl":{"start":{"line":371,"column":15},"end":{"line":371,"column":16}},"loc":{"start":{"line":371,"column":35},"end":{"line":397,"column":3}},"line":371},"12":{"name":"(anonymous_12)","decl":{"start":{"line":404,"column":24},"end":{"line":404,"column":25}},"loc":{"start":{"line":404,"column":44},"end":{"line":436,"column":3}},"line":404},"13":{"name":"(anonymous_13)","decl":{"start":{"line":424,"column":43},"end":{"line":424,"column":44}},"loc":{"start":{"line":424,"column":53},"end":{"line":424,"column":96}},"line":424},"14":{"name":"(anonymous_14)","decl":{"start":{"line":430,"column":30},"end":{"line":430,"column":31}},"loc":{"start":{"line":430,"column":42},"end":{"line":430,"column":72}},"line":430},"15":{"name":"(anonymous_15)","decl":{"start":{"line":438,"column":15},"end":{"line":438,"column":16}},"loc":{"start":{"line":438,"column":35},"end":{"line":459,"column":3}},"line":438},"16":{"name":"(anonymous_16)","decl":{"start":{"line":466,"column":2},"end":{"line":466,"column":3}},"loc":{"start":{"line":466,"column":27},"end":{"line":494,"column":3}},"line":466},"17":{"name":"(anonymous_17)","decl":{"start":{"line":501,"column":2},"end":{"line":501,"column":3}},"loc":{"start":{"line":501,"column":31},"end":{"line":529,"column":3}},"line":501},"18":{"name":"(anonymous_18)","decl":{"start":{"line":531,"column":2},"end":{"line":531,"column":3}},"loc":{"start":{"line":531,"column":40},"end":{"line":569,"column":3}},"line":531},"19":{"name":"(anonymous_19)","decl":{"start":{"line":571,"column":2},"end":{"line":571,"column":3}},"loc":{"start":{"line":571,"column":31},"end":{"line":576,"column":3}},"line":571},"20":{"name":"(anonymous_20)","decl":{"start":{"line":583,"column":2},"end":{"line":583,"column":3}},"loc":{"start":{"line":583,"column":27},"end":{"line":617,"column":3}},"line":583},"21":{"name":"(anonymous_21)","decl":{"start":{"line":619,"column":2},"end":{"line":619,"column":3}},"loc":{"start":{"line":619,"column":36},"end":{"line":647,"column":3}},"line":619},"22":{"name":"(anonymous_22)","decl":{"start":{"line":654,"column":2},"end":{"line":654,"column":3}},"loc":{"start":{"line":654,"column":29},"end":{"line":695,"column":3}},"line":654},"23":{"name":"(anonymous_23)","decl":{"start":{"line":700,"column":2},"end":{"line":700,"column":3}},"loc":{"start":{"line":700,"column":38},"end":{"line":734,"column":3}},"line":700},"24":{"name":"(anonymous_24)","decl":{"start":{"line":741,"column":2},"end":{"line":741,"column":3}},"loc":{"start":{"line":741,"column":29},"end":{"line":824,"column":3}},"line":741},"25":{"name":"(anonymous_25)","decl":{"start":{"line":796,"column":14},"end":{"line":796,"column":15}},"loc":{"start":{"line":796,"column":26},"end":{"line":796,"column":39}},"line":796},"26":{"name":"(anonymous_26)","decl":{"start":{"line":831,"column":2},"end":{"line":831,"column":3}},"loc":{"start":{"line":831,"column":30},"end":{"line":861,"column":3}},"line":831},"27":{"name":"(anonymous_27)","decl":{"start":{"line":866,"column":2},"end":{"line":866,"column":3}},"loc":{"start":{"line":866,"column":33},"end":{"line":933,"column":3}},"line":866},"28":{"name":"(anonymous_28)","decl":{"start":{"line":894,"column":58},"end":{"line":894,"column":59}},"loc":{"start":{"line":894,"column":67},"end":{"line":894,"column":95}},"line":894},"29":{"name":"(anonymous_29)","decl":{"start":{"line":904,"column":91},"end":{"line":904,"column":92}},"loc":{"start":{"line":904,"column":98},"end":{"line":904,"column":106}},"line":904},"30":{"name":"(anonymous_30)","decl":{"start":{"line":938,"column":2},"end":{"line":938,"column":3}},"loc":{"start":{"line":938,"column":30},"end":{"line":971,"column":3}},"line":938},"31":{"name":"(anonymous_31)","decl":{"start":{"line":975,"column":2},"end":{"line":975,"column":3}},"loc":{"start":{"line":975,"column":32},"end":{"line":1004,"column":3}},"line":975},"32":{"name":"(anonymous_32)","decl":{"start":{"line":1007,"column":2},"end":{"line":1007,"column":3}},"loc":{"start":{"line":1007,"column":29},"end":{"line":1031,"column":3}},"line":1007},"33":{"name":"(anonymous_33)","decl":{"start":{"line":1034,"column":2},"end":{"line":1034,"column":3}},"loc":{"start":{"line":1034,"column":38},"end":{"line":1055,"column":3}},"line":1034},"34":{"name":"(anonymous_34)","decl":{"start":{"line":1058,"column":2},"end":{"line":1058,"column":3}},"loc":{"start":{"line":1058,"column":33},"end":{"line":1079,"column":3}},"line":1058},"35":{"name":"(anonymous_35)","decl":{"start":{"line":1082,"column":2},"end":{"line":1082,"column":3}},"loc":{"start":{"line":1082,"column":30},"end":{"line":1097,"column":3}},"line":1082},"36":{"name":"(anonymous_36)","decl":{"start":{"line":1100,"column":2},"end":{"line":1100,"column":3}},"loc":{"start":{"line":1100,"column":39},"end":{"line":1121,"column":3}},"line":1100},"37":{"name":"(anonymous_37)","decl":{"start":{"line":1128,"column":2},"end":{"line":1128,"column":3}},"loc":{"start":{"line":1128,"column":34},"end":{"line":1155,"column":3}},"line":1128},"38":{"name":"(anonymous_38)","decl":{"start":{"line":1160,"column":2},"end":{"line":1160,"column":3}},"loc":{"start":{"line":1160,"column":35},"end":{"line":1178,"column":3}},"line":1160},"39":{"name":"(anonymous_39)","decl":{"start":{"line":1183,"column":2},"end":{"line":1183,"column":3}},"loc":{"start":{"line":1183,"column":35},"end":{"line":1215,"column":3}},"line":1183},"40":{"name":"(anonymous_40)","decl":{"start":{"line":1220,"column":2},"end":{"line":1220,"column":3}},"loc":{"start":{"line":1220,"column":32},"end":{"line":1232,"column":3}},"line":1220},"41":{"name":"(anonymous_41)","decl":{"start":{"line":1239,"column":2},"end":{"line":1239,"column":3}},"loc":{"start":{"line":1239,"column":36},"end":{"line":1269,"column":3}},"line":1239},"42":{"name":"(anonymous_42)","decl":{"start":{"line":1274,"column":2},"end":{"line":1274,"column":3}},"loc":{"start":{"line":1274,"column":30},"end":{"line":1296,"column":3}},"line":1274},"43":{"name":"(anonymous_43)","decl":{"start":{"line":1301,"column":2},"end":{"line":1301,"column":3}},"loc":{"start":{"line":1301,"column":34},"end":{"line":1325,"column":3}},"line":1301},"44":{"name":"(anonymous_44)","decl":{"start":{"line":1330,"column":2},"end":{"line":1330,"column":3}},"loc":{"start":{"line":1330,"column":31},"end":{"line":1349,"column":3}},"line":1330},"45":{"name":"(anonymous_45)","decl":{"start":{"line":1354,"column":2},"end":{"line":1354,"column":3}},"loc":{"start":{"line":1354,"column":32},"end":{"line":1371,"column":3}},"line":1354}},"branchMap":{"0":{"loc":{"start":{"line":27,"column":2},"end":{"line":30,"column":3}},"type":"if","locations":[{"start":{"line":27,"column":2},"end":{"line":30,"column":3}},{"start":{},"end":{}}],"line":27},"1":{"loc":{"start":{"line":158,"column":4},"end":{"line":158,"column":32}},"type":"if","locations":[{"start":{"line":158,"column":4},"end":{"line":158,"column":32}},{"start":{},"end":{}}],"line":158},"2":{"loc":{"start":{"line":163,"column":6},"end":{"line":169,"column":7}},"type":"if","locations":[{"start":{"line":163,"column":6},"end":{"line":169,"column":7}},{"start":{},"end":{}}],"line":163},"3":{"loc":{"start":{"line":172,"column":6},"end":{"line":174,"column":7}},"type":"if","locations":[{"start":{"line":172,"column":6},"end":{"line":174,"column":7}},{"start":{},"end":{}}],"line":172},"4":{"loc":{"start":{"line":192,"column":4},"end":{"line":198,"column":5}},"type":"if","locations":[{"start":{"line":192,"column":4},"end":{"line":198,"column":5}},{"start":{},"end":{}}],"line":192},"5":{"loc":{"start":{"line":211,"column":4},"end":{"line":220,"column":5}},"type":"if","locations":[{"start":{"line":211,"column":4},"end":{"line":220,"column":5}},{"start":{},"end":{}}],"line":211},"6":{"loc":{"start":{"line":223,"column":4},"end":{"line":235,"column":5}},"type":"if","locations":[{"start":{"line":223,"column":4},"end":{"line":235,"column":5}},{"start":{},"end":{}}],"line":223},"7":{"loc":{"start":{"line":224,"column":6},"end":{"line":225,"column":53}},"type":"binary-expr","locations":[{"start":{"line":224,"column":6},"end":{"line":224,"column":69}},{"start":{"line":225,"column":6},"end":{"line":225,"column":53}}],"line":224},"8":{"loc":{"start":{"line":237,"column":4},"end":{"line":246,"column":5}},"type":"if","locations":[{"start":{"line":237,"column":4},"end":{"line":246,"column":5}},{"start":{},"end":{}}],"line":237},"9":{"loc":{"start":{"line":237,"column":8},"end":{"line":237,"column":84}},"type":"binary-expr","locations":[{"start":{"line":237,"column":8},"end":{"line":237,"column":43}},{"start":{"line":237,"column":47},"end":{"line":237,"column":84}}],"line":237},"10":{"loc":{"start":{"line":248,"column":4},"end":{"line":257,"column":5}},"type":"if","locations":[{"start":{"line":248,"column":4},"end":{"line":257,"column":5}},{"start":{},"end":{}}],"line":248},"11":{"loc":{"start":{"line":259,"column":4},"end":{"line":268,"column":5}},"type":"if","locations":[{"start":{"line":259,"column":4},"end":{"line":268,"column":5}},{"start":{},"end":{}}],"line":259},"12":{"loc":{"start":{"line":318,"column":4},"end":{"line":324,"column":5}},"type":"if","locations":[{"start":{"line":318,"column":4},"end":{"line":324,"column":5}},{"start":{},"end":{}}],"line":318},"13":{"loc":{"start":{"line":330,"column":4},"end":{"line":336,"column":5}},"type":"if","locations":[{"start":{"line":330,"column":4},"end":{"line":336,"column":5}},{"start":{},"end":{}}],"line":330},"14":{"loc":{"start":{"line":341,"column":21},"end":{"line":341,"column":92}},"type":"binary-expr","locations":[{"start":{"line":341,"column":21},"end":{"line":341,"column":38}},{"start":{"line":341,"column":42},"end":{"line":341,"column":92}}],"line":341},"15":{"loc":{"start":{"line":344,"column":4},"end":{"line":350,"column":5}},"type":"if","locations":[{"start":{"line":344,"column":4},"end":{"line":350,"column":5}},{"start":{},"end":{}}],"line":344},"16":{"loc":{"start":{"line":344,"column":8},"end":{"line":344,"column":86}},"type":"binary-expr","locations":[{"start":{"line":344,"column":8},"end":{"line":344,"column":55}},{"start":{"line":344,"column":59},"end":{"line":344,"column":86}}],"line":344},"17":{"loc":{"start":{"line":373,"column":6},"end":{"line":379,"column":7}},"type":"if","locations":[{"start":{"line":373,"column":6},"end":{"line":379,"column":7}},{"start":{},"end":{}}],"line":373},"18":{"loc":{"start":{"line":406,"column":6},"end":{"line":412,"column":7}},"type":"if","locations":[{"start":{"line":406,"column":6},"end":{"line":412,"column":7}},{"start":{},"end":{}}],"line":406},"19":{"loc":{"start":{"line":406,"column":10},"end":{"line":406,"column":46}},"type":"binary-expr","locations":[{"start":{"line":406,"column":10},"end":{"line":406,"column":20}},{"start":{"line":406,"column":24},"end":{"line":406,"column":46}}],"line":406},"20":{"loc":{"start":{"line":414,"column":6},"end":{"line":420,"column":7}},"type":"if","locations":[{"start":{"line":414,"column":6},"end":{"line":420,"column":7}},{"start":{},"end":{}}],"line":414},"21":{"loc":{"start":{"line":440,"column":19},"end":{"line":440,"column":34}},"type":"default-arg","locations":[{"start":{"line":440,"column":30},"end":{"line":440,"column":34}}],"line":440},"22":{"loc":{"start":{"line":441,"column":6},"end":{"line":443,"column":7}},"type":"if","locations":[{"start":{"line":441,"column":6},"end":{"line":443,"column":7}},{"start":{},"end":{}}],"line":441},"23":{"loc":{"start":{"line":470,"column":6},"end":{"line":476,"column":7}},"type":"if","locations":[{"start":{"line":470,"column":6},"end":{"line":476,"column":7}},{"start":{},"end":{}}],"line":470},"24":{"loc":{"start":{"line":515,"column":6},"end":{"line":521,"column":7}},"type":"if","locations":[{"start":{"line":515,"column":6},"end":{"line":521,"column":7}},{"start":{},"end":{}}],"line":515},"25":{"loc":{"start":{"line":534,"column":6},"end":{"line":540,"column":7}},"type":"if","locations":[{"start":{"line":534,"column":6},"end":{"line":540,"column":7}},{"start":{},"end":{}}],"line":534},"26":{"loc":{"start":{"line":603,"column":6},"end":{"line":609,"column":7}},"type":"if","locations":[{"start":{"line":603,"column":6},"end":{"line":609,"column":7}},{"start":{},"end":{}}],"line":603},"27":{"loc":{"start":{"line":633,"column":6},"end":{"line":639,"column":7}},"type":"if","locations":[{"start":{"line":633,"column":6},"end":{"line":639,"column":7}},{"start":{},"end":{}}],"line":633},"28":{"loc":{"start":{"line":658,"column":6},"end":{"line":664,"column":7}},"type":"if","locations":[{"start":{"line":658,"column":6},"end":{"line":664,"column":7}},{"start":{},"end":{}}],"line":658},"29":{"loc":{"start":{"line":667,"column":6},"end":{"line":677,"column":7}},"type":"if","locations":[{"start":{"line":667,"column":6},"end":{"line":677,"column":7}},{"start":{"line":672,"column":13},"end":{"line":677,"column":7}}],"line":667},"30":{"loc":{"start":{"line":681,"column":6},"end":{"line":687,"column":7}},"type":"if","locations":[{"start":{"line":681,"column":6},"end":{"line":687,"column":7}},{"start":{},"end":{}}],"line":681},"31":{"loc":{"start":{"line":703,"column":6},"end":{"line":709,"column":7}},"type":"if","locations":[{"start":{"line":703,"column":6},"end":{"line":709,"column":7}},{"start":{},"end":{}}],"line":703},"32":{"loc":{"start":{"line":747,"column":6},"end":{"line":753,"column":7}},"type":"if","locations":[{"start":{"line":747,"column":6},"end":{"line":753,"column":7}},{"start":{},"end":{}}],"line":747},"33":{"loc":{"start":{"line":757,"column":6},"end":{"line":763,"column":7}},"type":"if","locations":[{"start":{"line":757,"column":6},"end":{"line":763,"column":7}},{"start":{},"end":{}}],"line":757},"34":{"loc":{"start":{"line":767,"column":6},"end":{"line":769,"column":7}},"type":"if","locations":[{"start":{"line":767,"column":6},"end":{"line":769,"column":7}},{"start":{},"end":{}}],"line":767},"35":{"loc":{"start":{"line":773,"column":6},"end":{"line":779,"column":7}},"type":"if","locations":[{"start":{"line":773,"column":6},"end":{"line":779,"column":7}},{"start":{},"end":{}}],"line":773},"36":{"loc":{"start":{"line":798,"column":6},"end":{"line":800,"column":7}},"type":"if","locations":[{"start":{"line":798,"column":6},"end":{"line":800,"column":7}},{"start":{},"end":{}}],"line":798},"37":{"loc":{"start":{"line":810,"column":6},"end":{"line":816,"column":7}},"type":"if","locations":[{"start":{"line":810,"column":6},"end":{"line":816,"column":7}},{"start":{},"end":{}}],"line":810},"38":{"loc":{"start":{"line":835,"column":6},"end":{"line":841,"column":7}},"type":"if","locations":[{"start":{"line":835,"column":6},"end":{"line":841,"column":7}},{"start":{},"end":{}}],"line":835},"39":{"loc":{"start":{"line":895,"column":6},"end":{"line":901,"column":7}},"type":"if","locations":[{"start":{"line":895,"column":6},"end":{"line":901,"column":7}},{"start":{},"end":{}}],"line":895},"40":{"loc":{"start":{"line":904,"column":26},"end":{"line":904,"column":113}},"type":"cond-expr","locations":[{"start":{"line":904,"column":36},"end":{"line":904,"column":107}},{"start":{"line":904,"column":111},"end":{"line":904,"column":113}}],"line":904},"41":{"loc":{"start":{"line":904,"column":36},"end":{"line":904,"column":107}},"type":"cond-expr","locations":[{"start":{"line":904,"column":60},"end":{"line":904,"column":66}},{"start":{"line":904,"column":69},"end":{"line":904,"column":107}}],"line":904},"42":{"loc":{"start":{"line":930,"column":15},"end":{"line":930,"column":47}},"type":"binary-expr","locations":[{"start":{"line":930,"column":15},"end":{"line":930,"column":28}},{"start":{"line":930,"column":32},"end":{"line":930,"column":47}}],"line":930},"43":{"loc":{"start":{"line":942,"column":6},"end":{"line":948,"column":7}},"type":"if","locations":[{"start":{"line":942,"column":6},"end":{"line":948,"column":7}},{"start":{},"end":{}}],"line":942},"44":{"loc":{"start":{"line":951,"column":6},"end":{"line":957,"column":7}},"type":"if","locations":[{"start":{"line":951,"column":6},"end":{"line":957,"column":7}},{"start":{},"end":{}}],"line":951},"45":{"loc":{"start":{"line":968,"column":15},"end":{"line":968,"column":61}},"type":"binary-expr","locations":[{"start":{"line":968,"column":15},"end":{"line":968,"column":28}},{"start":{"line":968,"column":32},"end":{"line":968,"column":61}}],"line":968},"46":{"loc":{"start":{"line":977,"column":4},"end":{"line":979,"column":5}},"type":"if","locations":[{"start":{"line":977,"column":4},"end":{"line":979,"column":5}},{"start":{},"end":{}}],"line":977},"47":{"loc":{"start":{"line":977,"column":8},"end":{"line":977,"column":60}},"type":"binary-expr","locations":[{"start":{"line":977,"column":8},"end":{"line":977,"column":21}},{"start":{"line":977,"column":25},"end":{"line":977,"column":60}}],"line":977},"48":{"loc":{"start":{"line":991,"column":4},"end":{"line":1003,"column":5}},"type":"if","locations":[{"start":{"line":991,"column":4},"end":{"line":1003,"column":5}},{"start":{"line":1001,"column":11},"end":{"line":1003,"column":5}}],"line":991},"49":{"loc":{"start":{"line":993,"column":21},"end":{"line":993,"column":71}},"type":"binary-expr","locations":[{"start":{"line":993,"column":21},"end":{"line":993,"column":46}},{"start":{"line":993,"column":50},"end":{"line":993,"column":66}},{"start":{"line":993,"column":70},"end":{"line":993,"column":71}}],"line":993},"50":{"loc":{"start":{"line":997,"column":24},"end":{"line":997,"column":58}},"type":"binary-expr","locations":[{"start":{"line":997,"column":24},"end":{"line":997,"column":50}},{"start":{"line":997,"column":54},"end":{"line":997,"column":58}}],"line":997},"51":{"loc":{"start":{"line":1011,"column":6},"end":{"line":1015,"column":7}},"type":"if","locations":[{"start":{"line":1011,"column":6},"end":{"line":1015,"column":7}},{"start":{"line":1013,"column":13},"end":{"line":1015,"column":7}}],"line":1011},"52":{"loc":{"start":{"line":1020,"column":6},"end":{"line":1027,"column":7}},"type":"if","locations":[{"start":{"line":1020,"column":6},"end":{"line":1027,"column":7}},{"start":{},"end":{}}],"line":1020},"53":{"loc":{"start":{"line":1020,"column":10},"end":{"line":1020,"column":57}},"type":"binary-expr","locations":[{"start":{"line":1020,"column":10},"end":{"line":1020,"column":24}},{"start":{"line":1020,"column":28},"end":{"line":1020,"column":57}}],"line":1020},"54":{"loc":{"start":{"line":1037,"column":6},"end":{"line":1039,"column":7}},"type":"if","locations":[{"start":{"line":1037,"column":6},"end":{"line":1039,"column":7}},{"start":{},"end":{}}],"line":1037},"55":{"loc":{"start":{"line":1060,"column":4},"end":{"line":1060,"column":66}},"type":"if","locations":[{"start":{"line":1060,"column":4},"end":{"line":1060,"column":66}},{"start":{},"end":{}}],"line":1060},"56":{"loc":{"start":{"line":1061,"column":4},"end":{"line":1063,"column":5}},"type":"if","locations":[{"start":{"line":1061,"column":4},"end":{"line":1063,"column":5}},{"start":{},"end":{}}],"line":1061},"57":{"loc":{"start":{"line":1061,"column":8},"end":{"line":1061,"column":62}},"type":"binary-expr","locations":[{"start":{"line":1061,"column":8},"end":{"line":1061,"column":22}},{"start":{"line":1061,"column":26},"end":{"line":1061,"column":62}}],"line":1061},"58":{"loc":{"start":{"line":1066,"column":4},"end":{"line":1078,"column":5}},"type":"if","locations":[{"start":{"line":1066,"column":4},"end":{"line":1078,"column":5}},{"start":{"line":1076,"column":11},"end":{"line":1078,"column":5}}],"line":1066},"59":{"loc":{"start":{"line":1071,"column":23},"end":{"line":1071,"column":56}},"type":"binary-expr","locations":[{"start":{"line":1071,"column":23},"end":{"line":1071,"column":48}},{"start":{"line":1071,"column":52},"end":{"line":1071,"column":56}}],"line":1071},"60":{"loc":{"start":{"line":1086,"column":6},"end":{"line":1092,"column":7}},"type":"if","locations":[{"start":{"line":1086,"column":6},"end":{"line":1092,"column":7}},{"start":{"line":1088,"column":13},"end":{"line":1092,"column":7}}],"line":1086},"61":{"loc":{"start":{"line":1088,"column":13},"end":{"line":1092,"column":7}},"type":"if","locations":[{"start":{"line":1088,"column":13},"end":{"line":1092,"column":7}},{"start":{"line":1090,"column":13},"end":{"line":1092,"column":7}}],"line":1088},"62":{"loc":{"start":{"line":1103,"column":6},"end":{"line":1105,"column":7}},"type":"if","locations":[{"start":{"line":1103,"column":6},"end":{"line":1105,"column":7}},{"start":{},"end":{}}],"line":1103},"63":{"loc":{"start":{"line":1133,"column":6},"end":{"line":1139,"column":7}},"type":"if","locations":[{"start":{"line":1133,"column":6},"end":{"line":1139,"column":7}},{"start":{},"end":{}}],"line":1133},"64":{"loc":{"start":{"line":1188,"column":6},"end":{"line":1194,"column":7}},"type":"if","locations":[{"start":{"line":1188,"column":6},"end":{"line":1194,"column":7}},{"start":{},"end":{}}],"line":1188},"65":{"loc":{"start":{"line":1206,"column":6},"end":{"line":1208,"column":7}},"type":"if","locations":[{"start":{"line":1206,"column":6},"end":{"line":1208,"column":7}},{"start":{},"end":{}}],"line":1206},"66":{"loc":{"start":{"line":1243,"column":6},"end":{"line":1249,"column":7}},"type":"if","locations":[{"start":{"line":1243,"column":6},"end":{"line":1249,"column":7}},{"start":{},"end":{}}],"line":1243},"67":{"loc":{"start":{"line":1277,"column":6},"end":{"line":1279,"column":7}},"type":"if","locations":[{"start":{"line":1277,"column":6},"end":{"line":1279,"column":7}},{"start":{},"end":{}}],"line":1277},"68":{"loc":{"start":{"line":1283,"column":6},"end":{"line":1285,"column":7}},"type":"if","locations":[{"start":{"line":1283,"column":6},"end":{"line":1285,"column":7}},{"start":{},"end":{}}],"line":1283},"69":{"loc":{"start":{"line":1304,"column":6},"end":{"line":1306,"column":7}},"type":"if","locations":[{"start":{"line":1304,"column":6},"end":{"line":1306,"column":7}},{"start":{},"end":{}}],"line":1304},"70":{"loc":{"start":{"line":1311,"column":6},"end":{"line":1314,"column":7}},"type":"if","locations":[{"start":{"line":1311,"column":6},"end":{"line":1314,"column":7}},{"start":{},"end":{}}],"line":1311},"71":{"loc":{"start":{"line":1333,"column":6},"end":{"line":1335,"column":7}},"type":"if","locations":[{"start":{"line":1333,"column":6},"end":{"line":1335,"column":7}},{"start":{},"end":{}}],"line":1333},"72":{"loc":{"start":{"line":1357,"column":6},"end":{"line":1359,"column":7}},"type":"if","locations":[{"start":{"line":1357,"column":6},"end":{"line":1359,"column":7}},{"start":{},"end":{}}],"line":1357}},"s":{"0":7,"1":7,"2":7,"3":7,"4":7,"5":7,"6":7,"7":7,"8":7,"9":7,"10":2,"11":2,"12":37,"13":2,"14":0,"15":0,"16":2,"17":7,"18":7,"19":7,"20":7,"21":7,"22":7,"23":7,"24":7,"25":7,"26":7,"27":7,"28":7,"29":7,"30":7,"31":7,"32":7,"33":7,"34":7,"35":7,"36":7,"37":7,"38":7,"39":7,"40":7,"41":7,"42":7,"43":7,"44":7,"45":7,"46":7,"47":7,"48":7,"49":7,"50":7,"51":7,"52":19,"53":8,"54":11,"55":11,"56":11,"57":5,"58":5,"59":4,"60":8,"61":11,"62":0,"63":11,"64":23,"65":23,"66":0,"67":0,"68":6,"69":6,"70":0,"71":6,"72":3,"73":3,"74":0,"75":3,"76":0,"77":3,"78":1,"79":2,"80":0,"81":2,"82":1,"83":1,"84":9,"85":16,"86":1,"87":15,"88":15,"89":15,"90":2,"91":13,"92":13,"93":13,"94":13,"95":13,"96":13,"97":13,"98":2,"99":11,"100":11,"101":11,"102":2,"103":9,"104":7,"105":7,"106":7,"107":2,"108":5,"109":5,"110":5,"111":2,"112":2,"113":3,"114":3,"115":3,"116":7,"117":2,"118":2,"119":1,"120":1,"121":0,"122":1,"123":1,"124":1,"125":2,"126":1,"127":1,"128":2,"129":0,"130":0,"131":7,"132":2,"133":2,"134":2,"135":1,"136":1,"137":1,"138":1,"139":0,"140":0,"141":3,"142":3,"143":3,"144":1,"145":2,"146":2,"147":0,"148":0,"149":5,"150":5,"151":5,"152":2,"153":2,"154":2,"155":5,"156":5,"157":3,"158":2,"159":0,"160":0,"161":0,"162":0,"163":0,"164":0,"165":0,"166":0,"167":0,"168":0,"169":0,"170":0,"171":0,"172":0,"173":0,"174":0,"175":0,"176":6,"177":6,"178":6,"179":6,"180":0,"181":0,"182":0,"183":0,"184":0,"185":0,"186":0,"187":0,"188":0,"189":0,"190":0,"191":0,"192":0,"193":0,"194":0,"195":0,"196":0,"197":0,"198":6,"199":6,"200":6,"201":0,"202":6,"203":3,"204":2,"205":1,"206":3,"207":3,"208":2,"209":1,"210":2,"211":2,"212":2,"213":1,"214":1,"215":1,"216":1,"217":2,"218":2,"219":2,"220":0,"221":1,"222":0,"223":0,"224":3,"225":3,"226":3,"227":3,"228":0,"229":3,"230":3,"231":1,"232":2,"233":2,"234":2,"235":2,"236":2,"237":1,"238":1,"239":1,"240":1,"241":1,"242":0,"243":1,"244":0,"245":0,"246":0,"247":0,"248":9,"249":9,"250":9,"251":4,"252":5,"253":5,"254":4,"255":1,"256":1,"257":4,"258":4,"259":4,"260":4,"261":4,"262":4,"263":2,"264":2,"265":0,"266":2,"267":2,"268":0,"269":0,"270":2,"271":2,"272":2,"273":0,"274":2,"275":2,"276":1,"277":1,"278":0,"279":0,"280":6,"281":6,"282":1,"283":5,"284":5,"285":5,"286":3,"287":3,"288":3,"289":0,"290":4,"291":4,"292":4,"293":2,"294":1,"295":1,"296":2,"297":2,"298":1,"299":1,"300":2,"301":2,"302":2,"303":1,"304":1,"305":1,"306":1,"307":2,"308":2,"309":2,"310":0,"311":1,"312":0,"313":0,"314":3,"315":3,"316":1,"317":2,"318":0,"319":2,"320":2,"321":1,"322":1,"323":1,"324":0,"325":3,"326":3,"327":3,"328":2,"329":1,"330":1,"331":1,"332":0,"333":1,"334":1,"335":0,"336":0,"337":0,"338":0,"339":0,"340":0,"341":0,"342":0,"343":0,"344":0,"345":0,"346":0,"347":0,"348":0,"349":2,"350":2,"351":2,"352":2,"353":1,"354":1,"355":1,"356":0,"357":0,"358":1,"359":1,"360":1,"361":1,"362":0,"363":0,"364":3,"365":3,"366":3,"367":3,"368":1,"369":2,"370":1,"371":1,"372":1,"373":1,"374":0,"375":2,"376":2,"377":2,"378":2,"379":1,"380":1,"381":1,"382":3,"383":3,"384":3,"385":2,"386":1,"387":1,"388":1,"389":0,"390":0,"391":2,"392":2,"393":2,"394":0,"395":2,"396":2,"397":1,"398":1,"399":0,"400":0,"401":2,"402":2,"403":2,"404":0,"405":2,"406":2,"407":1,"408":1,"409":0,"410":0,"411":1,"412":1,"413":1,"414":0,"415":1,"416":1,"417":0,"418":0,"419":1,"420":1,"421":1,"422":0,"423":1,"424":1,"425":0,"426":0,"427":7},"f":{"0":2,"1":37,"2":7,"3":19,"4":8,"5":23,"6":23,"7":6,"8":3,"9":9,"10":16,"11":7,"12":2,"13":2,"14":2,"15":2,"16":3,"17":5,"18":0,"19":6,"20":0,"21":0,"22":6,"23":2,"24":3,"25":1,"26":9,"27":4,"28":4,"29":0,"30":2,"31":6,"32":4,"33":2,"34":3,"35":3,"36":0,"37":2,"38":1,"39":3,"40":2,"41":3,"42":2,"43":2,"44":1,"45":1},"b":{"0":[0,2],"1":[8,11],"2":[5,6],"3":[0,11],"4":[0,6],"5":[0,3],"6":[0,3],"7":[3,3],"8":[1,2],"9":[3,1],"10":[0,2],"11":[1,1],"12":[1,15],"13":[2,13],"14":[13,0],"15":[2,11],"16":[13,2],"17":[2,5],"18":[1,1],"19":[2,2],"20":[0,1],"21":[1],"22":[1,1],"23":[1,2],"24":[3,2],"25":[0,0],"26":[0,0],"27":[0,0],"28":[0,6],"29":[2,1],"30":[2,1],"31":[1,1],"32":[0,3],"33":[1,2],"34":[2,0],"35":[1,1],"36":[0,1],"37":[0,0],"38":[4,5],"39":[2,2],"40":[0,2],"41":[0,0],"42":[0,0],"43":[0,2],"44":[1,1],"45":[0,0],"46":[1,5],"47":[6,6],"48":[3,0],"49":[3,0,0],"50":[3,3],"51":[1,1],"52":[1,1],"53":[2,1],"54":[1,1],"55":[1,2],"56":[0,2],"57":[2,2],"58":[1,0],"59":[1,0],"60":[1,1],"61":[1,0],"62":[0,0],"63":[1,1],"64":[1,2],"65":[1,0],"66":[2,1],"67":[0,2],"68":[1,1],"69":[0,2],"70":[1,1],"71":[0,1],"72":[0,1]},"_coverageSchema":"1a1c01bbd47fc00a2c39e90264f33305004495a9","hash":"02c64c7a405cd9464d6434ebaed8fd0fb2bccbdb"}
,"/home/jerome/git_projects/ITU/genie-ai/.claude/worktrees/testing-framework/components/document-repository/src/controllers/labelController.js": {"path":"/home/jerome/git_projects/ITU/genie-ai/.claude/worktrees/testing-framework/components/document-repository/src/controllers/labelController.js","statementMap":{"0":{"start":{"line":1,"column":21},"end":{"line":1,"column":56}},"1":{"start":{"line":2,"column":19},"end":{"line":2,"column":46}},"2":{"start":{"line":5,"column":0},"end":{"line":19,"column":2}},"3":{"start":{"line":6,"column":2},"end":{"line":6,"column":54}},"4":{"start":{"line":7,"column":2},"end":{"line":18,"column":3}},"5":{"start":{"line":8,"column":24},"end":{"line":8,"column":34}},"6":{"start":{"line":9,"column":4},"end":{"line":9,"column":61}},"7":{"start":{"line":11,"column":18},"end":{"line":11,"column":58}},"8":{"start":{"line":13,"column":4},"end":{"line":13,"column":57}},"9":{"start":{"line":14,"column":4},"end":{"line":14,"column":32}},"10":{"start":{"line":16,"column":4},"end":{"line":16,"column":96}},"11":{"start":{"line":17,"column":4},"end":{"line":17,"column":85}},"12":{"start":{"line":22,"column":0},"end":{"line":37,"column":2}},"13":{"start":{"line":23,"column":2},"end":{"line":23,"column":51}},"14":{"start":{"line":24,"column":2},"end":{"line":36,"column":3}},"15":{"start":{"line":25,"column":55},"end":{"line":25,"column":64}},"16":{"start":{"line":26,"column":20},"end":{"line":26,"column":62}},"17":{"start":{"line":27,"column":4},"end":{"line":27,"column":77}},"18":{"start":{"line":29,"column":19},"end":{"line":29,"column":56}},"19":{"start":{"line":31,"column":4},"end":{"line":31,"column":65}},"20":{"start":{"line":32,"column":4},"end":{"line":32,"column":33}},"21":{"start":{"line":34,"column":4},"end":{"line":34,"column":64}},"22":{"start":{"line":35,"column":4},"end":{"line":35,"column":86}},"23":{"start":{"line":40,"column":0},"end":{"line":62,"column":2}},"24":{"start":{"line":41,"column":2},"end":{"line":41,"column":53}},"25":{"start":{"line":42,"column":2},"end":{"line":61,"column":3}},"26":{"start":{"line":43,"column":55},"end":{"line":43,"column":63}},"27":{"start":{"line":44,"column":22},"end":{"line":50,"column":5}},"28":{"start":{"line":51,"column":4},"end":{"line":51,"column":87}},"29":{"start":{"line":53,"column":21},"end":{"line":53,"column":62}},"30":{"start":{"line":55,"column":4},"end":{"line":55,"column":63}},"31":{"start":{"line":56,"column":4},"end":{"line":56,"column":35}},"32":{"start":{"line":58,"column":4},"end":{"line":58,"column":66}},"33":{"start":{"line":60,"column":4},"end":{"line":60,"column":86}},"34":{"start":{"line":65,"column":0},"end":{"line":84,"column":2}},"35":{"start":{"line":66,"column":2},"end":{"line":66,"column":53}},"36":{"start":{"line":67,"column":2},"end":{"line":83,"column":3}},"37":{"start":{"line":68,"column":24},"end":{"line":68,"column":34}},"38":{"start":{"line":69,"column":20},"end":{"line":69,"column":28}},"39":{"start":{"line":70,"column":4},"end":{"line":70,"column":96}},"40":{"start":{"line":73,"column":4},"end":{"line":73,"column":49}},"41":{"start":{"line":74,"column":4},"end":{"line":74,"column":70}},"42":{"start":{"line":76,"column":25},"end":{"line":76,"column":73}},"43":{"start":{"line":78,"column":4},"end":{"line":78,"column":57}},"44":{"start":{"line":79,"column":4},"end":{"line":79,"column":39}},"45":{"start":{"line":81,"column":4},"end":{"line":81,"column":95}},"46":{"start":{"line":82,"column":4},"end":{"line":82,"column":86}},"47":{"start":{"line":87,"column":0},"end":{"line":101,"column":2}},"48":{"start":{"line":88,"column":2},"end":{"line":88,"column":53}},"49":{"start":{"line":89,"column":2},"end":{"line":100,"column":3}},"50":{"start":{"line":90,"column":24},"end":{"line":90,"column":34}},"51":{"start":{"line":91,"column":4},"end":{"line":91,"column":67}},"52":{"start":{"line":93,"column":4},"end":{"line":93,"column":44}},"53":{"start":{"line":95,"column":4},"end":{"line":95,"column":57}},"54":{"start":{"line":96,"column":4},"end":{"line":96,"column":68}},"55":{"start":{"line":98,"column":4},"end":{"line":98,"column":95}},"56":{"start":{"line":99,"column":4},"end":{"line":99,"column":86}},"57":{"start":{"line":104,"column":0},"end":{"line":118,"column":2}},"58":{"start":{"line":105,"column":2},"end":{"line":105,"column":68}},"59":{"start":{"line":106,"column":2},"end":{"line":117,"column":3}},"60":{"start":{"line":107,"column":24},"end":{"line":107,"column":34}},"61":{"start":{"line":108,"column":4},"end":{"line":108,"column":82}},"62":{"start":{"line":110,"column":4},"end":{"line":110,"column":59}},"63":{"start":{"line":112,"column":4},"end":{"line":112,"column":77}},"64":{"start":{"line":113,"column":4},"end":{"line":113,"column":85}},"65":{"start":{"line":115,"column":4},"end":{"line":115,"column":110}},"66":{"start":{"line":116,"column":4},"end":{"line":116,"column":109}},"67":{"start":{"line":121,"column":0},"end":{"line":135,"column":2}},"68":{"start":{"line":122,"column":2},"end":{"line":122,"column":58}},"69":{"start":{"line":123,"column":2},"end":{"line":134,"column":3}},"70":{"start":{"line":124,"column":24},"end":{"line":124,"column":34}},"71":{"start":{"line":125,"column":4},"end":{"line":125,"column":63}},"72":{"start":{"line":127,"column":26},"end":{"line":127,"column":70}},"73":{"start":{"line":129,"column":4},"end":{"line":129,"column":70}},"74":{"start":{"line":130,"column":4},"end":{"line":130,"column":40}},"75":{"start":{"line":132,"column":4},"end":{"line":132,"column":100}},"76":{"start":{"line":133,"column":4},"end":{"line":133,"column":94}}},"fnMap":{"0":{"name":"(anonymous_0)","decl":{"start":{"line":5,"column":23},"end":{"line":5,"column":24}},"loc":{"start":{"line":5,"column":43},"end":{"line":19,"column":1}},"line":5},"1":{"name":"(anonymous_1)","decl":{"start":{"line":22,"column":20},"end":{"line":22,"column":21}},"loc":{"start":{"line":22,"column":40},"end":{"line":37,"column":1}},"line":22},"2":{"name":"(anonymous_2)","decl":{"start":{"line":40,"column":22},"end":{"line":40,"column":23}},"loc":{"start":{"line":40,"column":42},"end":{"line":62,"column":1}},"line":40},"3":{"name":"(anonymous_3)","decl":{"start":{"line":65,"column":22},"end":{"line":65,"column":23}},"loc":{"start":{"line":65,"column":42},"end":{"line":84,"column":1}},"line":65},"4":{"name":"(anonymous_4)","decl":{"start":{"line":87,"column":22},"end":{"line":87,"column":23}},"loc":{"start":{"line":87,"column":42},"end":{"line":101,"column":1}},"line":87},"5":{"name":"(anonymous_5)","decl":{"start":{"line":104,"column":37},"end":{"line":104,"column":38}},"loc":{"start":{"line":104,"column":57},"end":{"line":118,"column":1}},"line":104},"6":{"name":"(anonymous_6)","decl":{"start":{"line":121,"column":27},"end":{"line":121,"column":28}},"loc":{"start":{"line":121,"column":47},"end":{"line":135,"column":1}},"line":121}},"branchMap":{"0":{"loc":{"start":{"line":49,"column":16},"end":{"line":49,"column":32}},"type":"binary-expr","locations":[{"start":{"line":49,"column":16},"end":{"line":49,"column":24}},{"start":{"line":49,"column":28},"end":{"line":49,"column":32}}],"line":49}},"s":{"0":6,"1":6,"2":6,"3":2,"4":2,"5":2,"6":2,"7":2,"8":1,"9":1,"10":1,"11":1,"12":6,"13":3,"14":3,"15":3,"16":3,"17":3,"18":3,"19":2,"20":2,"21":1,"22":1,"23":6,"24":2,"25":2,"26":2,"27":2,"28":2,"29":2,"30":1,"31":1,"32":1,"33":1,"34":6,"35":1,"36":1,"37":1,"38":1,"39":1,"40":1,"41":1,"42":1,"43":1,"44":1,"45":0,"46":0,"47":6,"48":2,"49":2,"50":2,"51":2,"52":2,"53":1,"54":1,"55":1,"56":1,"57":6,"58":1,"59":1,"60":1,"61":1,"62":1,"63":1,"64":1,"65":0,"66":0,"67":6,"68":1,"69":1,"70":1,"71":1,"72":1,"73":1,"74":1,"75":0,"76":0},"f":{"0":2,"1":3,"2":2,"3":1,"4":2,"5":1,"6":1},"b":{"0":[2,1]},"_coverageSchema":"1a1c01bbd47fc00a2c39e90264f33305004495a9","hash":"22d17f423345460da75a791354a228e55a8c208c"}
,"/home/jerome/git_projects/ITU/genie-ai/.claude/worktrees/testing-framework/components/document-repository/src/routes/fileRoutes.js": {"path":"/home/jerome/git_projects/ITU/genie-ai/.claude/worktrees/testing-framework/components/document-repository/src/routes/fileRoutes.js","statementMap":{"0":{"start":{"line":1,"column":16},"end":{"line":1,"column":34}},"1":{"start":{"line":2,"column":23},"end":{"line":2,"column":63}},"2":{"start":{"line":3,"column":56},"end":{"line":3,"column":92}},"3":{"start":{"line":4,"column":45},"end":{"line":4,"column":95}},"4":{"start":{"line":6,"column":15},"end":{"line":6,"column":31}},"5":{"start":{"line":9,"column":0},"end":{"line":9,"column":30}},"6":{"start":{"line":50,"column":0},"end":{"line":50,"column":105}},"7":{"start":{"line":93,"column":0},"end":{"line":93,"column":117}},"8":{"start":{"line":123,"column":0},"end":{"line":123,"column":81}},"9":{"start":{"line":174,"column":0},"end":{"line":174,"column":91}},"10":{"start":{"line":219,"column":0},"end":{"line":219,"column":41}},"11":{"start":{"line":261,"column":0},"end":{"line":261,"column":53}},"12":{"start":{"line":300,"column":0},"end":{"line":300,"column":56}},"13":{"start":{"line":325,"column":0},"end":{"line":325,"column":51}},"14":{"start":{"line":352,"column":0},"end":{"line":352,"column":87}},"15":{"start":{"line":377,"column":0},"end":{"line":377,"column":95}},"16":{"start":{"line":402,"column":0},"end":{"line":402,"column":88}},"17":{"start":{"line":429,"column":0},"end":{"line":429,"column":91}},"18":{"start":{"line":456,"column":0},"end":{"line":456,"column":92}},"19":{"start":{"line":481,"column":0},"end":{"line":481,"column":53}},"20":{"start":{"line":506,"column":0},"end":{"line":506,"column":69}},"21":{"start":{"line":531,"column":0},"end":{"line":531,"column":61}},"22":{"start":{"line":561,"column":0},"end":{"line":561,"column":64}},"23":{"start":{"line":586,"column":0},"end":{"line":586,"column":79}},"24":{"start":{"line":616,"column":0},"end":{"line":616,"column":81}},"25":{"start":{"line":653,"column":0},"end":{"line":653,"column":78}},"26":{"start":{"line":680,"column":0},"end":{"line":680,"column":84}},"27":{"start":{"line":707,"column":0},"end":{"line":707,"column":86}},"28":{"start":{"line":725,"column":0},"end":{"line":725,"column":85}},"29":{"start":{"line":743,"column":0},"end":{"line":743,"column":87}},"30":{"start":{"line":790,"column":0},"end":{"line":790,"column":116}},"31":{"start":{"line":813,"column":0},"end":{"line":813,"column":116}},"32":{"start":{"line":851,"column":0},"end":{"line":851,"column":111}},"33":{"start":{"line":853,"column":0},"end":{"line":853,"column":24}}},"fnMap":{},"branchMap":{},"s":{"0":6,"1":6,"2":6,"3":6,"4":6,"5":6,"6":6,"7":6,"8":6,"9":6,"10":6,"11":6,"12":6,"13":6,"14":6,"15":6,"16":6,"17":6,"18":6,"19":6,"20":6,"21":6,"22":6,"23":6,"24":6,"25":6,"26":6,"27":6,"28":6,"29":6,"30":6,"31":6,"32":6,"33":6},"f":{},"b":{},"_coverageSchema":"1a1c01bbd47fc00a2c39e90264f33305004495a9","hash":"78b38fd972af5c5c6eb5c213afa495213f715f82"}
,"/home/jerome/git_projects/ITU/genie-ai/.claude/worktrees/testing-framework/components/document-repository/src/routes/labelRoutes.js": {"path":"/home/jerome/git_projects/ITU/genie-ai/.claude/worktrees/testing-framework/components/document-repository/src/routes/labelRoutes.js","statementMap":{"0":{"start":{"line":1,"column":24},"end":{"line":1,"column":65}},"1":{"start":{"line":2,"column":16},"end":{"line":2,"column":34}},"2":{"start":{"line":3,"column":45},"end":{"line":3,"column":95}},"3":{"start":{"line":5,"column":15},"end":{"line":5,"column":31}},"4":{"start":{"line":8,"column":0},"end":{"line":8,"column":30}},"5":{"start":{"line":16,"column":0},"end":{"line":16,"column":80}},"6":{"start":{"line":25,"column":0},"end":{"line":25,"column":69}},"7":{"start":{"line":36,"column":0},"end":{"line":36,"column":72}},"8":{"start":{"line":45,"column":0},"end":{"line":45,"column":81}},"9":{"start":{"line":53,"column":0},"end":{"line":53,"column":82}},"10":{"start":{"line":61,"column":0},"end":{"line":61,"column":111}},"11":{"start":{"line":69,"column":0},"end":{"line":69,"column":92}},"12":{"start":{"line":71,"column":0},"end":{"line":71,"column":24}}},"fnMap":{},"branchMap":{},"s":{"0":6,"1":6,"2":6,"3":6,"4":6,"5":6,"6":6,"7":6,"8":6,"9":6,"10":6,"11":6,"12":6},"f":{},"b":{},"_coverageSchema":"1a1c01bbd47fc00a2c39e90264f33305004495a9","hash":"d1094907f6603fd68dff710d6eb1ab32ab1c9e29"}
,"/home/jerome/git_projects/ITU/genie-ai/.claude/worktrees/testing-framework/components/document-repository/src/services/fileService.js": {"path":"/home/jerome/git_projects/ITU/genie-ai/.claude/worktrees/testing-framework/components/document-repository/src/services/fileService.js","statementMap":{"0":{"start":{"line":1,"column":11},"end":{"line":1,"column":33}},"1":{"start":{"line":2,"column":13},"end":{"line":2,"column":28}},"2":{"start":{"line":3,"column":13},"end":{"line":3,"column":34}},"3":{"start":{"line":4,"column":19},"end":{"line":4,"column":46}},"4":{"start":{"line":5,"column":22},"end":{"line":5,"column":49}},"5":{"start":{"line":6,"column":18},"end":{"line":6,"column":47}},"6":{"start":{"line":7,"column":24},"end":{"line":7,"column":52}},"7":{"start":{"line":8,"column":16},"end":{"line":8,"column":43}},"8":{"start":{"line":9,"column":19},"end":{"line":9,"column":40}},"9":{"start":{"line":10,"column":12},"end":{"line":10,"column":32}},"10":{"start":{"line":11,"column":16},"end":{"line":11,"column":34}},"11":{"start":{"line":14,"column":24},"end":{"line":14,"column":52}},"12":{"start":{"line":17,"column":18},"end":{"line":17,"column":48}},"13":{"start":{"line":21,"column":4},"end":{"line":21,"column":95}},"14":{"start":{"line":22,"column":4},"end":{"line":22,"column":62}},"15":{"start":{"line":23,"column":4},"end":{"line":23,"column":64}},"16":{"start":{"line":30,"column":4},"end":{"line":30,"column":50}},"17":{"start":{"line":40,"column":4},"end":{"line":76,"column":5}},"18":{"start":{"line":41,"column":6},"end":{"line":48,"column":7}},"19":{"start":{"line":42,"column":21},"end":{"line":42,"column":38}},"20":{"start":{"line":43,"column":21},"end":{"line":43,"column":36}},"21":{"start":{"line":44,"column":8},"end":{"line":46,"column":10}},"22":{"start":{"line":47,"column":8},"end":{"line":47,"column":20}},"23":{"start":{"line":49,"column":6},"end":{"line":56,"column":7}},"24":{"start":{"line":50,"column":26},"end":{"line":50,"column":66}},"25":{"start":{"line":51,"column":21},"end":{"line":51,"column":32}},"26":{"start":{"line":52,"column":8},"end":{"line":54,"column":10}},"27":{"start":{"line":55,"column":8},"end":{"line":55,"column":20}},"28":{"start":{"line":57,"column":6},"end":{"line":73,"column":7}},"29":{"start":{"line":58,"column":19},"end":{"line":58,"column":43}},"30":{"start":{"line":60,"column":8},"end":{"line":71,"column":9}},"31":{"start":{"line":62,"column":10},"end":{"line":62,"column":70}},"32":{"start":{"line":63,"column":10},"end":{"line":63,"column":72}},"33":{"start":{"line":65,"column":10},"end":{"line":65,"column":47}},"34":{"start":{"line":67,"column":10},"end":{"line":67,"column":50}},"35":{"start":{"line":68,"column":10},"end":{"line":68,"column":101}},"36":{"start":{"line":70,"column":10},"end":{"line":70,"column":87}},"37":{"start":{"line":72,"column":8},"end":{"line":72,"column":20}},"38":{"start":{"line":75,"column":6},"end":{"line":75,"column":103}},"39":{"start":{"line":77,"column":4},"end":{"line":77,"column":14}},"40":{"start":{"line":86,"column":4},"end":{"line":90,"column":5}},"41":{"start":{"line":88,"column":6},"end":{"line":88,"column":116}},"42":{"start":{"line":89,"column":6},"end":{"line":89,"column":18}},"43":{"start":{"line":92,"column":4},"end":{"line":94,"column":6}},"44":{"start":{"line":96,"column":4},"end":{"line":111,"column":5}},"45":{"start":{"line":98,"column":23},"end":{"line":98,"column":49}},"46":{"start":{"line":100,"column":6},"end":{"line":103,"column":7}},"47":{"start":{"line":101,"column":8},"end":{"line":101,"column":74}},"48":{"start":{"line":102,"column":8},"end":{"line":102,"column":24}},"49":{"start":{"line":105,"column":6},"end":{"line":105,"column":88}},"50":{"start":{"line":106,"column":6},"end":{"line":106,"column":18}},"51":{"start":{"line":109,"column":6},"end":{"line":109,"column":118}},"52":{"start":{"line":110,"column":6},"end":{"line":110,"column":18}},"53":{"start":{"line":122,"column":4},"end":{"line":278,"column":5}},"54":{"start":{"line":123,"column":31},"end":{"line":123,"column":52}},"55":{"start":{"line":124,"column":23},"end":{"line":124,"column":73}},"56":{"start":{"line":125,"column":28},"end":{"line":125,"column":72}},"57":{"start":{"line":128,"column":31},"end":{"line":128,"column":97}},"58":{"start":{"line":131,"column":29},"end":{"line":137,"column":7}},"59":{"start":{"line":139,"column":25},"end":{"line":139,"column":29}},"60":{"start":{"line":140,"column":6},"end":{"line":182,"column":7}},"61":{"start":{"line":141,"column":8},"end":{"line":141,"column":88}},"62":{"start":{"line":145,"column":21},"end":{"line":145,"column":89}},"63":{"start":{"line":148,"column":8},"end":{"line":148,"column":50}},"64":{"start":{"line":151,"column":24},"end":{"line":151,"column":41}},"65":{"start":{"line":153,"column":8},"end":{"line":155,"column":10}},"66":{"start":{"line":159,"column":8},"end":{"line":164,"column":9}},"67":{"start":{"line":160,"column":28},"end":{"line":160,"column":53}},"68":{"start":{"line":161,"column":10},"end":{"line":163,"column":12}},"69":{"start":{"line":167,"column":8},"end":{"line":180,"column":9}},"70":{"start":{"line":168,"column":10},"end":{"line":175,"column":11}},"71":{"start":{"line":169,"column":12},"end":{"line":171,"column":14}},"72":{"start":{"line":177,"column":10},"end":{"line":179,"column":12}},"73":{"start":{"line":185,"column":21},"end":{"line":185,"column":53}},"74":{"start":{"line":186,"column":28},"end":{"line":186,"column":55}},"75":{"start":{"line":187,"column":6},"end":{"line":187,"column":58}},"76":{"start":{"line":188,"column":6},"end":{"line":188,"column":89}},"77":{"start":{"line":191,"column":28},"end":{"line":191,"column":68}},"78":{"start":{"line":192,"column":33},"end":{"line":192,"column":79}},"79":{"start":{"line":193,"column":6},"end":{"line":195,"column":7}},"80":{"start":{"line":194,"column":8},"end":{"line":194,"column":94}},"81":{"start":{"line":198,"column":26},"end":{"line":198,"column":54}},"82":{"start":{"line":199,"column":6},"end":{"line":201,"column":7}},"83":{"start":{"line":200,"column":8},"end":{"line":200,"column":90}},"84":{"start":{"line":204,"column":6},"end":{"line":204,"column":88}},"85":{"start":{"line":205,"column":6},"end":{"line":205,"column":60}},"86":{"start":{"line":208,"column":6},"end":{"line":216,"column":7}},"87":{"start":{"line":209,"column":8},"end":{"line":209,"column":61}},"88":{"start":{"line":210,"column":27},"end":{"line":210,"column":76}},"89":{"start":{"line":211,"column":8},"end":{"line":211,"column":120}},"90":{"start":{"line":213,"column":8},"end":{"line":215,"column":9}},"91":{"start":{"line":214,"column":10},"end":{"line":214,"column":72}},"92":{"start":{"line":219,"column":6},"end":{"line":219,"column":70}},"93":{"start":{"line":220,"column":6},"end":{"line":220,"column":52}},"94":{"start":{"line":223,"column":20},"end":{"line":223,"column":43}},"95":{"start":{"line":224,"column":26},"end":{"line":224,"column":41}},"96":{"start":{"line":225,"column":6},"end":{"line":225,"column":72}},"97":{"start":{"line":228,"column":25},"end":{"line":248,"column":7}},"98":{"start":{"line":250,"column":6},"end":{"line":256,"column":7}},"99":{"start":{"line":251,"column":8},"end":{"line":251,"column":64}},"100":{"start":{"line":253,"column":8},"end":{"line":253,"column":94}},"101":{"start":{"line":255,"column":8},"end":{"line":255,"column":34}},"102":{"start":{"line":258,"column":6},"end":{"line":258,"column":24}},"103":{"start":{"line":260,"column":6},"end":{"line":260,"column":51}},"104":{"start":{"line":263,"column":6},"end":{"line":275,"column":7}},"105":{"start":{"line":267,"column":22},"end":{"line":267,"column":26}},"106":{"start":{"line":268,"column":23},"end":{"line":268,"column":28}},"107":{"start":{"line":270,"column":8},"end":{"line":274,"column":9}},"108":{"start":{"line":271,"column":10},"end":{"line":271,"column":36}},"109":{"start":{"line":273,"column":10},"end":{"line":273,"c
[...]
,"/home/jerome/git_projects/ITU/genie-ai/.claude/worktrees/testing-framework/components/document-repository/src/utils/fileUtils.js": {"path":"/home/jerome/git_projects/ITU/genie-ai/.claude/worktrees/testing-framework/components/document-repository/src/utils/fileUtils.js","statementMap":{"0":{"start":{"line":5,"column":11},"end":{"line":5,"column":33}},"1":{"start":{"line":6,"column":13},"end":{"line":6,"column":28}},"2":{"start":{"line":7,"column":23},"end":{"line":7,"column":38}},"3":{"start":{"line":8,"column":21},"end":{"line":8,"column":38}},"4":{"start":{"line":9,"column":19},"end":{"line":9,"column":46}},"5":{"start":{"line":14,"column":29},"end":{"line":22,"column":1}},"6":{"start":{"line":15,"column":2},"end":{"line":15,"column":51}},"7":{"start":{"line":16,"column":20},"end":{"line":16,"column":30}},"8":{"start":{"line":17,"column":15},"end":{"line":17,"column":37}},"9":{"start":{"line":18,"column":17},"end":{"line":18,"column":39}},"10":{"start":{"line":20,"column":2},"end":{"line":20,"column":54}},"11":{"start":{"line":21,"column":2},"end":{"line":21,"column":16}},"12":{"start":{"line":27,"column":30},"end":{"line":47,"column":1}},"13":{"start":{"line":28,"column":2},"end":{"line":28,"column":70}},"14":{"start":{"line":29,"column":2},"end":{"line":46,"column":3}},"15":{"start":{"line":30,"column":4},"end":{"line":30,"column":29}},"16":{"start":{"line":31,"column":4},"end":{"line":31,"column":57}},"17":{"start":{"line":33,"column":4},"end":{"line":45,"column":5}},"18":{"start":{"line":34,"column":6},"end":{"line":34,"column":70}},"19":{"start":{"line":35,"column":6},"end":{"line":41,"column":7}},"20":{"start":{"line":36,"column":8},"end":{"line":36,"column":53}},"21":{"start":{"line":37,"column":8},"end":{"line":37,"column":66}},"22":{"start":{"line":39,"column":8},"end":{"line":39,"column":97}},"23":{"start":{"line":40,"column":8},"end":{"line":40,"column":25}},"24":{"start":{"line":43,"column":6},"end":{"line":43,"column":83}},"25":{"start":{"line":44,"column":6},"end":{"line":44,"column":18}},"26":{"start":{"line":52,"column":23},"end":{"line":67,"column":1}},"27":{"start":{"line":53,"column":2},"end":{"line":53,"column":89}},"28":{"start":{"line":54,"column":2},"end":{"line":66,"column":3}},"29":{"start":{"line":55,"column":4},"end":{"line":55,"column":43}},"30":{"start":{"line":56,"column":21},"end":{"line":56,"column":51}},"31":{"start":{"line":58,"column":4},"end":{"line":58,"column":48}},"32":{"start":{"line":59,"column":4},"end":{"line":59,"column":41}},"33":{"start":{"line":61,"column":4},"end":{"line":61,"column":58}},"34":{"start":{"line":62,"column":4},"end":{"line":62,"column":20}},"35":{"start":{"line":64,"column":4},"end":{"line":64,"column":93}},"36":{"start":{"line":65,"column":4},"end":{"line":65,"column":79}},"37":{"start":{"line":72,"column":19},"end":{"line":86,"column":1}},"38":{"start":{"line":73,"column":2},"end":{"line":73,"column":60}},"39":{"start":{"line":74,"column":2},"end":{"line":85,"column":3}},"40":{"start":{"line":75,"column":4},"end":{"line":75,"column":30}},"41":{"start":{"line":76,"column":4},"end":{"line":76,"column":58}},"42":{"start":{"line":77,"column":4},"end":{"line":77,"column":16}},"43":{"start":{"line":79,"column":4},"end":{"line":82,"column":5}},"44":{"start":{"line":80,"column":6},"end":{"line":80,"column":81}},"45":{"start":{"line":81,"column":6},"end":{"line":81,"column":83}},"46":{"start":{"line":83,"column":4},"end":{"line":83,"column":88}},"47":{"start":{"line":84,"column":4},"end":{"line":84,"column":17}},"48":{"start":{"line":91,"column":20},"end":{"line":101,"column":1}},"49":{"start":{"line":92,"column":2},"end":{"line":92,"column":61}},"50":{"start":{"line":93,"column":2},"end":{"line":100,"column":3}},"51":{"start":{"line":94,"column":18},"end":{"line":94,"column":41}},"52":{"start":{"line":95,"column":4},"end":{"line":95,"column":61}},"53":{"start":{"line":96,"column":4},"end":{"line":96,"column":22}},"54":{"start":{"line":98,"column":4},"end":{"line":98,"column":85}},"55":{"start":{"line":99,"column":4},"end":{"line":99,"column":83}},"56":{"start":{"line":106,"column":24},"end":{"line":125,"column":1}},"57":{"start":{"line":107,"column":2},"end":{"line":107,"column":65}},"58":{"start":{"line":108,"column":2},"end":{"line":124,"column":3}},"59":{"start":{"line":109,"column":18},"end":{"line":109,"column":41}},"60":{"start":{"line":111,"column":21},"end":{"line":118,"column":5}},"61":{"start":{"line":119,"column":4},"end":{"line":119,"column":78}},"62":{"start":{"line":120,"column":4},"end":{"line":120,"column":20}},"63":{"start":{"line":122,"column":4},"end":{"line":122,"column":89}},"64":{"start":{"line":123,"column":4},"end":{"line":123,"column":87}},"65":{"start":{"line":132,"column":2},"end":{"line":132,"column":64}},"66":{"start":{"line":133,"column":14},"end":{"line":133,"column":36}},"67":{"start":{"line":134,"column":15},"end":{"line":134,"column":38}},"68":{"start":{"line":135,"column":19},"end":{"line":135,"column":54}},"69":{"start":{"line":136,"column":2},"end":{"line":136,"column":62}},"70":{"start":{"line":137,"column":2},"end":{"line":137,"column":18}},"71":{"start":{"line":141,"column":20},"end":{"line":160,"column":1}},"72":{"start":{"line":142,"column":2},"end":{"line":142,"column":56}},"73":{"start":{"line":143,"column":2},"end":{"line":159,"column":5}},"74":{"start":{"line":144,"column":17},"end":{"line":144,"column":50}},"75":{"start":{"line":145,"column":19},"end":{"line":145,"column":59}},"76":{"start":{"line":147,"column":4},"end":{"line":147,"column":51}},"77":{"start":{"line":147,"column":32},"end":{"line":147,"column":49}},"78":{"start":{"line":149,"column":4},"end":{"line":153,"column":7}},"79":{"start":{"line":150,"column":23},"end":{"line":150,"column":41}},"80":{"start":{"line":151,"column":6},"end":{"line":151,"column":73}},"81":{"start":{"line":152,"column":6},"end":{"line":152,"column":24}},"82":{"start":{"line":155,"column":4},"end":{"line":158,"column":7}},"83":{"start":{"line":156,"column":6},"end":{"line":156,"column":89}},"84":{"start":{"line":157,"column":6},"end":{"line":157,"column":20}},"85":{"start":{"line":162,"column":0},"end":{"line":171,"column":2}}},"fnMap":{"0":{"name":"(anonymous_0)","decl":{"start":{"line":14,"column":29},"end":{"line":14,"column":30}},"loc":{"start":{"line":14,"column":35},"end":{"line":22,"column":1}},"line":14},"1":{"name":"(anonymous_1)","decl":{"start":{"line":27,"column":30},"end":{"line":27,"column":31}},"loc":{"start":{"line":27,"column":49},"end":{"line":47,"column":1}},"line":27},"2":{"name":"(anonymous_2)","decl":{"start":{"line":52,"column":23},"end":{"line":52,"column":24}},"loc":{"start":{"line":52,"column":62},"end":{"line":67,"column":1}},"line":52},"3":{"name":"(anonymous_3)","decl":{"start":{"line":72,"column":19},"end":{"line":72,"column":20}},"loc":{"start":{"line":72,"column":39},"end":{"line":86,"column":1}},"line":72},"4":{"name":"(anonymous_4)","decl":{"start":{"line":91,"column":20},"end":{"line":91,"column":21}},"loc":{"start":{"line":91,"column":40},"end":{"line":101,"column":1}},"line":91},"5":{"name":"(anonymous_5)","decl":{"start":{"line":106,"column":24},"end":{"line":106,"column":25}},"loc":{"start":{"line":106,"column":72},"end":{"line":125,"column":1}},"line":106},"6":{"name":"getMetadataFilePath","decl":{"start":{"line":131,"column":9},"end":{"line":131,"column":28}},"loc":{"start":{"line":131,"column":39},"end":{"line":138,"column":1}},"line":131},"7":{"name":"(anonymous_7)","decl":{"start":{"line":141,"column":20},"end":{"line":141,"column":21}},"loc":{"start":{"line":141,"column":40},"end":{"line":160,"column":1}},"line":141},"8":{"name":"(anonymous_8)","decl":{"start":{"line":143,"column":21},"end":{"line":143,"column":22}},"loc":{"start":{"line":143,"column":42},"end":{"line":159,"column":3}},"line":143},"9":{"name":"(anonymous_9)","decl":{"start":{"line":147,"column":22},"end":{"line":147,"column":23}},"loc":{"start":{"line":147,"column":32},"end":{"line":147,"column":49}},"line":147},"10":{"name":"(anonymous_10)","decl":{"start":{"line":149,"column":21},"end":{"line":149,"column":22}},"loc":{"start":{"line":149,"column":27},"end":{"line":153,"column":5}},"line":149},"11":{"name":"(anonymous_11)","decl":{"start":{"line":155,"column":23},"end":{"line":155,"column":24}},"loc":{"start":{"line":155,"column":34},"end":{"line":158,"column":5}},"line":155}},"branchMap":{"0":{"loc":{"start":{"line":33,"column":4},"end":{"line":45,"column":5}},"type":"if","locations":[{"start":{"line":33,"column":4},"end":{"line":45,"column":5}},{"start":{"line":42,"column":11},"end":{"line":45,"column":5}}],"line":33},"1":{"loc":{"start":{"line":79,"column":4},"end":{"line":82,"column":5}},"type":"if","locations":[{"start":{"line":79,"column":4},"end":{"line":82,"column":5}},{"start":{},"end":{}}],"line":79}},"s":{"0":1,"1":1,"2":1,"3":1,"4":1,"5":1,"6":102,"7":102,"8":102,"9":102,"10":102,"11":102,"12":1,"13":0,"14":0,"15":0,"16":0,"17":0,"18":0,"19":0,"20":0,"21":0,"22":0,"23":0,"24":0,"25":0,"26":1,"27":0,"28":0,"29":0,"30":0,"31":0,"32":0,"33":0,"34":0,"35":0,"36":0,"37":1,"38":0,"39":0,"40":0,"41":0,"42":0,"43":0,"44":0,"45":0,"46":0,"47":0,"48":1,"49":0,"50":0,"51":0,"52":0,"53":0,"54":0,"55":0,"56":1,"57":0,"58":0,"59":0,"60":0,"61":0,"62":0,"63":0,"64":0,"65":2,"66":2,"67":2,"68":2,"69":2,"70":2,"71":1,"72":0,"73":0,"74":0,"75":0,"76":0,"77":0,"78":0,"79":0,"80":0,"81":0,"82":0,"83":0,"84":0,"85":1},"f":{"0":102,"1":0,"2":0,"3":0,"4":0,"5":0,"6":2,"7":0,"8":0,"9":0,"10":0,"11":0},"b":{"0":[0,0],"1":[0,0]},"_coverageSchema":"1a1c01bbd47fc00a2c39e90264f33305004495a9","hash":"51920c14587accc85b2347c3f5587d47a16123da"}
,"/home/jerome/git_projects/ITU/genie-ai/.claude/worktrees/testing-framework/components/document-repository/src/utils/mimeTypeValidator.js": {"path":"/home/jerome/git_projects/ITU/genie-ai/.claude/worktrees/testing-framework/components/document-repository/src/utils/mimeTypeValidator.js","statementMap":{"0":{"start":{"line":5,"column":13},"end":{"line":5,"column":34}},"1":{"start":{"line":6,"column":31},"end":{"line":6,"column":51}},"2":{"start":{"line":7,"column":15},"end":{"line":7,"column":45}},"3":{"start":{"line":8,"column":19},"end":{"line":8,"column":46}},"4":{"start":{"line":13,"column":25},"end":{"line":63,"column":1}},"5":{"start":{"line":14,"column":2},"end":{"line":14,"column":75}},"6":{"start":{"line":15,"column":2},"end":{"line":62,"column":3}},"7":{"start":{"line":17,"column":4},"end":{"line":17,"column":75}},"8":{"start":{"line":18,"column":22},"end":{"line":18,"column":57}},"9":{"start":{"line":19,"column":4},"end":{"line":25,"column":5}},"10":{"start":{"line":20,"column":6},"end":{"line":20,"column":109}},"11":{"start":{"line":21,"column":6},"end":{"line":24,"column":8}},"12":{"start":{"line":26,"column":4},"end":{"line":26,"column":60}},"13":{"start":{"line":29,"column":4},"end":{"line":29,"column":74}},"14":{"start":{"line":30,"column":4},"end":{"line":36,"column":5}},"15":{"start":{"line":33,"column":6},"end":{"line":33,"column":113}},"16":{"start":{"line":35,"column":6},"end":{"line":35,"column":68}},"17":{"start":{"line":39,"column":4},"end":{"line":39,"column":64}},"18":{"start":{"line":40,"column":25},"end":{"line":40,"column":62}},"19":{"start":{"line":41,"column":4},"end":{"line":41,"column":95}},"20":{"start":{"line":43,"column":4},"end":{"line":51,"column":5}},"21":{"start":{"line":44,"column":6},"end":{"line":46,"column":8}},"22":{"start":{"line":47,"column":6},"end":{"line":50,"column":8}},"23":{"start":{"line":52,"column":4},"end":{"line":52,"column":58}},"24":{"start":{"line":54,"column":4},"end":{"line":54,"column":72}},"25":{"start":{"line":55,"column":4},"end":{"line":55,"column":29}},"26":{"start":{"line":57,"column":4},"end":{"line":57,"column":100}},"27":{"start":{"line":58,"column":4},"end":{"line":61,"column":6}},"28":{"start":{"line":68,"column":25},"end":{"line":73,"column":1}},"29":{"start":{"line":69,"column":2},"end":{"line":69,"column":61}},"30":{"start":{"line":70,"column":20},"end":{"line":70,"column":79}},"31":{"start":{"line":71,"column":2},"end":{"line":71,"column":52}},"32":{"start":{"line":72,"column":2},"end":{"line":72,"column":19}},"33":{"start":{"line":78,"column":20},"end":{"line":83,"column":1}},"34":{"start":{"line":79,"column":2},"end":{"line":79,"column":56}},"35":{"start":{"line":80,"column":19},"end":{"line":80,"column":70}},"36":{"start":{"line":81,"column":2},"end":{"line":81,"column":50}},"37":{"start":{"line":82,"column":2},"end":{"line":82,"column":18}},"38":{"start":{"line":88,"column":24},"end":{"line":101,"column":1}},"39":{"start":{"line":89,"column":2},"end":{"line":89,"column":70}},"40":{"start":{"line":91,"column":2},"end":{"line":97,"column":26}},"41":{"start":{"line":91,"column":32},"end":{"line":91,"column":49}},"42":{"start":{"line":92,"column":7},"end":{"line":97,"column":26}},"43":{"start":{"line":92,"column":71},"end":{"line":92,"column":93}},"44":{"start":{"line":93,"column":7},"end":{"line":97,"column":26}},"45":{"start":{"line":93,"column":69},"end":{"line":93,"column":94}},"46":{"start":{"line":94,"column":7},"end":{"line":97,"column":26}},"47":{"start":{"line":94,"column":42},"end":{"line":94,"column":64}},"48":{"start":{"line":95,"column":7},"end":{"line":97,"column":26}},"49":{"start":{"line":95,"column":38},"end":{"line":95,"column":56}},"50":{"start":{"line":96,"column":7},"end":{"line":97,"column":26}},"51":{"start":{"line":96,"column":38},"end":{"line":96,"column":56}},"52":{"start":{"line":97,"column":7},"end":{"line":97,"column":26}},"53":{"start":{"line":99,"column":2},"end":{"line":99,"column":50}},"54":{"start":{"line":100,"column":2},"end":{"line":100,"column":18}},"55":{"start":{"line":106,"column":26},"end":{"line":119,"column":1}},"56":{"start":{"line":107,"column":2},"end":{"line":107,"column":72}},"57":{"start":{"line":108,"column":31},"end":{"line":115,"column":3}},"58":{"start":{"line":116,"column":24},"end":{"line":116,"column":63}},"59":{"start":{"line":117,"column":2},"end":{"line":117,"column":56}},"60":{"start":{"line":118,"column":2},"end":{"line":118,"column":23}},"61":{"start":{"line":121,"column":0},"end":{"line":127,"column":2}}},"fnMap":{"0":{"name":"(anonymous_0)","decl":{"start":{"line":13,"column":25},"end":{"line":13,"column":26}},"loc":{"start":{"line":13,"column":41},"end":{"line":63,"column":1}},"line":13},"1":{"name":"(anonymous_1)","decl":{"start":{"line":68,"column":25},"end":{"line":68,"column":26}},"loc":{"start":{"line":68,"column":39},"end":{"line":73,"column":1}},"line":68},"2":{"name":"(anonymous_2)","decl":{"start":{"line":78,"column":20},"end":{"line":78,"column":21}},"loc":{"start":{"line":78,"column":34},"end":{"line":83,"column":1}},"line":78},"3":{"name":"(anonymous_3)","decl":{"start":{"line":88,"column":24},"end":{"line":88,"column":25}},"loc":{"start":{"line":88,"column":38},"end":{"line":101,"column":1}},"line":88},"4":{"name":"(anonymous_4)","decl":{"start":{"line":106,"column":26},"end":{"line":106,"column":27}},"loc":{"start":{"line":106,"column":40},"end":{"line":119,"column":1}},"line":106}},"branchMap":{"0":{"loc":{"start":{"line":19,"column":4},"end":{"line":25,"column":5}},"type":"if","locations":[{"start":{"line":19,"column":4},"end":{"line":25,"column":5}},{"start":{},"end":{}}],"line":19},"1":{"loc":{"start":{"line":30,"column":4},"end":{"line":36,"column":5}},"type":"if","locations":[{"start":{"line":30,"column":4},"end":{"line":36,"column":5}},{"start":{"line":34,"column":11},"end":{"line":36,"column":5}}],"line":30},"2":{"loc":{"start":{"line":41,"column":47},"end":{"line":41,"column":91}},"type":"cond-expr","locations":[{"start":{"line":41,"column":62},"end":{"line":41,"column":79}},{"start":{"line":41,"column":82},"end":{"line":41,"column":91}}],"line":41},"3":{"loc":{"start":{"line":43,"column":4},"end":{"line":51,"column":5}},"type":"if","locations":[{"start":{"line":43,"column":4},"end":{"line":51,"column":5}},{"start":{},"end":{}}],"line":43},"4":{"loc":{"start":{"line":43,"column":8},"end":{"line":43,"column":83}},"type":"binary-expr","locations":[{"start":{"line":43,"column":8},"end":{"line":43,"column":20}},{"start":{"line":43,"column":24},"end":{"line":43,"column":83}}],"line":43},"5":{"loc":{"start":{"line":80,"column":19},"end":{"line":80,"column":70}},"type":"binary-expr","locations":[{"start":{"line":80,"column":19},"end":{"line":80,"column":40}},{"start":{"line":80,"column":44},"end":{"line":80,"column":70}}],"line":80},"6":{"loc":{"start":{"line":91,"column":2},"end":{"line":97,"column":26}},"type":"if","locations":[{"start":{"line":91,"column":2},"end":{"line":97,"column":26}},{"start":{"line":92,"column":7},"end":{"line":97,"column":26}}],"line":91},"7":{"loc":{"start":{"line":92,"column":7},"end":{"line":97,"column":26}},"type":"if","locations":[{"start":{"line":92,"column":7},"end":{"line":97,"column":26}},{"start":{"line":93,"column":7},"end":{"line":97,"column":26}}],"line":92},"8":{"loc":{"start":{"line":92,"column":11},"end":{"line":92,"column":69}},"type":"binary-expr","locations":[{"start":{"line":92,"column":11},"end":{"line":92,"column":36}},{"start":{"line":92,"column":40},"end":{"line":92,"column":69}}],"line":92},"9":{"loc":{"start":{"line":93,"column":7},"end":{"line":97,"column":26}},"type":"if","locations":[{"start":{"line":93,"column":7},"end":{"line":97,"column":26}},{"start":{"line":94,"column":7},"end":{"line":97,"column":26}}],"line":93},"10":{"loc":{"start":{"line":93,"column":11},"end":{"line":93,"column":67}},"type":"binary-expr","locations":[{"start":{"line":93,"column":11},"end":{"line":93,"column":37}},{"start":{"line":93,"column":41},"end":{"line":93,"column":67}}],"line":93},"11":{"loc":{"start":{"line":94,"column":7},"end":{"line":97,"column":26}},"type":"if","locations":[{"start":{"line":94,"column":7},"end":{"line":97,"column":26}},{"start":{"line":95,"column":7},"end":{"line":97,"column":26}}],"line":94},"12":{"loc":{"start":{"line":95,"column":7},"end":{"line":97,"column":26}},"type":"if","locations":[{"start":{"line":95,"column":7},"end":{"line":97,"column":26}},{"start":{"line":96,"column":7},"end":{"line":97,"column":26}}],"line":95},"13":{"loc":{"start":{"line":96,"column":7},"end":{"line":97,"column":26}},"type":"if","locations":[{"start":{"line":96,"column":7},"end":{"line":97,"column":26}},{"start":{"line":97,"column":7},"end":{"line":97,"column":26}}],"line":96}},"s":{"0":2,"1":2,"2":2,"3":2,"4":2,"5":7,"6":7,"7":7,"8":7,"9":7,"10":1,"11":1,"12":6,"13":6,"14":6,"15":0,"16":6,"17":6,"18":6,"19":5,"20":5,"21":1,"22":1,"23":4,"24":4,"25":4,"26":1,"27":1,"28":2,"29":12,"30":12,"31":12,"32":12,"33":2,"34":4,"35":4,"36":4,"37":4,"38":2,"39":7,"40":7,"41":1,"42":6,"43":2,"44":4,"45":0,"46":4,"47":1,"48":3,"49":1,"50":2,"51":1,"52":1,"53":7,"54":7,"55":2,"56":7,"57":7,"58":7,"59":7,"60":7,"61":2},"f":{"0":7,"1":12,"2":4,"3":7,"4":7},"b":{"0":[1,6],"1":[0,6],"2":[2,3],"3":[1,4],"4":[5,2],"5":[4,1],"6":[1,6],"7":[2,4],"8":[6,5],"9":[0,4],"10":[4,4],"11":[1,3],"12":[1,2],"13":[1,1]},"_coverageSchema":"1a1c01bbd47fc00a2c39e90264f33305004495a9","hash":"67fde8013834e69dccfc2da60afadf3488c06c6e"}
}
